#
# There is insufficient memory for the Java Runtime Environment to continue.
# Native memory allocation (malloc) failed to allocate 302896 bytes for Chunk::new
# Possible reasons:
#   The system is out of physical RAM or swap space
#   The process is running with CompressedOops enabled, and the Java Heap may be blocking the growth of the native heap
# Possible solutions:
#   Reduce memory load on the system
#   Increase physical memory or swap space
#   Check if swap backing store is full
#   Decrease Java heap size (-Xmx/-Xms)
#   Decrease number of Java threads
#   Decrease Java thread stack sizes (-Xss)
#   Set larger code cache with -XX:ReservedCodeCacheSize=
#   JVM is running with Unscaled Compressed Oops mode in which the Java heap is
#     placed in the first 4GB address space. The Java Heap base address is the
#     maximum limit for the native heap growth. Please use -XX:HeapBaseMinAddress
#     to set the Java Heap base and to place the Java Heap above 4GB virtual address.
# This output file may be truncated or incomplete.
#
#  Out of Memory Error (arena.cpp:184), pid=28028, tid=20824
#
# JRE version: Java(TM) SE Runtime Environment (20.0.1+9) (build 20.0.1+9-29)
# Java VM: Java HotSpot(TM) 64-Bit Server VM (20.0.1+9-29, mixed mode, sharing, tiered, compressed oops, compressed class ptrs, g1 gc, windows-amd64)
# No core dump will be written. Minidumps are not enabled by default on client versions of Windows
#

---------------  S U M M A R Y ------------

Command Line: -Xmx64m -Xms64m -Dorg.gradle.appname=gradlew org.gradle.wrapper.GradleWrapperMain app:installDebug -PreactNativeDevServerPort=8081

Host: Intel(R) Core(TM) i5-10300H CPU @ 2.50GHz, 8 cores, 7G,  Windows 11 , 64 bit Build 22000 (10.0.22000.1761)
Time: Sat May 27 18:27:40 2023 Canada Central Standard Time elapsed time: 16.495564 seconds (0d 0h 0m 16s)

---------------  T H R E A D  ---------------

Current thread (0x0000021ceb5fb4e0):  JavaThread "C2 CompilerThread0" daemon [_thread_in_native, id=20824, stack(0x0000006133200000,0x0000006133300000)]


Current CompileTask:
C2:  16495 1325       4       jdk.internal.org.objectweb.asm.SymbolTable::addConstantUtf8 (98 bytes)

Stack: [0x0000006133200000,0x0000006133300000]
Native frames: (J=compiled Java code, j=interpreted, Vv=VM code, C=native code)
V  [jvm.dll+0x6bb95a]
V  [jvm.dll+0x8485fa]
V  [jvm.dll+0x84a1f5]
V  [jvm.dll+0x84a8f3]
V  [jvm.dll+0x280b0f]
V  [jvm.dll+0xc2b11]
V  [jvm.dll+0xc2e35]
V  [jvm.dll+0x3bb142]
V  [jvm.dll+0x3857f5]
V  [jvm.dll+0x384c6a]
V  [jvm.dll+0x24b259]
V  [jvm.dll+0x24a651]
V  [jvm.dll+0x1ce491]
V  [jvm.dll+0x259e1b]
V  [jvm.dll+0x2584f0]
V  [jvm.dll+0x3f2895]
V  [jvm.dll+0x7f4b56]
V  [jvm.dll+0x6ba5cb]
C  [ucrtbase.dll+0x26c0c]
C  [KERNEL32.DLL+0x15590]
C  [ntdll.dll+0x485b]


---------------  P R O C E S S  ---------------

Threads class SMR info:
_java_thread_list=0x0000021cf0300010, length=14, elements={
0x0000021cd1741fa0, 0x0000021ceb5f2400, 0x0000021cd180ea80, 0x0000021ceb5f8cb0,
0x0000021ceb5f95f0, 0x0000021ceb5f9f30, 0x0000021ceb5fa870, 0x0000021ceb5fb4e0,
0x0000021ceb5fcae0, 0x0000021cef86c090, 0x0000021cef879220, 0x0000021cf00ea7d0,
0x0000021cf02dcf40, 0x0000021cefb853f0
}

Java Threads: ( => current thread )
  0x0000021cd1741fa0 JavaThread "main" [_thread_in_native, id=31388, stack(0x0000006132500000,0x0000006132600000)]
  0x0000021ceb5f2400 JavaThread "Reference Handler" daemon [_thread_blocked, id=40772, stack(0x0000006132c00000,0x0000006132d00000)]
  0x0000021cd180ea80 JavaThread "Finalizer" daemon [_thread_blocked, id=9988, stack(0x0000006132d00000,0x0000006132e00000)]
  0x0000021ceb5f8cb0 JavaThread "Signal Dispatcher" daemon [_thread_blocked, id=3256, stack(0x0000006132e00000,0x0000006132f00000)]
  0x0000021ceb5f95f0 JavaThread "Attach Listener" daemon [_thread_blocked, id=27204, stack(0x0000006132f00000,0x0000006133000000)]
  0x0000021ceb5f9f30 JavaThread "Service Thread" daemon [_thread_blocked, id=38440, stack(0x0000006133000000,0x0000006133100000)]
  0x0000021ceb5fa870 JavaThread "Monitor Deflation Thread" daemon [_thread_blocked, id=40672, stack(0x0000006133100000,0x0000006133200000)]
=>0x0000021ceb5fb4e0 JavaThread "C2 CompilerThread0" daemon [_thread_in_native, id=20824, stack(0x0000006133200000,0x0000006133300000)]
  0x0000021ceb5fcae0 JavaThread "C1 CompilerThread0" daemon [_thread_blocked, id=41048, stack(0x0000006133300000,0x0000006133400000)]
  0x0000021cef86c090 JavaThread "Notification Thread" daemon [_thread_blocked, id=21632, stack(0x0000006133400000,0x0000006133500000)]
  0x0000021cef879220 JavaThread "Common-Cleaner" daemon [_thread_blocked, id=24368, stack(0x0000006133600000,0x0000006133700000)]
  0x0000021cf00ea7d0 JavaThread "pool-1-thread-1" [_thread_blocked, id=38820, stack(0x0000006133c00000,0x0000006133d00000)]
  0x0000021cf02dcf40 JavaThread "DisconnectableInputStream source reader" daemon [_thread_in_native, id=43140, stack(0x0000006133e00000,0x0000006133f00000)]
  0x0000021cefb853f0 JavaThread "Forward input" [_thread_blocked, id=43144, stack(0x0000006133f00000,0x0000006134000000)]

Other Threads:
  0x0000021cd17ef8d0 VMThread "VM Thread" [stack: 0x0000006132b00000,0x0000006132c00000] [id=40932]
  0x0000021cef870d90 WatcherThread "VM Periodic Task Thread" [stack: 0x0000006133500000,0x0000006133600000] [id=15480]
  0x0000021cd17669b0 WorkerThread "GC Thread#0" [stack: 0x0000006132600000,0x0000006132700000] [id=40752]
  0x0000021cf00f9ae0 WorkerThread "GC Thread#1" [stack: 0x0000006133700000,0x0000006133800000] [id=42872]
  0x0000021cf00e4e60 WorkerThread "GC Thread#2" [stack: 0x0000006133800000,0x0000006133900000] [id=42352]
  0x0000021cf00e5130 WorkerThread "GC Thread#3" [stack: 0x0000006133900000,0x0000006133a00000] [id=42756]
  0x0000021cf00e5720 WorkerThread "GC Thread#4" [stack: 0x0000006133a00000,0x0000006133b00000] [id=9776]
  0x0000021cf00e5cc0 WorkerThread "GC Thread#5" [stack: 0x0000006133b00000,0x0000006133c00000] [id=42740]
  0x0000021cd17680c0 ConcurrentGCThread "G1 Main Marker" [stack: 0x0000006132700000,0x0000006132800000] [id=9320]
  0x0000021cd1768af0 WorkerThread "G1 Conc#0" [stack: 0x0000006132800000,0x0000006132900000] [id=30380]
  0x0000021cd17ccca0 ConcurrentGCThread "G1 Refine#0" [stack: 0x0000006132900000,0x0000006132a00000] [id=23928]
  0x0000021cd17ce790 ConcurrentGCThread "G1 Service" [stack: 0x0000006132a00000,0x0000006132b00000] [id=12644]

Threads with active compile tasks:
C2 CompilerThread0    16597 1325       4       jdk.internal.org.objectweb.asm.SymbolTable::addConstantUtf8 (98 bytes)

VM state: not at safepoint (normal execution)

VM Mutex/Monitor currently owned by a thread: None

Heap address: 0x00000000fc000000, size: 64 MB, Compressed Oops mode: 32-bit

CDS archive(s) mapped at: [0x0000000800000000-0x0000000800c60000-0x0000000800c60000), size 12976128, SharedBaseAddress: 0x0000000800000000, ArchiveRelocationMode: 0.
Compressed class space mapped at: 0x0000000801000000-0x0000000841000000, reserved size: 1073741824
Narrow klass base: 0x0000000800000000, Narrow klass shift: 0, Narrow klass range: 0x100000000

GC Precious Log:
 CardTable entry size: 512
 Card Set container configuration: InlinePtr #cards 5 size 8 Array Of Cards #cards 12 size 40 Howl #buckets 4 coarsen threshold 1843 Howl Bitmap #cards 512 size 80 coarsen threshold 460 Card regions per heap region 1 cards per card region 2048
 CPUs: 8 total, 8 available
 Memory: 7953M
 Large Page Support: Disabled
 NUMA Support: Disabled
 Compressed Oops: Enabled (32-bit)
 Heap Region Size: 1M
 Heap Min Capacity: 64M
 Heap Initial Capacity: 64M
 Heap Max Capacity: 64M
 Pre-touch: Disabled
 Parallel Workers: 8
 Concurrent Workers: 2
 Concurrent Refinement Workers: 8
 Periodic GC: Disabled

Heap:
 garbage-first heap   total 65536K, used 20608K [0x00000000fc000000, 0x0000000100000000)
  region size 1024K, 15 young (15360K), 3 survivors (3072K)
 Metaspace       used 8278K, committed 8576K, reserved 1114112K
  class space    used 1128K, committed 1280K, reserved 1048576K

Heap Regions: E=young(eden), S=young(survivor), O=old, HS=humongous(starts), HC=humongous(continues), CS=collection set, F=free, OA=open archive, CA=closed archive, TAMS=top-at-mark-start, PB=parsable bottom
|   0|0x00000000fc000000, 0x00000000fc000000, 0x00000000fc100000|  0%| F|  |TAMS 0x00000000fc000000| PB 0x00000000fc000000| Untracked 
|   1|0x00000000fc100000, 0x00000000fc100000, 0x00000000fc200000|  0%| F|  |TAMS 0x00000000fc100000| PB 0x00000000fc100000| Untracked 
|   2|0x00000000fc200000, 0x00000000fc200000, 0x00000000fc300000|  0%| F|  |TAMS 0x00000000fc200000| PB 0x00000000fc200000| Untracked 
|   3|0x00000000fc300000, 0x00000000fc400000, 0x00000000fc400000|100%|HS|  |TAMS 0x00000000fc300000| PB 0x00000000fc300000| Complete 
|   4|0x00000000fc400000, 0x00000000fc500000, 0x00000000fc500000|100%|HC|  |TAMS 0x00000000fc400000| PB 0x00000000fc400000| Complete 
|   5|0x00000000fc500000, 0x00000000fc600000, 0x00000000fc600000|100%|HC|  |TAMS 0x00000000fc500000| PB 0x00000000fc500000| Complete 
|   6|0x00000000fc600000, 0x00000000fc700000, 0x00000000fc700000|100%| O|  |TAMS 0x00000000fc600000| PB 0x00000000fc600000| Untracked 
|   7|0x00000000fc700000, 0x00000000fc800000, 0x00000000fc800000|100%| O|  |TAMS 0x00000000fc700000| PB 0x00000000fc700000| Untracked 
|   8|0x00000000fc800000, 0x00000000fc900000, 0x00000000fc900000|100%| O|  |TAMS 0x00000000fc800000| PB 0x00000000fc800000| Untracked 
|   9|0x00000000fc900000, 0x00000000fc920000, 0x00000000fca00000| 12%| O|  |TAMS 0x00000000fc900000| PB 0x00000000fc900000| Untracked 
|  10|0x00000000fca00000, 0x00000000fca00000, 0x00000000fcb00000|  0%| F|  |TAMS 0x00000000fca00000| PB 0x00000000fca00000| Untracked 
|  11|0x00000000fcb00000, 0x00000000fcb00000, 0x00000000fcc00000|  0%| F|  |TAMS 0x00000000fcb00000| PB 0x00000000fcb00000| Untracked 
|  12|0x00000000fcc00000, 0x00000000fcc00000, 0x00000000fcd00000|  0%| F|  |TAMS 0x00000000fcc00000| PB 0x00000000fcc00000| Untracked 
|  13|0x00000000fcd00000, 0x00000000fcd00000, 0x00000000fce00000|  0%| F|  |TAMS 0x00000000fcd00000| PB 0x00000000fcd00000| Untracked 
|  14|0x00000000fce00000, 0x00000000fce00000, 0x00000000fcf00000|  0%| F|  |TAMS 0x00000000fce00000| PB 0x00000000fce00000| Untracked 
|  15|0x00000000fcf00000, 0x00000000fcf00000, 0x00000000fd000000|  0%| F|  |TAMS 0x00000000fcf00000| PB 0x00000000fcf00000| Untracked 
|  16|0x00000000fd000000, 0x00000000fd000000, 0x00000000fd100000|  0%| F|  |TAMS 0x00000000fd000000| PB 0x00000000fd000000| Untracked 
|  17|0x00000000fd100000, 0x00000000fd100000, 0x00000000fd200000|  0%| F|  |TAMS 0x00000000fd100000| PB 0x00000000fd100000| Untracked 
|  18|0x00000000fd200000, 0x00000000fd200000, 0x00000000fd300000|  0%| F|  |TAMS 0x00000000fd200000| PB 0x00000000fd200000| Untracked 
|  19|0x00000000fd300000, 0x00000000fd300000, 0x00000000fd400000|  0%| F|  |TAMS 0x00000000fd300000| PB 0x00000000fd300000| Untracked 
|  20|0x00000000fd400000, 0x00000000fd400000, 0x00000000fd500000|  0%| F|  |TAMS 0x00000000fd400000| PB 0x00000000fd400000| Untracked 
|  21|0x00000000fd500000, 0x00000000fd500000, 0x00000000fd600000|  0%| F|  |TAMS 0x00000000fd500000| PB 0x00000000fd500000| Untracked 
|  22|0x00000000fd600000, 0x00000000fd600000, 0x00000000fd700000|  0%| F|  |TAMS 0x00000000fd600000| PB 0x00000000fd600000| Untracked 
|  23|0x00000000fd700000, 0x00000000fd700000, 0x00000000fd800000|  0%| F|  |TAMS 0x00000000fd700000| PB 0x00000000fd700000| Untracked 
|  24|0x00000000fd800000, 0x00000000fd800000, 0x00000000fd900000|  0%| F|  |TAMS 0x00000000fd800000| PB 0x00000000fd800000| Untracked 
|  25|0x00000000fd900000, 0x00000000fd900000, 0x00000000fda00000|  0%| F|  |TAMS 0x00000000fd900000| PB 0x00000000fd900000| Untracked 
|  26|0x00000000fda00000, 0x00000000fda00000, 0x00000000fdb00000|  0%| F|  |TAMS 0x00000000fda00000| PB 0x00000000fda00000| Untracked 
|  27|0x00000000fdb00000, 0x00000000fdb00000, 0x00000000fdc00000|  0%| F|  |TAMS 0x00000000fdb00000| PB 0x00000000fdb00000| Untracked 
|  28|0x00000000fdc00000, 0x00000000fdc00000, 0x00000000fdd00000|  0%| F|  |TAMS 0x00000000fdc00000| PB 0x00000000fdc00000| Untracked 
|  29|0x00000000fdd00000, 0x00000000fdd00000, 0x00000000fde00000|  0%| F|  |TAMS 0x00000000fdd00000| PB 0x00000000fdd00000| Untracked 
|  30|0x00000000fde00000, 0x00000000fde00000, 0x00000000fdf00000|  0%| F|  |TAMS 0x00000000fde00000| PB 0x00000000fde00000| Untracked 
|  31|0x00000000fdf00000, 0x00000000fdf00000, 0x00000000fe000000|  0%| F|  |TAMS 0x00000000fdf00000| PB 0x00000000fdf00000| Untracked 
|  32|0x00000000fe000000, 0x00000000fe000000, 0x00000000fe100000|  0%| F|  |TAMS 0x00000000fe000000| PB 0x00000000fe000000| Untracked 
|  33|0x00000000fe100000, 0x00000000fe100000, 0x00000000fe200000|  0%| F|  |TAMS 0x00000000fe100000| PB 0x00000000fe100000| Untracked 
|  34|0x00000000fe200000, 0x00000000fe200000, 0x00000000fe300000|  0%| F|  |TAMS 0x00000000fe200000| PB 0x00000000fe200000| Untracked 
|  35|0x00000000fe300000, 0x00000000fe300000, 0x00000000fe400000|  0%| F|  |TAMS 0x00000000fe300000| PB 0x00000000fe300000| Untracked 
|  36|0x00000000fe400000, 0x00000000fe400000, 0x00000000fe500000|  0%| F|  |TAMS 0x00000000fe400000| PB 0x00000000fe400000| Untracked 
|  37|0x00000000fe500000, 0x00000000fe500000, 0x00000000fe600000|  0%| F|  |TAMS 0x00000000fe500000| PB 0x00000000fe500000| Untracked 
|  38|0x00000000fe600000, 0x00000000fe700000, 0x00000000fe700000|100%| S|CS|TAMS 0x00000000fe600000| PB 0x00000000fe600000| Complete 
|  39|0x00000000fe700000, 0x00000000fe800000, 0x00000000fe800000|100%| S|CS|TAMS 0x00000000fe700000| PB 0x00000000fe700000| Complete 
|  40|0x00000000fe800000, 0x00000000fe900000, 0x00000000fe900000|100%| S|CS|TAMS 0x00000000fe800000| PB 0x00000000fe800000| Complete 
|  41|0x00000000fe900000, 0x00000000fe900000, 0x00000000fea00000|  0%| F|  |TAMS 0x00000000fe900000| PB 0x00000000fe900000| Untracked 
|  42|0x00000000fea00000, 0x00000000fea00000, 0x00000000feb00000|  0%| F|  |TAMS 0x00000000fea00000| PB 0x00000000fea00000| Untracked 
|  43|0x00000000feb00000, 0x00000000feb00000, 0x00000000fec00000|  0%| F|  |TAMS 0x00000000feb00000| PB 0x00000000feb00000| Untracked 
|  44|0x00000000fec00000, 0x00000000fec00000, 0x00000000fed00000|  0%| F|  |TAMS 0x00000000fec00000| PB 0x00000000fec00000| Untracked 
|  45|0x00000000fed00000, 0x00000000fed00000, 0x00000000fee00000|  0%| F|  |TAMS 0x00000000fed00000| PB 0x00000000fed00000| Untracked 
|  46|0x00000000fee00000, 0x00000000fee00000, 0x00000000fef00000|  0%| F|  |TAMS 0x00000000fee00000| PB 0x00000000fee00000| Untracked 
|  47|0x00000000fef00000, 0x00000000fef00000, 0x00000000ff000000|  0%| F|  |TAMS 0x00000000fef00000| PB 0x00000000fef00000| Untracked 
|  48|0x00000000ff000000, 0x00000000ff000000, 0x00000000ff100000|  0%| F|  |TAMS 0x00000000ff000000| PB 0x00000000ff000000| Untracked 
|  49|0x00000000ff100000, 0x00000000ff100000, 0x00000000ff200000|  0%| F|  |TAMS 0x00000000ff100000| PB 0x00000000ff100000| Untracked 
|  50|0x00000000ff200000, 0x00000000ff200000, 0x00000000ff300000|  0%| F|  |TAMS 0x00000000ff200000| PB 0x00000000ff200000| Untracked 
|  51|0x00000000ff300000, 0x00000000ff300000, 0x00000000ff400000|  0%| F|  |TAMS 0x00000000ff300000| PB 0x00000000ff300000| Untracked 
|  52|0x00000000ff400000, 0x00000000ff500000, 0x00000000ff500000|100%| E|  |TAMS 0x00000000ff400000| PB 0x00000000ff400000| Complete 
|  53|0x00000000ff500000, 0x00000000ff600000, 0x00000000ff600000|100%| E|CS|TAMS 0x00000000ff500000| PB 0x00000000ff500000| Complete 
|  54|0x00000000ff600000, 0x00000000ff700000, 0x00000000ff700000|100%| E|CS|TAMS 0x00000000ff600000| PB 0x00000000ff600000| Complete 
|  55|0x00000000ff700000, 0x00000000ff800000, 0x00000000ff800000|100%| E|CS|TAMS 0x00000000ff700000| PB 0x00000000ff700000| Complete 
|  56|0x00000000ff800000, 0x00000000ff900000, 0x00000000ff900000|100%| E|CS|TAMS 0x00000000ff800000| PB 0x00000000ff800000| Complete 
|  57|0x00000000ff900000, 0x00000000ffa00000, 0x00000000ffa00000|100%| E|CS|TAMS 0x00000000ff900000| PB 0x00000000ff900000| Complete 
|  58|0x00000000ffa00000, 0x00000000ffb00000, 0x00000000ffb00000|100%| E|CS|TAMS 0x00000000ffa00000| PB 0x00000000ffa00000| Complete 
|  59|0x00000000ffb00000, 0x00000000ffc00000, 0x00000000ffc00000|100%| E|CS|TAMS 0x00000000ffb00000| PB 0x00000000ffb00000| Complete 
|  60|0x00000000ffc00000, 0x00000000ffd00000, 0x00000000ffd00000|100%| E|CS|TAMS 0x00000000ffc00000| PB 0x00000000ffc00000| Complete 
|  61|0x00000000ffd00000, 0x00000000ffe00000, 0x00000000ffe00000|100%| E|CS|TAMS 0x00000000ffd00000| PB 0x00000000ffd00000| Complete 
|  62|0x00000000ffe00000, 0x00000000fff00000, 0x00000000fff00000|100%| E|CS|TAMS 0x00000000ffe00000| PB 0x00000000ffe00000| Complete 
|  63|0x00000000fff00000, 0x0000000100000000, 0x0000000100000000|100%| E|CS|TAMS 0x00000000fff00000| PB 0x00000000fff00000| Complete 

Card table byte_map: [0x0000021cd1690000,0x0000021cd16b0000] _byte_map_base: 0x0000021cd0eb0000

Marking Bits: (CMBitMap*) 0x0000021cd1766fe0
 Bits: [0x0000021ce8b40000, 0x0000021ce8c40000)

Polling page: 0x0000021cd0f10000

Metaspace:

Usage:
  Non-class:      6.98 MB used.
      Class:      1.10 MB used.
       Both:      8.08 MB used.

Virtual space:
  Non-class space:       64.00 MB reserved,       7.12 MB ( 11%) committed,  1 nodes.
      Class space:        1.00 GB reserved,       1.25 MB ( <1%) committed,  1 nodes.
             Both:        1.06 GB reserved,       8.38 MB ( <1%) committed. 

Chunk freelists:
   Non-Class:  478.00 KB
       Class:  2.66 MB
        Both:  3.12 MB

MaxMetaspaceSize: unlimited
CompressedClassSpaceSize: 1.00 GB
Initial GC threshold: 21.00 MB
Current GC threshold: 21.00 MB
CDS: on
MetaspaceReclaimPolicy: balanced
 - commit_granule_bytes: 65536.
 - commit_granule_words: 8192.
 - virtual_space_node_default_size: 8388608.
 - enlarge_chunks_in_place: 1.
 - new_chunks_are_fully_committed: 0.
 - uncommit_free_chunks: 1.
 - use_allocation_guard: 0.


Internal statistics:

num_allocs_failed_limit: 0.
num_arena_births: 198.
num_arena_deaths: 0.
num_vsnodes_births: 2.
num_vsnodes_deaths: 0.
num_space_committed: 134.
num_space_uncommitted: 0.
num_chunks_returned_to_freelist: 0.
num_chunks_taken_from_freelist: 417.
num_chunk_merges: 0.
num_chunk_splits: 269.
num_chunks_enlarged: 202.
num_inconsistent_stats: 0.

CodeHeap 'non-profiled nmethods': size=120000Kb used=458Kb max_used=458Kb free=119541Kb
 bounds [0x0000021ce12d0000, 0x0000021ce1540000, 0x0000021ce8800000]
CodeHeap 'profiled nmethods': size=120000Kb used=2454Kb max_used=2454Kb free=117545Kb
 bounds [0x0000021cd9800000, 0x0000021cd9a70000, 0x0000021ce0d30000]
CodeHeap 'non-nmethods': size=5760Kb used=1438Kb max_used=1464Kb free=4321Kb
 bounds [0x0000021ce0d30000, 0x0000021ce0fa0000, 0x0000021ce12d0000]
 total_blobs=1809 nmethods=1330 adapters=390
 compilation: enabled
              stopped_count=0, restarted_count=0
 full_count=0

Compilation events (20 events):
Event: 11.821 Thread 0x0000021ceb5fcae0 nmethod 1315 0x0000021cd9a5f710 code [0x0000021cd9a5f940, 0x0000021cd9a600e8]
Event: 12.267 Thread 0x0000021ceb5fcae0 1317       3       java.util.ArrayList::isEmpty (13 bytes)
Event: 12.267 Thread 0x0000021ceb5fcae0 nmethod 1317 0x0000021cd9a60490 code [0x0000021cd9a60620, 0x0000021cd9a60790]
Event: 12.735 Thread 0x0000021ceb5fb4e0 1318       4       java.util.HashSet::add (20 bytes)
Event: 12.782 Thread 0x0000021ceb5fb4e0 nmethod 1318 0x0000021ce133ef10 code [0x0000021ce133f1c0, 0x0000021ce1341068]
Event: 13.561 Thread 0x0000021ceb5fcae0 1319       1       java.util.concurrent.atomic.AtomicLong::get (5 bytes)
Event: 13.561 Thread 0x0000021ceb5fcae0 nmethod 1319 0x0000021ce1341c10 code [0x0000021ce1341d80, 0x0000021ce1341e50]
Event: 14.758 Thread 0x0000021ceb5fcae0 1320       3       java.util.concurrent.ThreadPoolExecutor::runStateAtLeast (11 bytes)
Event: 14.758 Thread 0x0000021ceb5fcae0 nmethod 1320 0x0000021cd9a60810 code [0x0000021cd9a609a0, 0x0000021cd9a60ae8]
Event: 16.463 Thread 0x0000021ceb5fcae0 1321       3       java.lang.invoke.MethodType$ConcurrentWeakInternSet::add (66 bytes)
Event: 16.464 Thread 0x0000021ceb5fcae0 nmethod 1321 0x0000021cd9a60b90 code [0x0000021cd9a60de0, 0x0000021cd9a61a18]
Event: 16.464 Thread 0x0000021ceb5fcae0 1323       3       jdk.internal.org.objectweb.asm.MethodVisitor::<init> (78 bytes)
Event: 16.465 Thread 0x0000021ceb5fcae0 nmethod 1323 0x0000021cd9a61e10 code [0x0000021cd9a62020, 0x0000021cd9a627d0]
Event: 16.465 Thread 0x0000021ceb5fcae0 1324       3       java.lang.invoke.DirectMethodHandle::preparedLambdaForm (31 bytes)
Event: 16.465 Thread 0x0000021ceb5fcae0 nmethod 1324 0x0000021cd9a62a90 code [0x0000021cd9a62c60, 0x0000021cd9a63110]
Event: 16.465 Thread 0x0000021ceb5fb4e0 1325       4       jdk.internal.org.objectweb.asm.SymbolTable::addConstantUtf8 (98 bytes)
Event: 16.479 Thread 0x0000021ceb5fcae0 1326       3       java.lang.invoke.MethodHandleNatives::refKindIsField (32 bytes)
Event: 16.479 Thread 0x0000021ceb5fcae0 nmethod 1326 0x0000021cd9a63310 code [0x0000021cd9a634a0, 0x0000021cd9a635f8]
Event: 16.480 Thread 0x0000021ceb5fcae0 1327       3       java.lang.invoke.DirectMethodHandle::preparedLambdaForm (244 bytes)
Event: 16.482 Thread 0x0000021ceb5fcae0 nmethod 1327 0x0000021cd9a63690 code [0x0000021cd9a63960, 0x0000021cd9a64890]

GC Heap History (2 events):
Event: 9.700 GC heap before
{Heap before GC invocations=0 (full 0):
 garbage-first heap   total 65536K, used 28672K [0x00000000fc000000, 0x0000000100000000)
  region size 1024K, 23 young (23552K), 0 survivors (0K)
 Metaspace       used 3962K, committed 4160K, reserved 1114112K
  class space    used 514K, committed 576K, reserved 1048576K
}
Event: 9.709 GC heap after
{Heap after GC invocations=1 (full 0):
 garbage-first heap   total 65536K, used 9344K [0x00000000fc000000, 0x0000000100000000)
  region size 1024K, 3 young (3072K), 3 survivors (3072K)
 Metaspace       used 3962K, committed 4160K, reserved 1114112K
  class space    used 514K, committed 576K, reserved 1048576K
}

Dll operation events (12 events):
Event: 0.152 Loaded shared library C:\Program Files\Java\jdk-20\bin\java.dll
Event: 0.344 Loaded shared library C:\Program Files\Java\jdk-20\bin\jsvml.dll
Event: 0.890 Loaded shared library C:\Program Files\Java\jdk-20\bin\net.dll
Event: 0.896 Loaded shared library C:\Program Files\Java\jdk-20\bin\nio.dll
Event: 0.930 Loaded shared library C:\Program Files\Java\jdk-20\bin\zip.dll
Event: 6.676 Loaded shared library C:\Program Files\Java\jdk-20\bin\jimage.dll
Event: 7.520 Loaded shared library C:\Program Files\Java\jdk-20\bin\verify.dll
Event: 9.640 Loaded shared library C:\Users\alkar\.gradle\native\e1d6ef7f7dcc3fd88c89a11ec53ec762bb8ba0a96d01ffa2cd45eb1d1d8dd5c5\windows-amd64\native-platform.dll
Event: 10.069 Loaded shared library C:\Program Files\Java\jdk-20\bin\management.dll
Event: 10.083 Loaded shared library C:\Program Files\Java\jdk-20\bin\management_ext.dll
Event: 11.366 Loaded shared library C:\Program Files\Java\jdk-20\bin\extnet.dll
Event: 11.648 Loaded shared library C:\Program Files\Java\jdk-20\bin\sunmscapi.dll

Deoptimization events (20 events):
Event: 10.775 Thread 0x0000021cd1741fa0 Uncommon trap: trap_request=0xffffff45 fr.pc=0x0000021ce1307f98 relative=0x0000000000000198
Event: 10.775 Thread 0x0000021cd1741fa0 Uncommon trap: reason=unstable_if action=reinterpret pc=0x0000021ce1307f98 method=java.lang.String.equals(Ljava/lang/Object;)Z @ 33 c2
Event: 10.775 Thread 0x0000021cd1741fa0 DEOPT PACKING pc=0x0000021ce1307f98 sp=0x00000061325fc940
Event: 10.775 Thread 0x0000021cd1741fa0 DEOPT UNPACKING pc=0x0000021ce0d99d22 sp=0x00000061325fc8c0 mode 2
Event: 10.775 Thread 0x0000021cd1741fa0 Uncommon trap: trap_request=0xffffff45 fr.pc=0x0000021ce1323b14 relative=0x0000000000000474
Event: 10.775 Thread 0x0000021cd1741fa0 Uncommon trap: reason=unstable_if action=reinterpret pc=0x0000021ce1323b14 method=java.lang.AbstractStringBuilder.inflateIfNeededFor(Ljava/lang/String;)V @ 14 c2
Event: 10.775 Thread 0x0000021cd1741fa0 DEOPT PACKING pc=0x0000021ce1323b14 sp=0x00000061325fc8a0
Event: 10.775 Thread 0x0000021cd1741fa0 DEOPT UNPACKING pc=0x0000021ce0d99d22 sp=0x00000061325fc740 mode 2
Event: 10.775 Thread 0x0000021cd1741fa0 Uncommon trap: trap_request=0xffffff45 fr.pc=0x0000021ce133468c relative=0x00000000000003ec
Event: 10.775 Thread 0x0000021cd1741fa0 Uncommon trap: reason=unstable_if action=reinterpret pc=0x0000021ce133468c method=java.lang.AbstractStringBuilder.isLatin1()Z @ 10 c2
Event: 10.776 Thread 0x0000021cd1741fa0 DEOPT PACKING pc=0x0000021ce133468c sp=0x00000061325fc8c0
Event: 10.776 Thread 0x0000021cd1741fa0 DEOPT UNPACKING pc=0x0000021ce0d99d22 sp=0x00000061325fc748 mode 2
Event: 10.776 Thread 0x0000021cd1741fa0 Uncommon trap: trap_request=0xffffff45 fr.pc=0x0000021ce132d314 relative=0x00000000000004f4
Event: 10.776 Thread 0x0000021cd1741fa0 Uncommon trap: reason=unstable_if action=reinterpret pc=0x0000021ce132d314 method=java.lang.String.substring(II)Ljava/lang/String; @ 31 c2
Event: 10.776 Thread 0x0000021cd1741fa0 DEOPT PACKING pc=0x0000021ce132d314 sp=0x00000061325fc680
Event: 10.776 Thread 0x0000021cd1741fa0 DEOPT UNPACKING pc=0x0000021ce0d99d22 sp=0x00000061325fc638 mode 2
Event: 11.505 Thread 0x0000021cd1741fa0 Uncommon trap: trap_request=0xffffff45 fr.pc=0x0000021ce1308a94 relative=0x0000000000000574
Event: 11.505 Thread 0x0000021cd1741fa0 Uncommon trap: reason=unstable_if action=reinterpret pc=0x0000021ce1308a94 method=java.lang.AbstractStringBuilder.append(Ljava/lang/String;)Ljava/lang/AbstractStringBuilder; @ 1 c2
Event: 11.505 Thread 0x0000021cd1741fa0 DEOPT PACKING pc=0x0000021ce1308a94 sp=0x00000061325fd6d0
Event: 11.505 Thread 0x0000021cd1741fa0 DEOPT UNPACKING pc=0x0000021ce0d99d22 sp=0x00000061325fd6a8 mode 2

Classes loaded (20 events):
Event: 16.469 Loading class jdk/internal/logger/LazyLoggers
Event: 16.469 Loading class jdk/internal/logger/LazyLoggers done
Event: 16.469 Loading class jdk/internal/logger/LazyLoggers$1
Event: 16.469 Loading class jdk/internal/logger/LazyLoggers$1 done
Event: 16.469 Loading class jdk/internal/logger/LazyLoggers$LazyLoggerFactories
Event: 16.469 Loading class jdk/internal/logger/LazyLoggers$LazyLoggerFactories done
Event: 16.470 Loading class jdk/internal/logger/LoggerFinderLoader
Event: 16.470 Loading class jdk/internal/logger/LoggerFinderLoader done
Event: 16.471 Loading class sun/util/logging/internal/LoggingProviderImpl$JULWrapper
Event: 16.477 Loading class sun/util/logging/PlatformLogger$ConfigurableBridge$LoggerConfiguration
Event: 16.478 Loading class sun/util/logging/PlatformLogger$ConfigurableBridge$LoggerConfiguration done
Event: 16.478 Loading class sun/util/logging/internal/LoggingProviderImpl$JULWrapper done
Event: 16.479 Loading class java/io/ObjectInputFilter$Config$BuiltinFilterFactory
Event: 16.480 Loading class java/io/ObjectInputFilter$Config$BuiltinFilterFactory done
Event: 16.480 Loading class jdk/internal/access/JavaObjectInputFilterAccess
Event: 16.480 Loading class jdk/internal/access/JavaObjectInputFilterAccess done
Event: 16.481 Loading class java/lang/System$Logger$Level
Event: 16.481 Loading class java/lang/System$Logger$Level done
Event: 16.482 Loading class java/io/Bits
Event: 16.482 Loading class java/io/Bits done

Classes unloaded (0 events):
No events

Classes redefined (0 events):
No events

Internal exceptions (20 events):
Event: 1.409 Thread 0x0000021cd1741fa0 Exception <a 'java/lang/NoSuchMethodError'{0x00000000ffc1f748}: 'void java.lang.invoke.DirectMethodHandle$Holder.invokeSpecial(java.lang.Object, java.lang.Object, java.lang.Object)'> (0x00000000ffc1f748) 
thrown [s\open\src\hotspot\share\interpreter\linkResolver.cpp, line 773]
Event: 1.554 Thread 0x0000021cd1741fa0 Exception <a 'java/lang/NoSuchMethodError'{0x00000000ffc71b68}: 'void java.lang.invoke.DirectMethodHandle$Holder.invokeStatic(java.lang.Object, java.lang.Object, java.lang.Object)'> (0x00000000ffc71b68) 
thrown [s\open\src\hotspot\share\interpreter\linkResolver.cpp, line 773]
Event: 1.560 Thread 0x0000021cd1741fa0 Exception <a 'java/lang/NoSuchMethodError'{0x00000000ffcc0f78}: 'java.lang.Object java.lang.invoke.Invokers$Holder.invokeExact_MT(java.lang.Object, java.lang.Object, java.lang.Object, java.lang.Object, java.lang.Object)'> (0x00000000ffcc0f78) 
thrown [s\open\src\hotspot\share\interpreter\linkResolver.cpp, line 773]
Event: 1.586 Thread 0x0000021cd1741fa0 Exception <a 'java/lang/NoSuchMethodError'{0x00000000ffced410}: 'int java.lang.invoke.DirectMethodHandle$Holder.invokeStaticInit(java.lang.Object, java.lang.Object)'> (0x00000000ffced410) 
thrown [s\open\src\hotspot\share\interpreter\linkResolver.cpp, line 773]
Event: 9.532 Thread 0x0000021cd1741fa0 Exception <a 'java/lang/NoClassDefFoundError'{0x00000000fea50ff8}: org/slf4j/impl/StaticMarkerBinder> (0x00000000fea50ff8) 
thrown [s\open\src\hotspot\share\classfile\systemDictionary.cpp, line 294]
Event: 9.572 Thread 0x0000021cd1741fa0 Exception <a 'java/lang/NoSuchMethodError'{0x00000000fead8360}: 'java.lang.Object java.lang.invoke.DirectMethodHandle$Holder.invokeVirtual(java.lang.Object, java.lang.Object, java.lang.Object, java.lang.Object, java.lang.Object, java.lang.Object, java.lang.Object)'> (0x00000000fead8360) 
thrown [s\open\src\hotspot\share\interpreter\linkResolver.cpp, line 773]
Event: 9.577 Thread 0x0000021cd1741fa0 Exception <a 'java/lang/NoSuchMethodError'{0x00000000feaeb178}: 'java.lang.Object java.lang.invoke.DirectMethodHandle$Holder.invokeStatic(java.lang.Object, java.lang.Object, int)'> (0x00000000feaeb178) 
thrown [s\open\src\hotspot\share\interpreter\linkResolver.cpp, line 773]
Event: 9.579 Thread 0x0000021cd1741fa0 Exception <a 'java/lang/NoSuchMethodError'{0x00000000feaf6808}: 'void java.lang.invoke.DelegatingMethodHandle$Holder.delegate(java.lang.Object, java.lang.Object, int, java.lang.Object)'> (0x00000000feaf6808) 
thrown [s\open\src\hotspot\share\interpreter\linkResolver.cpp, line 773]
Event: 9.579 Thread 0x0000021cd1741fa0 Exception <a 'java/lang/NoSuchMethodError'{0x00000000feafa5f8}: 'int java.lang.invoke.DirectMethodHandle$Holder.invokeSpecial(java.lang.Object, java.lang.Object, java.lang.Object)'> (0x00000000feafa5f8) 
thrown [s\open\src\hotspot\share\interpreter\linkResolver.cpp, line 773]
Event: 9.668 Thread 0x0000021cd1741fa0 Exception <a 'java/lang/NoSuchMethodError'{0x00000000fe9927c0}: 'java.lang.Object java.lang.invoke.DirectMethodHandle$Holder.invokeVirtual(java.lang.Object, java.lang.Object, java.lang.Object)'> (0x00000000fe9927c0) 
thrown [s\open\src\hotspot\share\interpreter\linkResolver.cpp, line 773]
Event: 9.855 Thread 0x0000021cd1741fa0 Exception <a 'java/lang/NoSuchMethodError'{0x00000000ffd1e5d8}: 'java.lang.Object java.lang.invoke.DirectMethodHandle$Holder.invokeVirtual(java.lang.Object, java.lang.Object, java.lang.Object, java.lang.Object)'> (0x00000000ffd1e5d8) 
thrown [s\open\src\hotspot\share\interpreter\linkResolver.cpp, line 773]
Event: 9.894 Thread 0x0000021cd1741fa0 Exception <a 'java/lang/NoSuchMethodError'{0x00000000ffdaf320}: 'java.lang.Object java.lang.invoke.DirectMethodHandle$Holder.invokeVirtual(java.lang.Object, java.lang.Object, java.lang.Object, java.lang.Object, java.lang.Object, java.lang.Object)'> (0x00000000ffdaf320) 
thrown [s\open\src\hotspot\share\interpreter\linkResolver.cpp, line 773]
Event: 9.930 Thread 0x0000021cd1741fa0 Exception <a 'java/lang/NoSuchMethodError'{0x00000000ffc42bf0}: 'java.lang.Object java.lang.invoke.DirectMethodHandle$Holder.invokeInterface(java.lang.Object, java.lang.Object, java.lang.Object)'> (0x00000000ffc42bf0) 
thrown [s\open\src\hotspot\share\interpreter\linkResolver.cpp, line 773]
Event: 10.241 Thread 0x0000021cd1741fa0 Exception <a 'java/lang/NoSuchMethodError'{0x00000000ff90f798}: 'java.lang.Object java.lang.invoke.DirectMethodHandle$Holder.invokeVirtual(java.lang.Object, java.lang.Object, java.lang.Object, java.lang.Object, java.lang.Object)'> (0x00000000ff90f798) 
thrown [s\open\src\hotspot\share\interpreter\linkResolver.cpp, line 773]
Event: 10.245 Thread 0x0000021cd1741fa0 Exception <a 'java/lang/NoSuchMethodError'{0x00000000ff922998}: 'java.lang.Object java.lang.invoke.Invokers$Holder.invokeExact_MT(java.lang.Object, java.lang.Object, java.lang.Object, java.lang.Object, java.lang.Object, java.lang.Object)'> (0x00000000ff922998) 
thrown [s\open\src\hotspot\share\interpreter\linkResolver.cpp, line 773]
Event: 10.405 Thread 0x0000021cd1741fa0 Exception <a 'java/lang/NoSuchMethodError'{0x00000000ff8a24f8}: 'java.lang.Object java.lang.invoke.DirectMethodHandle$Holder.invokeVirtual(java.lang.Object, java.lang.Object, java.lang.Object, java.lang.Object, java.lang.Object, java.lang.Object, java.lang.Object, java.lang.Object)'> (0x00000000ff8a24f8) 
thrown [s\open\src\hotspot\share\interpreter\linkResolver.cpp, line 773]
Event: 10.508 Thread 0x0000021cd1741fa0 Exception <a 'java/lang/NoSuchMethodError'{0x00000000ff7c7678}: 'java.lang.Object java.lang.invoke.DirectMethodHandle$Holder.invokeStaticInit(java.lang.Object, int, int, int, int)'> (0x00000000ff7c7678) 
thrown [s\open\src\hotspot\share\interpreter\linkResolver.cpp, line 773]
Event: 10.778 Thread 0x0000021cd1741fa0 Exception <a 'java/lang/NoSuchMethodError'{0x00000000ff62c960}: 'java.lang.Object java.lang.invoke.DirectMethodHandle$Holder.invokeStaticInit(java.lang.Object, java.lang.Object, int, int, int, int)'> (0x00000000ff62c960) 
thrown [s\open\src\hotspot\share\interpreter\linkResolver.cpp, line 773]
Event: 11.505 Thread 0x0000021cd1741fa0 Implicit null exception at 0x0000021ce1308560 to 0x0000021ce1308a7c
Event: 11.513 Thread 0x0000021cd1741fa0 Exception <a 'java/lang/NoSuchMethodError'{0x00000000ff5138e8}: 'void java.lang.invoke.DirectMethodHandle$Holder.invokeInterface(java.lang.Object, java.lang.Object, java.lang.Object)'> (0x00000000ff5138e8) 
thrown [s\open\src\hotspot\share\interpreter\linkResolver.cpp, line 773]

VM Operations (20 events):
Event: 9.526 Executing VM operation: HandshakeAllThreads
Event: 9.526 Executing VM operation: HandshakeAllThreads done
Event: 9.576 Executing VM operation: HandshakeAllThreads
Event: 9.576 Executing VM operation: HandshakeAllThreads done
Event: 9.700 Executing VM operation: G1CollectForAllocation
Event: 9.709 Executing VM operation: G1CollectForAllocation done
Event: 9.833 Executing VM operation: HandshakeAllThreads
Event: 9.833 Executing VM operation: HandshakeAllThreads done
Event: 10.325 Executing VM operation: HandshakeAllThreads
Event: 10.325 Executing VM operation: HandshakeAllThreads done
Event: 10.745 Executing VM operation: HandshakeAllThreads
Event: 10.745 Executing VM operation: HandshakeAllThreads done
Event: 10.745 Executing VM operation: Cleanup
Event: 10.746 Executing VM operation: Cleanup done
Event: 11.750 Executing VM operation: Cleanup
Event: 11.750 Executing VM operation: Cleanup done
Event: 12.760 Executing VM operation: Cleanup
Event: 12.760 Executing VM operation: Cleanup done
Event: 14.768 Executing VM operation: Cleanup
Event: 14.768 Executing VM operation: Cleanup done

Events (14 events):
Event: 0.346 Thread 0x0000021cd1741fa0 Thread added: 0x0000021cd1741fa0
Event: 0.715 Thread 0x0000021ceb5f2400 Thread added: 0x0000021ceb5f2400
Event: 0.715 Thread 0x0000021cd180ea80 Thread added: 0x0000021cd180ea80
Event: 0.720 Thread 0x0000021ceb5f8cb0 Thread added: 0x0000021ceb5f8cb0
Event: 0.720 Thread 0x0000021ceb5f95f0 Thread added: 0x0000021ceb5f95f0
Event: 0.720 Thread 0x0000021ceb5f9f30 Thread added: 0x0000021ceb5f9f30
Event: 0.720 Thread 0x0000021ceb5fa870 Thread added: 0x0000021ceb5fa870
Event: 0.720 Thread 0x0000021ceb5fb4e0 Thread added: 0x0000021ceb5fb4e0
Event: 0.722 Thread 0x0000021ceb5fcae0 Thread added: 0x0000021ceb5fcae0
Event: 0.838 Thread 0x0000021cef86c090 Thread added: 0x0000021cef86c090
Event: 0.851 Thread 0x0000021cef879220 Thread added: 0x0000021cef879220
Event: 9.752 Thread 0x0000021cf00ea7d0 Thread added: 0x0000021cf00ea7d0
Event: 12.729 Thread 0x0000021cf02dcf40 Thread added: 0x0000021cf02dcf40
Event: 12.735 Thread 0x0000021cefb853f0 Thread added: 0x0000021cefb853f0


Dynamic libraries:
0x00007ff6d98b0000 - 0x00007ff6d98c0000 	C:\Program Files\Java\jdk-20\bin\java.exe
0x00007ffeff600000 - 0x00007ffeff809000 	C:\WINDOWS\SYSTEM32\ntdll.dll
0x00007ffefe2b0000 - 0x00007ffefe36e000 	C:\WINDOWS\System32\KERNEL32.DLL
0x00007ffefd0e0000 - 0x00007ffefd463000 	C:\WINDOWS\System32\KERNELBASE.dll
0x00007ffefcfc0000 - 0x00007ffefd0d1000 	C:\WINDOWS\System32\ucrtbase.dll
0x00007ffec5150000 - 0x00007ffec5169000 	C:\Program Files\Java\jdk-20\bin\jli.dll
0x00007ffefd9b0000 - 0x00007ffefda5e000 	C:\WINDOWS\System32\ADVAPI32.dll
0x00007ffefded0000 - 0x00007ffefdf73000 	C:\WINDOWS\System32\msvcrt.dll
0x00007ffefe510000 - 0x00007ffefe5ae000 	C:\WINDOWS\System32\sechost.dll
0x00007ffeff020000 - 0x00007ffeff141000 	C:\WINDOWS\System32\RPCRT4.dll
0x00007ffeff410000 - 0x00007ffeff5bd000 	C:\WINDOWS\System32\USER32.dll
0x00007ffefcef0000 - 0x00007ffefcf16000 	C:\WINDOWS\System32\win32u.dll
0x00007ffeff380000 - 0x00007ffeff3a9000 	C:\WINDOWS\System32\GDI32.dll
0x00007ffefcdd0000 - 0x00007ffefceea000 	C:\WINDOWS\System32\gdi32full.dll
0x00007ffefcf20000 - 0x00007ffefcfbd000 	C:\WINDOWS\System32\msvcp_win.dll
0x00007ffee3d30000 - 0x00007ffee3fd5000 	C:\WINDOWS\WinSxS\amd64_microsoft.windows.common-controls_6595b64144ccf1df_6.0.22000.120_none_9d947278b86cc467\COMCTL32.dll
0x00007ffef5e00000 - 0x00007ffef5e0a000 	C:\WINDOWS\SYSTEM32\VERSION.dll
0x00007ffec2880000 - 0x00007ffec289b000 	C:\Program Files\Java\jdk-20\bin\VCRUNTIME140.dll
0x00007ffefe710000 - 0x00007ffefe741000 	C:\WINDOWS\System32\IMM32.DLL
0x00007ffed1910000 - 0x00007ffed191c000 	C:\Program Files\Java\jdk-20\bin\vcruntime140_1.dll
0x00007ffebc4a0000 - 0x00007ffebc52e000 	C:\Program Files\Java\jdk-20\bin\msvcp140.dll
0x00007ffe38360000 - 0x00007ffe38ff7000 	C:\Program Files\Java\jdk-20\bin\server\jvm.dll
0x00007ffee2ca0000 - 0x00007ffee2ca9000 	C:\WINDOWS\SYSTEM32\WSOCK32.dll
0x00007ffeff310000 - 0x00007ffeff37f000 	C:\WINDOWS\System32\WS2_32.dll
0x00007ffef60b0000 - 0x00007ffef60e3000 	C:\WINDOWS\SYSTEM32\WINMM.dll
0x00007ffefbbf0000 - 0x00007ffefbc08000 	C:\WINDOWS\SYSTEM32\kernel.appcore.dll
0x00007ffece050000 - 0x00007ffece05a000 	C:\Program Files\Java\jdk-20\bin\jimage.dll
0x00007ffef9fd0000 - 0x00007ffefa1f1000 	C:\WINDOWS\SYSTEM32\DBGHELP.DLL
0x00007ffee9880000 - 0x00007ffee98b1000 	C:\WINDOWS\SYSTEM32\dbgcore.DLL
0x00007ffefcbe0000 - 0x00007ffefcc5f000 	C:\WINDOWS\System32\bcryptPrimitives.dll
0x00007ffec1020000 - 0x00007ffec1046000 	C:\Program Files\Java\jdk-20\bin\java.dll
0x00007ffebb390000 - 0x00007ffebb467000 	C:\Program Files\Java\jdk-20\bin\jsvml.dll
0x00007ffefe850000 - 0x00007ffeff015000 	C:\WINDOWS\System32\SHELL32.dll
0x00007ffefab60000 - 0x00007ffefb3c4000 	C:\WINDOWS\SYSTEM32\windows.storage.dll
0x00007ffefd620000 - 0x00007ffefd996000 	C:\WINDOWS\System32\combase.dll
0x00007ffefa9f0000 - 0x00007ffefab57000 	C:\WINDOWS\SYSTEM32\wintypes.dll
0x00007ffefe140000 - 0x00007ffefe22a000 	C:\WINDOWS\System32\SHCORE.dll
0x00007ffeff3b0000 - 0x00007ffeff40d000 	C:\WINDOWS\System32\shlwapi.dll
0x00007ffefc9e0000 - 0x00007ffefca01000 	C:\WINDOWS\SYSTEM32\profapi.dll
0x00007ffec27e0000 - 0x00007ffec27f3000 	C:\Program Files\Java\jdk-20\bin\net.dll
0x00007ffef76c0000 - 0x00007ffef77d2000 	C:\WINDOWS\SYSTEM32\WINHTTP.dll
0x00007ffefc0c0000 - 0x00007ffefc127000 	C:\WINDOWS\system32\mswsock.dll
0x00007ffec1000000 - 0x00007ffec1016000 	C:\Program Files\Java\jdk-20\bin\nio.dll
0x00007ffec0fe0000 - 0x00007ffec0ff8000 	C:\Program Files\Java\jdk-20\bin\zip.dll
0x00007ffef8ff0000 - 0x00007ffef9000000 	C:\Program Files\Java\jdk-20\bin\verify.dll
0x00007ffebf7e0000 - 0x00007ffebf807000 	C:\Users\alkar\.gradle\native\e1d6ef7f7dcc3fd88c89a11ec53ec762bb8ba0a96d01ffa2cd45eb1d1d8dd5c5\windows-amd64\native-platform.dll
0x00007ffec18e0000 - 0x00007ffec18ea000 	C:\Program Files\Java\jdk-20\bin\management.dll
0x00007ffec11c0000 - 0x00007ffec11cb000 	C:\Program Files\Java\jdk-20\bin\management_ext.dll
0x00007ffefdf80000 - 0x00007ffefdf88000 	C:\WINDOWS\System32\PSAPI.DLL
0x00007ffefc310000 - 0x00007ffefc328000 	C:\WINDOWS\SYSTEM32\CRYPTSP.dll
0x00007ffefbb50000 - 0x00007ffefbb85000 	C:\WINDOWS\system32\rsaenh.dll
0x00007ffefc1c0000 - 0x00007ffefc1e9000 	C:\WINDOWS\SYSTEM32\USERENV.dll
0x00007ffefc490000 - 0x00007ffefc4b7000 	C:\WINDOWS\SYSTEM32\bcrypt.dll
0x00007ffefc330000 - 0x00007ffefc33c000 	C:\WINDOWS\SYSTEM32\CRYPTBASE.dll
0x00007ffefb680000 - 0x00007ffefb6ad000 	C:\WINDOWS\SYSTEM32\IPHLPAPI.DLL
0x00007ffefe750000 - 0x00007ffefe759000 	C:\WINDOWS\System32\NSI.dll
0x00007ffef7160000 - 0x00007ffef7179000 	C:\WINDOWS\SYSTEM32\dhcpcsvc6.DLL
0x00007ffef74d0000 - 0x00007ffef74ee000 	C:\WINDOWS\SYSTEM32\dhcpcsvc.DLL
0x00007ffefb6b0000 - 0x00007ffefb798000 	C:\WINDOWS\SYSTEM32\DNSAPI.dll
0x00007ffec0030000 - 0x00007ffec0037000 	C:\Program Files\Java\jdk-20\bin\extnet.dll
0x00007ffec0f80000 - 0x00007ffec0f8e000 	C:\Program Files\Java\jdk-20\bin\sunmscapi.dll
0x00007ffefcc60000 - 0x00007ffefcdc2000 	C:\WINDOWS\System32\CRYPT32.dll
0x00007ffefc460000 - 0x00007ffefc48a000 	C:\WINDOWS\SYSTEM32\ncrypt.dll
0x00007ffefc420000 - 0x00007ffefc457000 	C:\WINDOWS\SYSTEM32\NTASN1.dll
0x00007ffedd010000 - 0x00007ffedd018000 	C:\WINDOWS\system32\wshunix.dll

dbghelp: loaded successfully - version: 4.0.5 - missing functions: none
symbol engine: initialized successfully - sym options: 0x614 - pdb path: .;C:\Program Files\Java\jdk-20\bin;C:\WINDOWS\SYSTEM32;C:\WINDOWS\WinSxS\amd64_microsoft.windows.common-controls_6595b64144ccf1df_6.0.22000.120_none_9d947278b86cc467;C:\Program Files\Java\jdk-20\bin\server;C:\Users\alkar\.gradle\native\e1d6ef7f7dcc3fd88c89a11ec53ec762bb8ba0a96d01ffa2cd45eb1d1d8dd5c5\windows-amd64

VM Arguments:
jvm_args: -Xmx64m -Xms64m -Dorg.gradle.appname=gradlew 
java_command: org.gradle.wrapper.GradleWrapperMain app:installDebug -PreactNativeDevServerPort=8081
java_class_path (initial): C:\Users\alkar\OneDrive\Documents\GitHub\WeatherApp\android\\gradle\wrapper\gradle-wrapper.jar
Launcher Type: SUN_STANDARD

[Global flags]
     intx CICompilerCount                          = 4                                         {product} {ergonomic}
     uint ConcGCThreads                            = 2                                         {product} {ergonomic}
     uint G1ConcRefinementThreads                  = 8                                         {product} {ergonomic}
   size_t G1HeapRegionSize                         = 1048576                                   {product} {ergonomic}
    uintx GCDrainStackTargetSize                   = 64                                        {product} {ergonomic}
   size_t InitialHeapSize                          = 67108864                                  {product} {command line}
   size_t MarkStackSize                            = 4194304                                   {product} {ergonomic}
   size_t MaxHeapSize                              = 67108864                                  {product} {command line}
   size_t MaxNewSize                               = 39845888                                  {product} {ergonomic}
   size_t MinHeapDeltaBytes                        = 1048576                                   {product} {ergonomic}
   size_t MinHeapSize                              = 67108864                                  {product} {command line}
    uintx NonNMethodCodeHeapSize                   = 5839372                                {pd product} {ergonomic}
    uintx NonProfiledCodeHeapSize                  = 122909434                              {pd product} {ergonomic}
    uintx ProfiledCodeHeapSize                     = 122909434                              {pd product} {ergonomic}
    uintx ReservedCodeCacheSize                    = 251658240                              {pd product} {ergonomic}
     bool SegmentedCodeCache                       = true                                      {product} {ergonomic}
   size_t SoftMaxHeapSize                          = 67108864                               {manageable} {ergonomic}
     bool UseCompressedClassPointers               = true                           {product lp64_product} {ergonomic}
     bool UseCompressedOops                        = true                           {product lp64_product} {ergonomic}
     bool UseG1GC                                  = true                                      {product} {ergonomic}
     bool UseLargePagesIndividualAllocation        = false                                  {pd product} {ergonomic}

Logging:
Log output configuration:
 #0: stdout all=warning uptime,level,tags foldmultilines=false
 #1: stderr all=off uptime,level,tags foldmultilines=false

Environment Variables:
JAVA_HOME=C:\Program Files\Java\jdk-20
CLASSPATH=C:\Users\alkar\OneDrive\Documents\GitHub\WeatherApp\android\\gradle\wrapper\gradle-wrapper.jar
PATH=C:\Users\alkar\OneDrive\Documents\GitHub\WeatherApp\android\node_modules\.bin;C:\Users\alkar\OneDrive\Documents\GitHub\WeatherApp\node_modules\.bin;C:\Users\alkar\OneDrive\Documents\GitHub\node_modules\.bin;C:\Users\alkar\OneDrive\Documents\node_modules\.bin;C:\Users\alkar\OneDrive\node_modules\.bin;C:\Users\alkar\node_modules\.bin;C:\Users\node_modules\.bin;C:\node_modules\.bin;C:\Program Files\nodejs;C:\Users\alkar\OneDrive\Documents\GitHub\WeatherApp\node_modules\.bin;C:\Users\alkar\OneDrive\Documents\GitHub\WeatherApp\android\node_modules\.bin;C:\Users\alkar\OneDrive\Documents\GitHub\WeatherApp\node_modules\.bin;C:\Users\alkar\OneDrive\Documents\GitHub\node_modules\.bin;C:\Users\alkar\OneDrive\Documents\node_modules\.bin;C:\Users\alkar\OneDrive\node_modules\.bin;C:\Users\alkar\node_modules\.bin;C:\Users\node_modules\.bin;C:\node_modules\.bin;C:\Program Files\nodejs;C:\Users\alkar\OneDrive\Documents\GitHub\WeatherApp\node_modules\.bin;C:\Program Files\Common Files\Oracle\Java\javapath;C:\Program Files (x86)\Common Files\Oracle\Java\javapath;C:\Program Files\AdoptOpenJDK\jdk-11.0.10.9-hotspot\bin;C:\Windows\system32;C:\Windows;C:\Windows\System32\Wbem;C:\Windows\System32\WindowsPowerShell\v1.0\;C:\Windows\System32\OpenSSH\;C:\Program Files (x86)\NVIDIA Corporation\PhysX\Common;C:\Program Files\NVIDIA Corporation\NVIDIA NvDLISR;C:\Program Files\nodejs\;C:\WINDOWS\system32;C:\WINDOWS;C:\WINDOWS\System32\Wbem;C:\WINDOWS\System32\WindowsPowerShell\v1.0\;C:\WINDOWS\System32\OpenSSH\;C:\Program Files\dotnet\;C:\Program Files\PuTTY\;C:\Program Files\Git\cmd;C:\Program Files\MongoDB\Server\6.0\bin;C:\Program Files\Java\jdk-20\bin;C:\Users\alkar\AppData\Local\Microsoft\WindowsApps;C:\Users\alkar\AppData\Local\Programs\Microsoft VS Code\bin;C:\Users\alkar\AppData\Roaming\npm;C:\Users\alkar\AppData\Local\GitHubDesktop\bin;C:\Program Files\heroku\bin;C:\Program Files\MongoDB\Server\6.0\bin\;C:\Users\alkar\Downloads\mongosh-1.6.0-win32-x64\mongosh-1.6.0-win32-x64\bin;
USERNAME=alkar
OS=Windows_NT
PROCESSOR_IDENTIFIER=Intel64 Family 6 Model 165 Stepping 2, GenuineIntel
TMP=C:\Users\alkar\AppData\Local\Temp
TEMP=C:\Users\alkar\AppData\Local\Temp




---------------  S Y S T E M  ---------------

OS:
 Windows 11 , 64 bit Build 22000 (10.0.22000.1761)
OS uptime: 1 days 6:07 hours
Hyper-V role detected

CPU: total 8 (initial active 8) (4 cores per cpu, 2 threads per core) family 6 model 165 stepping 2 microcode 0xf4, cx8, cmov, fxsr, ht, mmx, 3dnowpref, sse, sse2, sse3, ssse3, sse4.1, sse4.2, popcnt, lzcnt, tsc, tscinvbit, avx, avx2, aes, erms, clmul, bmi1, bmi2, adx, fma, vzeroupper, clflush, clflushopt, hv, rdtscp, f16c

Memory: 4k page, system-wide physical 7953M (82M free)
TotalPageFile size 32529M (AvailPageFile size 0M)
current process WorkingSet (physical memory assigned to process): 54M, peak: 85M
current process commit charge ("private bytes"): 162M, peak: 163M

vm_info: Java HotSpot(TM) 64-Bit Server VM (20.0.1+9-29) for windows-amd64 JRE (20.0.1+9-29), built on 2023-03-07T13:56:11Z by "mach5one" with MS VC++ 17.1 (VS2022)

END.
