#
# There is insufficient memory for the Java Runtime Environment to continue.
# Native memory allocation (malloc) failed to allocate 722576 bytes for Chunk::new
# Possible reasons:
#   The system is out of physical RAM or swap space
#   The process is running with CompressedOops enabled, and the Java Heap may be blocking the growth of the native heap
# Possible solutions:
#   Reduce memory load on the system
#   Increase physical memory or swap space
#   Check if swap backing store is full
#   Decrease Java heap size (-Xmx/-Xms)
#   Decrease number of Java threads
#   Decrease Java thread stack sizes (-Xss)
#   Set larger code cache with -XX:ReservedCodeCacheSize=
#   JVM is running with Unscaled Compressed Oops mode in which the Java heap is
#     placed in the first 4GB address space. The Java Heap base address is the
#     maximum limit for the native heap growth. Please use -XX:HeapBaseMinAddress
#     to set the Java Heap base and to place the Java Heap above 4GB virtual address.
# This output file may be truncated or incomplete.
#
#  Out of Memory Error (arena.cpp:184), pid=34216, tid=35060
#
# JRE version: Java(TM) SE Runtime Environment (20.0.1+9) (build 20.0.1+9-29)
# Java VM: Java HotSpot(TM) 64-Bit Server VM (20.0.1+9-29, mixed mode, sharing, tiered, compressed oops, compressed class ptrs, g1 gc, windows-amd64)
# No core dump will be written. Minidumps are not enabled by default on client versions of Windows
#

---------------  S U M M A R Y ------------

Command Line: -XX:MaxMetaspaceSize=512m --add-opens=java.base/java.util=ALL-UNNAMED --add-opens=java.base/java.lang=ALL-UNNAMED --add-opens=java.base/java.lang.invoke=ALL-UNNAMED --add-opens=java.base/java.util=ALL-UNNAMED --add-opens=java.prefs/java.util.prefs=ALL-UNNAMED --add-opens=java.prefs/java.util.prefs=ALL-UNNAMED --add-opens=java.base/java.nio.charset=ALL-UNNAMED --add-opens=java.base/java.net=ALL-UNNAMED --add-opens=java.base/java.util.concurrent.atomic=ALL-UNNAMED -Xmx2048m -Dfile.encoding=UTF-8 -Duser.country=CA -Duser.language=en -Duser.variant org.gradle.launcher.daemon.bootstrap.GradleDaemon 7.5.1

Host: Intel(R) Core(TM) i5-10300H CPU @ 2.50GHz, 8 cores, 7G,  Windows 11 , 64 bit Build 22000 (10.0.22000.1761)
Time: Sat May 27 18:29:51 2023 Canada Central Standard Time elapsed time: 473.495131 seconds (0d 0h 7m 53s)

---------------  T H R E A D  ---------------

Current thread (0x000002513ebc45c0):  JavaThread "C2 CompilerThread0" daemon [_thread_in_native, id=35060, stack(0x000000d61e400000,0x000000d61e500000)]


Current CompileTask:
C2: 473495 7437       4       org.gradle.internal.reflect.ClassInspector::inspectClass (179 bytes)

Stack: [0x000000d61e400000,0x000000d61e500000]
Native frames: (J=compiled Java code, j=interpreted, Vv=VM code, C=native code)
V  [jvm.dll+0x6bb95a]
V  [jvm.dll+0x8485fa]
V  [jvm.dll+0x84a1f5]
V  [jvm.dll+0x84a8f3]
V  [jvm.dll+0x280b0f]
V  [jvm.dll+0xc2b11]
V  [jvm.dll+0xc2e35]
V  [jvm.dll+0x2f5dbf]
V  [jvm.dll+0x5e32eb]
V  [jvm.dll+0x2543b4]
V  [jvm.dll+0x24ccd4]
V  [jvm.dll+0x24a549]
V  [jvm.dll+0x1ce491]
V  [jvm.dll+0x259e1b]
V  [jvm.dll+0x2584f0]
V  [jvm.dll+0x3f2895]
V  [jvm.dll+0x7f4b56]
V  [jvm.dll+0x6ba5cb]
C  [ucrtbase.dll+0x26c0c]
C  [KERNEL32.DLL+0x15590]
C  [ntdll.dll+0x485b]


---------------  P R O C E S S  ---------------

Threads class SMR info:
_java_thread_list=0x0000025145f7adc0, length=79, elements={
0x00000251221a5940, 0x000002513ebbd950, 0x000002513ebc1450, 0x000002513ebc1d90,
0x000002513ebc26d0, 0x000002513ebc3010, 0x000002513ebc3950, 0x000002513ebc45c0,
0x000002513ebc75d0, 0x000002514302bf70, 0x00000251430308c0, 0x0000025143b6ce30,
0x0000025144396170, 0x0000025143dcaa70, 0x00000251432a2d00, 0x000002514325d050,
0x000002514325b070, 0x000002514325bb10, 0x000002514325e590, 0x000002514325cb00,
0x000002514325b5c0, 0x000002514325e040, 0x000002514325d5a0, 0x000002514325daf0,
0x0000025144baab70, 0x0000025144ba6660, 0x0000025144bab0c0, 0x0000025144ba7ba0,
0x0000025144ba5120, 0x0000025144ba80f0, 0x0000025144ba6bb0, 0x0000025144ba7650,
0x0000025144bab610, 0x0000025144ba90e0, 0x0000025144baa0d0, 0x0000025144babb60,
0x0000025144ba5670, 0x0000025144ba5bc0, 0x000002514325c060, 0x000002514325c5b0,
0x00000251455cdec0, 0x00000251455cd970, 0x00000251455c9460, 0x00000251455ce410,
0x00000251455cc430, 0x00000251455cbee0, 0x00000251455c8f10, 0x00000251455c7480,
0x00000251455c99b0, 0x00000251455cc980, 0x00000251455ca450, 0x00000251455cced0,
0x00000251455c6f30, 0x00000251455c69e0, 0x00000251455c79d0, 0x00000251455c7f20,
0x00000251455cb440, 0x00000251455c9f00, 0x00000251455c8470, 0x00000251455c89c0,
0x00000251455ca9a0, 0x00000251455cd420, 0x00000251455caef0, 0x00000251455cb990,
0x0000025144f1b0b0, 0x0000025144f19620, 0x0000025144f1d090, 0x0000025144f1d5e0,
0x0000025144f180e0, 0x0000025144f1cb40, 0x0000025144f1e5d0, 0x0000025144f19b70,
0x0000025144f190d0, 0x0000025144f1a0c0, 0x0000025144f1b600, 0x0000025144f18630,
0x0000025144f18b80, 0x0000025144f1a610, 0x0000025144f1fb10
}

Java Threads: ( => current thread )
  0x00000251221a5940 JavaThread "main" [_thread_blocked, id=34800, stack(0x000000d61d700000,0x000000d61d800000)]
  0x000002513ebbd950 JavaThread "Reference Handler" daemon [_thread_blocked, id=35036, stack(0x000000d61de00000,0x000000d61df00000)]
  0x000002513ebc1450 JavaThread "Finalizer" daemon [_thread_blocked, id=35040, stack(0x000000d61df00000,0x000000d61e000000)]
  0x000002513ebc1d90 JavaThread "Signal Dispatcher" daemon [_thread_blocked, id=35044, stack(0x000000d61e000000,0x000000d61e100000)]
  0x000002513ebc26d0 JavaThread "Attach Listener" daemon [_thread_blocked, id=35048, stack(0x000000d61e100000,0x000000d61e200000)]
  0x000002513ebc3010 JavaThread "Service Thread" daemon [_thread_blocked, id=35052, stack(0x000000d61e200000,0x000000d61e300000)]
  0x000002513ebc3950 JavaThread "Monitor Deflation Thread" daemon [_thread_blocked, id=35056, stack(0x000000d61e300000,0x000000d61e400000)]
=>0x000002513ebc45c0 JavaThread "C2 CompilerThread0" daemon [_thread_in_native, id=35060, stack(0x000000d61e400000,0x000000d61e500000)]
  0x000002513ebc75d0 JavaThread "C1 CompilerThread0" daemon [_thread_blocked, id=35088, stack(0x000000d61e500000,0x000000d61e600000)]
  0x000002514302bf70 JavaThread "Common-Cleaner" daemon [_thread_blocked, id=35160, stack(0x000000d61e600000,0x000000d61e700000)]
  0x00000251430308c0 JavaThread "Notification Thread" daemon [_thread_blocked, id=35164, stack(0x000000d61e700000,0x000000d61e800000)]
  0x0000025143b6ce30 JavaThread "Daemon health stats" [_thread_blocked, id=36664, stack(0x000000d61ed00000,0x000000d61ee00000)]
  0x0000025144396170 JavaThread "Incoming local TCP Connector on port 62615" [_thread_in_native, id=35988, stack(0x000000d61ee00000,0x000000d61ef00000)]
  0x0000025143dcaa70 JavaThread "Daemon periodic checks" [_thread_blocked, id=35880, stack(0x000000d61ef00000,0x000000d61f000000)]
  0x00000251432a2d00 JavaThread "Daemon" [_thread_blocked, id=27460, stack(0x000000d61f000000,0x000000d61f100000)]
  0x000002514325d050 JavaThread "Handler for socket connection from /127.0.0.1:62615 to /127.0.0.1:62638" [_thread_in_native, id=6508, stack(0x000000d61f100000,0x000000d61f200000)]
  0x000002514325b070 JavaThread "Cancel handler" [_thread_blocked, id=10804, stack(0x000000d61f200000,0x000000d61f300000)]
  0x000002514325bb10 JavaThread "Daemon worker" [_thread_in_Java, id=30972, stack(0x000000d61f300000,0x000000d61f400000)]
  0x000002514325e590 JavaThread "Asynchronous log dispatcher for DefaultDaemonConnection: socket connection from /127.0.0.1:62615 to /127.0.0.1:62638" [_thread_blocked, id=34104, stack(0x000000d61f400000,0x000000d61f500000)]
  0x000002514325cb00 JavaThread "Daemon client event forwarder" [_thread_blocked, id=34708, stack(0x000000d61f600000,0x000000d61f700000)]
  0x000002514325b5c0 JavaThread "Cache worker for journal cache (C:\Users\alkar\.gradle\caches\journal-1)" [_thread_blocked, id=35268, stack(0x000000d61f700000,0x000000d61f800000)]
  0x000002514325e040 JavaThread "File lock request listener" [_thread_in_native, id=35264, stack(0x000000d61f800000,0x000000d61f900000)]
  0x000002514325d5a0 JavaThread "Cache worker for file hash cache (C:\Users\alkar\.gradle\caches\7.5.1\fileHashes)" [_thread_blocked, id=33288, stack(0x000000d61f900000,0x000000d61fa00000)]
  0x000002514325daf0 JavaThread "File watcher server" daemon [_thread_in_native, id=26072, stack(0x000000d61fd00000,0x000000d61fe00000)]
  0x0000025144baab70 JavaThread "File watcher consumer" daemon [_thread_blocked, id=29456, stack(0x000000d61fe00000,0x000000d61ff00000)]
  0x0000025144ba6660 JavaThread "Cache worker for checksums cache (C:\Users\alkar\OneDrive\Documents\GitHub\WeatherApp\android\.gradle\7.5.1\checksums)" [_thread_blocked, id=34744, stack(0x000000d61ff00000,0x000000d620000000)]
  0x0000025144bab0c0 JavaThread "Cache worker for cache directory md-rule (C:\Users\alkar\.gradle\caches\7.5.1\md-rule)" [_thread_blocked, id=36988, stack(0x000000d620100000,0x000000d620200000)]
  0x0000025144ba7ba0 JavaThread "Cache worker for file content cache (C:\Users\alkar\.gradle\caches\7.5.1\fileContent)" [_thread_blocked, id=37104, stack(0x000000d620400000,0x000000d620500000)]
  0x0000025144ba5120 JavaThread "Cache worker for file hash cache (C:\Users\alkar\OneDrive\Documents\GitHub\WeatherApp\android\.gradle\7.5.1\fileHashes)" [_thread_blocked, id=37528, stack(0x000000d620500000,0x000000d620600000)]
  0x0000025144ba80f0 JavaThread "Cache worker for cache directory md-supplier (C:\Users\alkar\.gradle\caches\7.5.1\md-supplier)" [_thread_blocked, id=37664, stack(0x000000d620600000,0x000000d620700000)]
  0x0000025144ba6bb0 JavaThread "Cache worker for execution history cache (C:\Users\alkar\.gradle\caches\7.5.1\executionHistory)" [_thread_blocked, id=20100, stack(0x000000d620700000,0x000000d620800000)]
  0x0000025144ba7650 JavaThread "jar transforms" [_thread_blocked, id=32112, stack(0x000000d61d400000,0x000000d61d500000)]
  0x0000025144bab610 JavaThread "jar transforms Thread 2" [_thread_blocked, id=15472, stack(0x000000d61d600000,0x000000d61d700000)]
  0x0000025144ba90e0 JavaThread "jar transforms Thread 3" [_thread_blocked, id=38112, stack(0x000000d620800000,0x000000d620900000)]
  0x0000025144baa0d0 JavaThread "jar transforms Thread 4" [_thread_blocked, id=38328, stack(0x000000d620900000,0x000000d620a00000)]
  0x0000025144babb60 JavaThread "Cache worker for kotlin-dsl (C:\Users\alkar\.gradle\caches\7.5.1\kotlin-dsl)" [_thread_blocked, id=38340, stack(0x000000d620a00000,0x000000d620b00000)]
  0x0000025144ba5670 JavaThread "jar transforms Thread 5" [_thread_blocked, id=19492, stack(0x000000d620200000,0x000000d620300000)]
  0x0000025144ba5bc0 JavaThread "File lock release action executor Thread 2" [_thread_blocked, id=24080, stack(0x000000d61d500000,0x000000d61d600000)]
  0x000002514325c060 JavaThread "jar transforms Thread 6" [_thread_blocked, id=41760, stack(0x000000d61f500000,0x000000d61f600000)]
  0x000002514325c5b0 JavaThread "Cache worker for dependencies-accessors (C:\Users\alkar\OneDrive\Documents\GitHub\WeatherApp\android\.gradle\7.5.1\dependencies-accessors)" [_thread_blocked, id=41172, stack(0x000000d620300000,0x000000d620400000)]
  0x00000251455cdec0 JavaThread "Cache worker for Build Output Cleanup Cache (C:\Users\alkar\OneDrive\Documents\GitHub\WeatherApp\node_modules\react-native-gradle-plugin\.gradle\buildOutputCleanup)" [_thread_blocked, id=40280, stack(0x000000d620b00000,0x000000d620c00000)]
  0x00000251455cd970 JavaThread "jar transforms Thread 7" [_thread_blocked, id=40032, stack(0x000000d620d00000,0x000000d620e00000)]
  0x00000251455c9460 JavaThread "Unconstrained build operations" [_thread_blocked, id=19056, stack(0x000000d620e00000,0x000000d620f00000)]
  0x00000251455ce410 JavaThread "Unconstrained build operations Thread 2" [_thread_blocked, id=43888, stack(0x000000d620f00000,0x000000d621000000)]
  0x00000251455cc430 JavaThread "Unconstrained build operations Thread 3" [_thread_blocked, id=30272, stack(0x000000d621000000,0x000000d621100000)]
  0x00000251455cbee0 JavaThread "Unconstrained build operations Thread 4" [_thread_blocked, id=11884, stack(0x000000d621100000,0x000000d621200000)]
  0x00000251455c8f10 JavaThread "Unconstrained build operations Thread 5" [_thread_blocked, id=42232, stack(0x000000d621200000,0x000000d621300000)]
  0x00000251455c7480 JavaThread "Unconstrained build operations Thread 6" [_thread_blocked, id=42088, stack(0x000000d621300000,0x000000d621400000)]
  0x00000251455c99b0 JavaThread "Unconstrained build operations Thread 7" [_thread_blocked, id=4272, stack(0x000000d621400000,0x000000d621500000)]
  0x00000251455cc980 JavaThread "Unconstrained build operations Thread 8" [_thread_blocked, id=25288, stack(0x000000d621500000,0x000000d621600000)]
  0x00000251455ca450 JavaThread "Unconstrained build operations Thread 9" [_thread_blocked, id=30792, stack(0x000000d621600000,0x000000d621700000)]
  0x00000251455cced0 JavaThread "Unconstrained build operations Thread 10" [_thread_blocked, id=8048, stack(0x000000d621700000,0x000000d621800000)]
  0x00000251455c6f30 JavaThread "Unconstrained build operations Thread 11" [_thread_blocked, id=22652, stack(0x000000d621800000,0x000000d621900000)]
  0x00000251455c69e0 JavaThread "Unconstrained build operations Thread 12" [_thread_blocked, id=12364, stack(0x000000d621900000,0x000000d621a00000)]
  0x00000251455c79d0 JavaThread "Unconstrained build operations Thread 13" [_thread_blocked, id=10664, stack(0x000000d621a00000,0x000000d621b00000)]
  0x00000251455c7f20 JavaThread "Unconstrained build operations Thread 14" [_thread_blocked, id=32284, stack(0x000000d621b00000,0x000000d621c00000)]
  0x00000251455cb440 JavaThread "Unconstrained build operations Thread 15" [_thread_blocked, id=27972, stack(0x000000d621c00000,0x000000d621d00000)]
  0x00000251455c9f00 JavaThread "Unconstrained build operations Thread 16" [_thread_blocked, id=14168, stack(0x000000d621d00000,0x000000d621e00000)]
  0x00000251455c8470 JavaThread "Unconstrained build operations Thread 17" [_thread_blocked, id=29348, stack(0x000000d621e00000,0x000000d621f00000)]
  0x00000251455c89c0 JavaThread "Unconstrained build operations Thread 18" [_thread_blocked, id=29604, stack(0x000000d621f00000,0x000000d622000000)]
  0x00000251455ca9a0 JavaThread "Unconstrained build operations Thread 19" [_thread_blocked, id=31968, stack(0x000000d622000000,0x000000d622100000)]
  0x00000251455cd420 JavaThread "Unconstrained build operations Thread 20" [_thread_blocked, id=30728, stack(0x000000d622100000,0x000000d622200000)]
  0x00000251455caef0 JavaThread "Unconstrained build operations Thread 21" [_thread_blocked, id=26116, stack(0x000000d622200000,0x000000d622300000)]
  0x00000251455cb990 JavaThread "Unconstrained build operations Thread 22" [_thread_blocked, id=43872, stack(0x000000d622300000,0x000000d622400000)]
  0x0000025144f1b0b0 JavaThread "Unconstrained build operations Thread 23" [_thread_blocked, id=31972, stack(0x000000d622400000,0x000000d622500000)]
  0x0000025144f19620 JavaThread "Unconstrained build operations Thread 24" [_thread_blocked, id=19508, stack(0x000000d622500000,0x000000d622600000)]
  0x0000025144f1d090 JavaThread "Unconstrained build operations Thread 25" [_thread_blocked, id=26896, stack(0x000000d622600000,0x000000d622700000)]
  0x0000025144f1d5e0 JavaThread "Unconstrained build operations Thread 26" [_thread_blocked, id=25956, stack(0x000000d622700000,0x000000d622800000)]
  0x0000025144f180e0 JavaThread "Unconstrained build operations Thread 27" [_thread_blocked, id=1068, stack(0x000000d622800000,0x000000d622900000)]
  0x0000025144f1cb40 JavaThread "Unconstrained build operations Thread 28" [_thread_blocked, id=14584, stack(0x000000d622900000,0x000000d622a00000)]
  0x0000025144f1e5d0 JavaThread "Unconstrained build operations Thread 29" [_thread_blocked, id=13468, stack(0x000000d622a00000,0x000000d622b00000)]
  0x0000025144f19b70 JavaThread "Unconstrained build operations Thread 30" [_thread_blocked, id=22792, stack(0x000000d622b00000,0x000000d622c00000)]
  0x0000025144f190d0 JavaThread "Unconstrained build operations Thread 31" [_thread_blocked, id=40320, stack(0x000000d622c00000,0x000000d622d00000)]
  0x0000025144f1a0c0 JavaThread "Unconstrained build operations Thread 32" [_thread_blocked, id=15960, stack(0x000000d622d00000,0x000000d622e00000)]
  0x0000025144f1b600 JavaThread "Unconstrained build operations Thread 33" [_thread_blocked, id=37460, stack(0x000000d622e00000,0x000000d622f00000)]
  0x0000025144f18630 JavaThread "jar transforms Thread 8" [_thread_blocked, id=27608, stack(0x000000d622f00000,0x000000d623000000)]
  0x0000025144f18b80 JavaThread "build event listener" [_thread_blocked, id=39952, stack(0x000000d620c00000,0x000000d620d00000)]
  0x0000025144f1a610 JavaThread "Memory manager" [_thread_blocked, id=37648, stack(0x000000d623000000,0x000000d623100000)]
  0x0000025144f1fb10 JavaThread "Cache worker for Build Output Cleanup Cache (C:\Users\alkar\OneDrive\Documents\GitHub\WeatherApp\android\.gradle\buildOutputCleanup)" [_thread_blocked, id=43368, stack(0x000000d623100000,0x000000d623200000)]

Other Threads:
  0x000002513eb9a440 VMThread "VM Thread" [stack: 0x000000d61dd00000,0x000000d61de00000] [id=34872]
  0x0000025143031200 WatcherThread "VM Periodic Task Thread" [stack: 0x000000d61e800000,0x000000d61e900000] [id=35172]
  0x0000025122204be0 WorkerThread "GC Thread#0" [stack: 0x000000d61d800000,0x000000d61d900000] [id=14424]
  0x000002514393f030 WorkerThread "GC Thread#1" [stack: 0x000000d61e900000,0x000000d61ea00000] [id=36044]
  0x00000251439c6f40 WorkerThread "GC Thread#2" [stack: 0x000000d61ea00000,0x000000d61eb00000] [id=36048]
  0x00000251439c7d50 WorkerThread "GC Thread#3" [stack: 0x000000d61eb00000,0x000000d61ec00000] [id=36076]
  0x00000251439c66d0 WorkerThread "GC Thread#4" [stack: 0x000000d61ec00000,0x000000d61ed00000] [id=36328]
  0x0000025144ff49e0 WorkerThread "GC Thread#5" [stack: 0x000000d61fa00000,0x000000d61fb00000] [id=19344]
  0x0000025144ff4cb0 WorkerThread "GC Thread#6" [stack: 0x000000d61fb00000,0x000000d61fc00000] [id=35580]
  0x0000025144ff1740 WorkerThread "GC Thread#7" [stack: 0x000000d61fc00000,0x000000d61fd00000] [id=36292]
  0x00000251222158a0 ConcurrentGCThread "G1 Main Marker" [stack: 0x000000d61d900000,0x000000d61da00000] [id=27060]
  0x0000025122216080 WorkerThread "G1 Conc#0" [stack: 0x000000d61da00000,0x000000d61db00000] [id=34416]
  0x0000025144ff2af0 WorkerThread "G1 Conc#1" [stack: 0x000000d620000000,0x000000d620100000] [id=36976]
  0x000002513ea5d120 ConcurrentGCThread "G1 Refine#0" [stack: 0x000000d61db00000,0x000000d61dc00000] [id=34084]
  0x000002513ea5d970 ConcurrentGCThread "G1 Service" [stack: 0x000000d61dc00000,0x000000d61dd00000] [id=29040]

Threads with active compile tasks:
C2 CompilerThread0   473603 7437       4       org.gradle.internal.reflect.ClassInspector::inspectClass (179 bytes)
C1 CompilerThread0   473603 7450       3       org.gradle.internal.event.DefaultListenerManager$EventBroadcast$ListenerDispatch::<init> (16 bytes)

VM state: not at safepoint (normal execution)

VM Mutex/Monitor currently owned by a thread:  ([mutex/lock_event])
[0x000002512219f3f0] MethodCompileQueue_lock - owner thread: 0x0000000000000000

Heap address: 0x0000000080000000, size: 2048 MB, Compressed Oops mode: 32-bit

CDS archive(s) mapped at: [0x0000000800000000-0x0000000800c60000-0x0000000800c60000), size 12976128, SharedBaseAddress: 0x0000000800000000, ArchiveRelocationMode: 0.
Compressed class space mapped at: 0x0000000801000000-0x000000081ac00000, reserved size: 432013312
Narrow klass base: 0x0000000800000000, Narrow klass shift: 0, Narrow klass range: 0x100000000

GC Precious Log:
 CardTable entry size: 512
 Card Set container configuration: InlinePtr #cards 5 size 8 Array Of Cards #cards 12 size 40 Howl #buckets 4 coarsen threshold 1843 Howl Bitmap #cards 512 size 80 coarsen threshold 460 Card regions per heap region 1 cards per card region 2048
 CPUs: 8 total, 8 available
 Memory: 7953M
 Large Page Support: Disabled
 NUMA Support: Disabled
 Compressed Oops: Enabled (32-bit)
 Heap Region Size: 1M
 Heap Min Capacity: 8M
 Heap Initial Capacity: 126M
 Heap Max Capacity: 2G
 Pre-touch: Disabled
 Parallel Workers: 8
 Concurrent Workers: 2
 Concurrent Refinement Workers: 8
 Periodic GC: Disabled

Heap:
 garbage-first heap   total 95232K, used 71517K [0x0000000080000000, 0x0000000100000000)
  region size 1024K, 29 young (29696K), 4 survivors (4096K)
 Metaspace       used 58858K, committed 60608K, reserved 487424K
  class space    used 8251K, committed 9088K, reserved 421888K

Heap Regions: E=young(eden), S=young(survivor), O=old, HS=humongous(starts), HC=humongous(continues), CS=collection set, F=free, OA=open archive, CA=closed archive, TAMS=top-at-mark-start, PB=parsable bottom
|   0|0x0000000080000000, 0x0000000080100000, 0x0000000080100000|100%| O|  |TAMS 0x0000000080000000| PB 0x0000000080000000| Untracked 
|   1|0x0000000080100000, 0x0000000080200000, 0x0000000080200000|100%| O|  |TAMS 0x0000000080100000| PB 0x0000000080100000| Untracked 
|   2|0x0000000080200000, 0x0000000080300000, 0x0000000080300000|100%| O|  |TAMS 0x0000000080200000| PB 0x0000000080200000| Untracked 
|   3|0x0000000080300000, 0x0000000080400000, 0x0000000080400000|100%|HS|  |TAMS 0x0000000080300000| PB 0x0000000080300000| Complete 
|   4|0x0000000080400000, 0x0000000080500000, 0x0000000080500000|100%|HC|  |TAMS 0x0000000080400000| PB 0x0000000080400000| Complete 
|   5|0x0000000080500000, 0x0000000080600000, 0x0000000080600000|100%|HC|  |TAMS 0x0000000080500000| PB 0x0000000080500000| Complete 
|   6|0x0000000080600000, 0x0000000080700000, 0x0000000080700000|100%| O|  |TAMS 0x0000000080600000| PB 0x0000000080600000| Untracked 
|   7|0x0000000080700000, 0x0000000080800000, 0x0000000080800000|100%| O|  |TAMS 0x0000000080700000| PB 0x0000000080700000| Untracked 
|   8|0x0000000080800000, 0x0000000080900000, 0x0000000080900000|100%| O|  |TAMS 0x0000000080800000| PB 0x0000000080800000| Untracked 
|   9|0x0000000080900000, 0x0000000080a00000, 0x0000000080a00000|100%| O|  |TAMS 0x0000000080900000| PB 0x0000000080900000| Untracked 
|  10|0x0000000080a00000, 0x0000000080b00000, 0x0000000080b00000|100%| O|  |TAMS 0x0000000080a00000| PB 0x0000000080a00000| Untracked 
|  11|0x0000000080b00000, 0x0000000080c00000, 0x0000000080c00000|100%| O|  |TAMS 0x0000000080b00000| PB 0x0000000080b00000| Untracked 
|  12|0x0000000080c00000, 0x0000000080d00000, 0x0000000080d00000|100%| O|  |TAMS 0x0000000080c00000| PB 0x0000000080c00000| Untracked 
|  13|0x0000000080d00000, 0x0000000080e00000, 0x0000000080e00000|100%|HS|  |TAMS 0x0000000080d00000| PB 0x0000000080d00000| Complete 
|  14|0x0000000080e00000, 0x0000000080f00000, 0x0000000080f00000|100%| O|  |TAMS 0x0000000080e00000| PB 0x0000000080e00000| Untracked 
|  15|0x0000000080f00000, 0x0000000081000000, 0x0000000081000000|100%| O|  |TAMS 0x0000000080f00000| PB 0x0000000080f00000| Untracked 
|  16|0x0000000081000000, 0x0000000081100000, 0x0000000081100000|100%| O|  |TAMS 0x0000000081000000| PB 0x0000000081000000| Untracked 
|  17|0x0000000081100000, 0x0000000081200000, 0x0000000081200000|100%| O|  |TAMS 0x0000000081100000| PB 0x0000000081100000| Untracked 
|  18|0x0000000081200000, 0x0000000081300000, 0x0000000081300000|100%| O|  |TAMS 0x0000000081200000| PB 0x0000000081200000| Untracked 
|  19|0x0000000081300000, 0x0000000081400000, 0x0000000081400000|100%| O|  |TAMS 0x0000000081300000| PB 0x0000000081300000| Untracked 
|  20|0x0000000081400000, 0x0000000081500000, 0x0000000081500000|100%| O|  |TAMS 0x0000000081400000| PB 0x0000000081400000| Untracked 
|  21|0x0000000081500000, 0x0000000081600000, 0x0000000081600000|100%| O|  |TAMS 0x0000000081500000| PB 0x0000000081500000| Untracked 
|  22|0x0000000081600000, 0x0000000081700000, 0x0000000081700000|100%| O|  |TAMS 0x0000000081600000| PB 0x0000000081600000| Untracked 
|  23|0x0000000081700000, 0x0000000081800000, 0x0000000081800000|100%| O|  |TAMS 0x0000000081700000| PB 0x0000000081700000| Untracked 
|  24|0x0000000081800000, 0x0000000081900000, 0x0000000081900000|100%| O|  |TAMS 0x0000000081800000| PB 0x0000000081800000| Untracked 
|  25|0x0000000081900000, 0x0000000081a00000, 0x0000000081a00000|100%| O|  |TAMS 0x0000000081900000| PB 0x0000000081900000| Untracked 
|  26|0x0000000081a00000, 0x0000000081b00000, 0x0000000081b00000|100%| O|  |TAMS 0x0000000081a00000| PB 0x0000000081a00000| Untracked 
|  27|0x0000000081b00000, 0x0000000081c00000, 0x0000000081c00000|100%| O|  |TAMS 0x0000000081b00000| PB 0x0000000081b00000| Untracked 
|  28|0x0000000081c00000, 0x0000000081d00000, 0x0000000081d00000|100%| O|  |TAMS 0x0000000081c00000| PB 0x0000000081c00000| Untracked 
|  29|0x0000000081d00000, 0x0000000081e00000, 0x0000000081e00000|100%| O|  |TAMS 0x0000000081d00000| PB 0x0000000081d00000| Complete 
|  30|0x0000000081e00000, 0x0000000081f00000, 0x0000000081f00000|100%|HS|  |TAMS 0x0000000081e00000| PB 0x0000000081e00000| Complete 
|  31|0x0000000081f00000, 0x0000000082000000, 0x0000000082000000|100%|HC|  |TAMS 0x0000000081f00000| PB 0x0000000081f00000| Complete 
|  32|0x0000000082000000, 0x0000000082100000, 0x0000000082100000|100%|HC|  |TAMS 0x0000000082000000| PB 0x0000000082000000| Complete 
|  33|0x0000000082100000, 0x0000000082100000, 0x0000000082200000|  0%| F|  |TAMS 0x0000000082100000| PB 0x0000000082100000| Untracked 
|  34|0x0000000082200000, 0x0000000082200000, 0x0000000082300000|  0%| F|  |TAMS 0x0000000082200000| PB 0x0000000082200000| Untracked 
|  35|0x0000000082300000, 0x0000000082300000, 0x0000000082400000|  0%| F|  |TAMS 0x0000000082300000| PB 0x0000000082300000| Untracked 
|  36|0x0000000082400000, 0x0000000082500000, 0x0000000082500000|100%| O|  |TAMS 0x0000000082400000| PB 0x0000000082400000| Untracked 
|  37|0x0000000082500000, 0x0000000082500000, 0x0000000082600000|  0%| F|  |TAMS 0x0000000082500000| PB 0x0000000082500000| Untracked 
|  38|0x0000000082600000, 0x0000000082600000, 0x0000000082700000|  0%| F|  |TAMS 0x0000000082600000| PB 0x0000000082600000| Untracked 
|  39|0x0000000082700000, 0x0000000082800000, 0x0000000082800000|100%| O|  |TAMS 0x0000000082700000| PB 0x0000000082700000| Untracked 
|  40|0x0000000082800000, 0x0000000082900000, 0x0000000082900000|100%| O|  |TAMS 0x0000000082800000| PB 0x0000000082800000| Untracked 
|  41|0x0000000082900000, 0x0000000082a00000, 0x0000000082a00000|100%| O|  |TAMS 0x0000000082900000| PB 0x0000000082900000| Untracked 
|  42|0x0000000082a00000, 0x0000000082b00000, 0x0000000082b00000|100%| O|  |TAMS 0x0000000082a00000| PB 0x0000000082a00000| Untracked 
|  43|0x0000000082b00000, 0x0000000082c00000, 0x0000000082c00000|100%| O|  |TAMS 0x0000000082b00000| PB 0x0000000082b00000| Untracked 
|  44|0x0000000082c00000, 0x0000000082d00000, 0x0000000082d00000|100%| O|  |TAMS 0x0000000082c00000| PB 0x0000000082c00000| Untracked 
|  45|0x0000000082d00000, 0x0000000082dd7600, 0x0000000082e00000| 84%| O|  |TAMS 0x0000000082d00000| PB 0x0000000082d00000| Untracked 
|  46|0x0000000082e00000, 0x0000000082e00000, 0x0000000082f00000|  0%| F|  |TAMS 0x0000000082e00000| PB 0x0000000082e00000| Untracked 
|  47|0x0000000082f00000, 0x0000000083000000, 0x0000000083000000|100%| S|CS|TAMS 0x0000000082f00000| PB 0x0000000082f00000| Complete 
|  48|0x0000000083000000, 0x0000000083100000, 0x0000000083100000|100%| S|CS|TAMS 0x0000000083000000| PB 0x0000000083000000| Complete 
|  49|0x0000000083100000, 0x0000000083100000, 0x0000000083200000|  0%| F|  |TAMS 0x0000000083100000| PB 0x0000000083100000| Untracked 
|  50|0x0000000083200000, 0x0000000083200000, 0x0000000083300000|  0%| F|  |TAMS 0x0000000083200000| PB 0x0000000083200000| Untracked 
|  51|0x0000000083300000, 0x0000000083300000, 0x0000000083400000|  0%| F|  |TAMS 0x0000000083300000| PB 0x0000000083300000| Untracked 
|  52|0x0000000083400000, 0x0000000083500000, 0x0000000083500000|100%| S|CS|TAMS 0x0000000083400000| PB 0x0000000083400000| Complete 
|  53|0x0000000083500000, 0x0000000083600000, 0x0000000083600000|100%| S|CS|TAMS 0x0000000083500000| PB 0x0000000083500000| Complete 
|  54|0x0000000083600000, 0x0000000083600000, 0x0000000083700000|  0%| F|  |TAMS 0x0000000083600000| PB 0x0000000083600000| Untracked 
|  55|0x0000000083700000, 0x0000000083700000, 0x0000000083800000|  0%| F|  |TAMS 0x0000000083700000| PB 0x0000000083700000| Untracked 
|  56|0x0000000083800000, 0x0000000083800000, 0x0000000083900000|  0%| F|  |TAMS 0x0000000083800000| PB 0x0000000083800000| Untracked 
|  57|0x0000000083900000, 0x0000000083900000, 0x0000000083a00000|  0%| F|  |TAMS 0x0000000083900000| PB 0x0000000083900000| Untracked 
|  58|0x0000000083a00000, 0x0000000083a00000, 0x0000000083b00000|  0%| F|  |TAMS 0x0000000083a00000| PB 0x0000000083a00000| Untracked 
|  59|0x0000000083b00000, 0x0000000083b00000, 0x0000000083c00000|  0%| F|  |TAMS 0x0000000083b00000| PB 0x0000000083b00000| Untracked 
|  60|0x0000000083c00000, 0x0000000083c00000, 0x0000000083d00000|  0%| F|  |TAMS 0x0000000083c00000| PB 0x0000000083c00000| Untracked 
|  61|0x0000000083d00000, 0x0000000083d00000, 0x0000000083e00000|  0%| F|  |TAMS 0x0000000083d00000| PB 0x0000000083d00000| Untracked 
|  62|0x0000000083e00000, 0x0000000083e00000, 0x0000000083f00000|  0%| F|  |TAMS 0x0000000083e00000| PB 0x0000000083e00000| Untracked 
|  63|0x0000000083f00000, 0x0000000083f00000, 0x0000000084000000|  0%| F|  |TAMS 0x0000000083f00000| PB 0x0000000083f00000| Untracked 
|  64|0x0000000084000000, 0x0000000084000000, 0x0000000084100000|  0%| F|  |TAMS 0x0000000084000000| PB 0x0000000084000000| Untracked 
|  65|0x0000000084100000, 0x0000000084100000, 0x0000000084200000|  0%| F|  |TAMS 0x0000000084100000| PB 0x0000000084100000| Untracked 
|  66|0x0000000084200000, 0x0000000084200000, 0x0000000084300000|  0%| F|  |TAMS 0x0000000084200000| PB 0x0000000084200000| Untracked 
|  67|0x0000000084300000, 0x0000000084380800, 0x0000000084400000| 50%| E|  |TAMS 0x0000000084300000| PB 0x0000000084300000| Complete 
|  68|0x0000000084400000, 0x0000000084500000, 0x0000000084500000|100%| E|CS|TAMS 0x0000000084400000| PB 0x0000000084400000| Complete 
|  69|0x0000000084500000, 0x0000000084600000, 0x0000000084600000|100%| E|CS|TAMS 0x0000000084500000| PB 0x0000000084500000| Complete 
|  70|0x0000000084600000, 0x0000000084700000, 0x0000000084700000|100%| E|CS|TAMS 0x0000000084600000| PB 0x0000000084600000| Complete 
|  71|0x0000000084700000, 0x0000000084800000, 0x0000000084800000|100%| E|CS|TAMS 0x0000000084700000| PB 0x0000000084700000| Complete 
|  72|0x0000000084800000, 0x0000000084900000, 0x0000000084900000|100%| E|CS|TAMS 0x0000000084800000| PB 0x0000000084800000| Complete 
|  73|0x0000000084900000, 0x0000000084a00000, 0x0000000084a00000|100%| E|CS|TAMS 0x0000000084900000| PB 0x0000000084900000| Complete 
|  74|0x0000000084a00000, 0x0000000084b00000, 0x0000000084b00000|100%| E|CS|TAMS 0x0000000084a00000| PB 0x0000000084a00000| Complete 
|  75|0x0000000084b00000, 0x0000000084c00000, 0x0000000084c00000|100%| E|CS|TAMS 0x0000000084b00000| PB 0x0000000084b00000| Complete 
|  76|0x0000000084c00000, 0x0000000084d00000, 0x0000000084d00000|100%| E|CS|TAMS 0x0000000084c00000| PB 0x0000000084c00000| Complete 
|  77|0x0000000084d00000, 0x0000000084e00000, 0x0000000084e00000|100%| E|CS|TAMS 0x0000000084d00000| PB 0x0000000084d00000| Complete 
|  78|0x0000000084e00000, 0x0000000084f00000, 0x0000000084f00000|100%| E|CS|TAMS 0x0000000084e00000| PB 0x0000000084e00000| Complete 
|  79|0x0000000084f00000, 0x0000000085000000, 0x0000000085000000|100%| E|CS|TAMS 0x0000000084f00000| PB 0x0000000084f00000| Complete 
|  80|0x0000000085000000, 0x0000000085100000, 0x0000000085100000|100%| E|CS|TAMS 0x0000000085000000| PB 0x0000000085000000| Complete 
|  81|0x0000000085100000, 0x0000000085200000, 0x0000000085200000|100%| E|CS|TAMS 0x0000000085100000| PB 0x0000000085100000| Complete 
|  82|0x0000000085200000, 0x0000000085300000, 0x0000000085300000|100%| E|CS|TAMS 0x0000000085200000| PB 0x0000000085200000| Complete 
|  83|0x0000000085300000, 0x0000000085400000, 0x0000000085400000|100%| E|CS|TAMS 0x0000000085300000| PB 0x0000000085300000| Complete 
|  84|0x0000000085400000, 0x0000000085500000, 0x0000000085500000|100%| E|CS|TAMS 0x0000000085400000| PB 0x0000000085400000| Complete 
|  85|0x0000000085500000, 0x0000000085600000, 0x0000000085600000|100%| E|CS|TAMS 0x0000000085500000| PB 0x0000000085500000| Complete 
| 106|0x0000000086a00000, 0x0000000086b00000, 0x0000000086b00000|100%| E|CS|TAMS 0x0000000086a00000| PB 0x0000000086a00000| Complete 
| 107|0x0000000086b00000, 0x0000000086c00000, 0x0000000086c00000|100%| E|CS|TAMS 0x0000000086b00000| PB 0x0000000086b00000| Complete 
| 122|0x0000000087a00000, 0x0000000087b00000, 0x0000000087b00000|100%| E|CS|TAMS 0x0000000087a00000| PB 0x0000000087a00000| Complete 
| 123|0x0000000087b00000, 0x0000000087c00000, 0x0000000087c00000|100%| E|CS|TAMS 0x0000000087b00000| PB 0x0000000087b00000| Complete 
| 124|0x0000000087c00000, 0x0000000087d00000, 0x0000000087d00000|100%| E|CS|TAMS 0x0000000087c00000| PB 0x0000000087c00000| Complete 
| 125|0x0000000087d00000, 0x0000000087e00000, 0x0000000087e00000|100%| E|CS|TAMS 0x0000000087d00000| PB 0x0000000087d00000| Complete 
|2047|0x00000000fff00000, 0x0000000100000000, 0x0000000100000000|100%| O|  |TAMS 0x00000000fff00000| PB 0x00000000fff00000| Untracked 

Card table byte_map: [0x0000025139990000,0x0000025139d90000] _byte_map_base: 0x0000025139590000

Marking Bits: (CMBitMap*) 0x0000025122204fc0
 Bits: [0x000002513a190000, 0x000002513c190000)

Polling page: 0x0000025121970000

Metaspace:

Usage:
  Non-class:     49.42 MB used.
      Class:      8.06 MB used.
       Both:     57.48 MB used.

Virtual space:
  Non-class space:       64.00 MB reserved,      50.31 MB ( 79%) committed,  1 nodes.
      Class space:      412.00 MB reserved,       8.88 MB (  2%) committed,  1 nodes.
             Both:      476.00 MB reserved,      59.19 MB ( 12%) committed. 

Chunk freelists:
   Non-Class:  1.09 MB
       Class:  3.16 MB
        Both:  4.25 MB

MaxMetaspaceSize: 512.00 MB
CompressedClassSpaceSize: 412.00 MB
Initial GC threshold: 21.00 MB
Current GC threshold: 96.50 MB
CDS: on
MetaspaceReclaimPolicy: balanced
 - commit_granule_bytes: 65536.
 - commit_granule_words: 8192.
 - virtual_space_node_default_size: 8388608.
 - enlarge_chunks_in_place: 1.
 - new_chunks_are_fully_committed: 0.
 - uncommit_free_chunks: 1.
 - use_allocation_guard: 0.


Internal statistics:

num_allocs_failed_limit: 6.
num_arena_births: 2970.
num_arena_deaths: 0.
num_vsnodes_births: 2.
num_vsnodes_deaths: 0.
num_space_committed: 947.
num_space_uncommitted: 0.
num_chunks_returned_to_freelist: 6.
num_chunks_taken_from_freelist: 5500.
num_chunk_merges: 6.
num_chunk_splits: 3652.
num_chunks_enlarged: 2355.
num_inconsistent_stats: 0.

CodeHeap 'non-profiled nmethods': size=120000Kb used=3597Kb max_used=3926Kb free=116402Kb
 bounds [0x0000025131d30000, 0x0000025132110000, 0x0000025139260000]
CodeHeap 'profiled nmethods': size=120000Kb used=12908Kb max_used=13233Kb free=107092Kb
 bounds [0x000002512a260000, 0x000002512af50000, 0x0000025131790000]
CodeHeap 'non-nmethods': size=5760Kb used=2824Kb max_used=2896Kb free=2936Kb
 bounds [0x0000025131790000, 0x0000025131a70000, 0x0000025131d30000]
 total_blobs=7539 nmethods=6647 adapters=802
 compilation: enabled
              stopped_count=0, restarted_count=0
 full_count=0

Compilation events (20 events):
Event: 473.321 Thread 0x000002513ebc75d0 7434       1       java.util.Collections$SingletonSet::size (2 bytes)
Event: 473.321 Thread 0x000002513ebc75d0 nmethod 7434 0x0000025131eea610 code [0x0000025131eea780, 0x0000025131eea848]
Event: 473.321 Thread 0x000002513ebc75d0 7435       3       org.gradle.api.internal.collections.FilteredCollection$FilteringIterator::next (30 bytes)
Event: 473.321 Thread 0x000002513ebc75d0 nmethod 7435 0x000002512a9ecd90 code [0x000002512a9ecf40, 0x000002512a9ed208]
Event: 473.321 Thread 0x000002513ebc75d0 7436       3       org.gradle.api.internal.artifacts.configurations.DefaultConfiguration_Decorated::isCanBeConsumed (45 bytes)
Event: 473.322 Thread 0x000002513ebc75d0 nmethod 7436 0x000002512a4f8e10 code [0x000002512a4f8fe0, 0x000002512a4f9440]
Event: 473.356 Thread 0x000002513ebc45c0 nmethod 7425 0x0000025131f4a010 code [0x0000025131f4a2c0, 0x0000025131f4c090]
Event: 473.356 Thread 0x000002513ebc45c0 7423       4       org.gradle.model.internal.asm.MethodVisitorScope::<init> (8 bytes)
Event: 473.357 Thread 0x000002513ebc45c0 nmethod 7423 0x0000025131eea290 code [0x0000025131eea400, 0x0000025131eea570]
Event: 473.409 Thread 0x000002513ebc45c0 7437       4       org.gradle.internal.reflect.ClassInspector::inspectClass (179 bytes)
Event: 473.434 Thread 0x000002513ebc75d0 7440       3       org.objectweb.asm.Type::getArgumentsAndReturnSizes (140 bytes)
Event: 473.436 Thread 0x000002513ebc75d0 nmethod 7440 0x000002512a84f010 code [0x000002512a84f3e0, 0x000002512a8511f0]
Event: 473.436 Thread 0x000002513ebc75d0 7443       3       org.objectweb.asm.Frame::pop (53 bytes)
Event: 473.436 Thread 0x000002513ebc75d0 nmethod 7443 0x000002512a922810 code [0x000002512a922a40, 0x000002512a9231b8]
Event: 473.436 Thread 0x000002513ebc75d0 7441       3       org.objectweb.asm.Frame::getAbstractTypeFromDescriptor (415 bytes)
Event: 473.438 Thread 0x000002513ebc75d0 nmethod 7441 0x000002512a2ff510 code [0x000002512a2ff8a0, 0x000002512a301408]
Event: 473.438 Thread 0x000002513ebc75d0 7442       3       org.objectweb.asm.Frame::push (59 bytes)
Event: 473.439 Thread 0x000002513ebc75d0 nmethod 7442 0x000002512a9a6d90 code [0x000002512a9a6fc0, 0x000002512a9a7778]
Event: 473.439 Thread 0x000002513ebc75d0 7444       3       java.lang.invoke.LambdaForm$DMH/0x0000000801285000::newInvokeSpecial (34 bytes)
Event: 473.439 Thread 0x000002513ebc75d0 nmethod 7444 0x000002512a67c590 code [0x000002512a67c760, 0x000002512a67cf00]

GC Heap History (20 events):
Event: 34.271 GC heap before
{Heap before GC invocations=2 (full 0):
 garbage-first heap   total 129024K, used 85148K [0x0000000080000000, 0x0000000100000000)
  region size 1024K, 75 young (76800K), 4 survivors (4096K)
 Metaspace       used 18180K, committed 18816K, reserved 487424K
  class space    used 2628K, committed 2944K, reserved 421888K
}
Event: 34.307 GC heap after
{Heap after GC invocations=3 (full 0):
 garbage-first heap   total 129024K, used 20326K [0x0000000080000000, 0x0000000100000000)
  region size 1024K, 10 young (10240K), 10 survivors (10240K)
 Metaspace       used 18180K, committed 18816K, reserved 487424K
  class space    used 2628K, committed 2944K, reserved 421888K
}
Event: 44.253 GC heap before
{Heap before GC invocations=3 (full 0):
 garbage-first heap   total 129024K, used 37734K [0x0000000080000000, 0x0000000100000000)
  region size 1024K, 28 young (28672K), 10 survivors (10240K)
 Metaspace       used 20791K, committed 21504K, reserved 487424K
  class space    used 3054K, committed 3392K, reserved 421888K
}
Event: 44.264 GC heap after
{Heap after GC invocations=4 (full 0):
 garbage-first heap   total 129024K, used 22225K [0x0000000080000000, 0x0000000100000000)
  region size 1024K, 2 young (2048K), 2 survivors (2048K)
 Metaspace       used 20791K, committed 21504K, reserved 487424K
  class space    used 3054K, committed 3392K, reserved 421888K
}
Event: 62.572 GC heap before
{Heap before GC invocations=5 (full 0):
 garbage-first heap   total 92160K, used 75473K [0x0000000080000000, 0x0000000100000000)
  region size 1024K, 54 young (55296K), 2 survivors (2048K)
 Metaspace       used 30475K, committed 31552K, reserved 487424K
  class space    used 4317K, committed 4864K, reserved 421888K
}
Event: 62.592 GC heap after
{Heap after GC invocations=6 (full 0):
 garbage-first heap   total 92160K, used 27387K [0x0000000080000000, 0x0000000100000000)
  region size 1024K, 7 young (7168K), 7 survivors (7168K)
 Metaspace       used 30475K, committed 31552K, reserved 487424K
  class space    used 4317K, committed 4864K, reserved 421888K
}
Event: 96.799 GC heap before
{Heap before GC invocations=6 (full 0):
 garbage-first heap   total 92160K, used 76539K [0x0000000080000000, 0x0000000100000000)
  region size 1024K, 53 young (54272K), 7 survivors (7168K)
 Metaspace       used 33824K, committed 34944K, reserved 487424K
  class space    used 4686K, committed 5248K, reserved 421888K
}
Event: 96.875 GC heap after
{Heap after GC invocations=7 (full 0):
 garbage-first heap   total 92160K, used 30111K [0x0000000080000000, 0x0000000100000000)
  region size 1024K, 4 young (4096K), 4 survivors (4096K)
 Metaspace       used 33824K, committed 34944K, reserved 487424K
  class space    used 4686K, committed 5248K, reserved 421888K
}
Event: 120.683 GC heap before
{Heap before GC invocations=7 (full 0):
 garbage-first heap   total 92160K, used 44447K [0x0000000080000000, 0x0000000100000000)
  region size 1024K, 19 young (19456K), 4 survivors (4096K)
 Metaspace       used 35186K, committed 36416K, reserved 487424K
  class space    used 4890K, committed 5504K, reserved 421888K
}
Event: 120.698 GC heap after
{Heap after GC invocations=8 (full 0):
 garbage-first heap   total 92160K, used 31510K [0x0000000080000000, 0x0000000100000000)
  region size 1024K, 6 young (6144K), 6 survivors (6144K)
 Metaspace       used 35186K, committed 36416K, reserved 487424K
  class space    used 4890K, committed 5504K, reserved 421888K
}
Event: 245.266 GC heap before
{Heap before GC invocations=9 (full 0):
 garbage-first heap   total 92160K, used 77590K [0x0000000080000000, 0x0000000100000000)
  region size 1024K, 51 young (52224K), 6 survivors (6144K)
 Metaspace       used 38462K, committed 39872K, reserved 487424K
  class space    used 5339K, committed 6016K, reserved 421888K
}
Event: 245.365 GC heap after
{Heap after GC invocations=10 (full 0):
 garbage-first heap   total 92160K, used 33105K [0x0000000080000000, 0x0000000100000000)
  region size 1024K, 4 young (4096K), 4 survivors (4096K)
 Metaspace       used 38462K, committed 39872K, reserved 487424K
  class space    used 5339K, committed 6016K, reserved 421888K
}
Event: 380.813 GC heap before
{Heap before GC invocations=10 (full 0):
 garbage-first heap   total 92160K, used 79185K [0x0000000080000000, 0x0000000100000000)
  region size 1024K, 49 young (50176K), 4 survivors (4096K)
 Metaspace       used 43030K, committed 44544K, reserved 487424K
  class space    used 6030K, committed 6720K, reserved 421888K
}
Event: 380.913 GC heap after
{Heap after GC invocations=11 (full 0):
 garbage-first heap   total 92160K, used 34731K [0x0000000080000000, 0x0000000100000000)
  region size 1024K, 5 young (5120K), 5 survivors (5120K)
 Metaspace       used 43030K, committed 44544K, reserved 487424K
  class space    used 6030K, committed 6720K, reserved 421888K
}
Event: 427.346 GC heap before
{Heap before GC invocations=11 (full 0):
 garbage-first heap   total 92160K, used 85931K [0x0000000080000000, 0x0000000100000000)
  region size 1024K, 51 young (52224K), 5 survivors (5120K)
 Metaspace       used 48391K, committed 50048K, reserved 487424K
  class space    used 6781K, committed 7552K, reserved 421888K
}
Event: 427.418 GC heap after
{Heap after GC invocations=12 (full 0):
 garbage-first heap   total 95232K, used 42658K [0x0000000080000000, 0x0000000100000000)
  region size 1024K, 7 young (7168K), 7 survivors (7168K)
 Metaspace       used 48391K, committed 50048K, reserved 487424K
  class space    used 6781K, committed 7552K, reserved 421888K
}
Event: 437.819 GC heap before
{Heap before GC invocations=12 (full 0):
 garbage-first heap   total 95232K, used 81570K [0x0000000080000000, 0x0000000100000000)
  region size 1024K, 45 young (46080K), 7 survivors (7168K)
 Metaspace       used 53240K, committed 54976K, reserved 487424K
  class space    used 7498K, committed 8320K, reserved 421888K
}
Event: 437.872 GC heap after
{Heap after GC invocations=13 (full 0):
 garbage-first heap   total 95232K, used 45592K [0x0000000080000000, 0x0000000100000000)
  region size 1024K, 3 young (3072K), 3 survivors (3072K)
 Metaspace       used 53240K, committed 54976K, reserved 487424K
  class space    used 7498K, committed 8320K, reserved 421888K
}
Event: 469.012 GC heap before
{Heap before GC invocations=13 (full 0):
 garbage-first heap   total 95232K, used 84504K [0x0000000080000000, 0x0000000100000000)
  region size 1024K, 41 young (41984K), 3 survivors (3072K)
 Metaspace       used 57144K, committed 58880K, reserved 487424K
  class space    used 7977K, committed 8832K, reserved 421888K
}
Event: 469.133 GC heap after
{Heap after GC invocations=14 (full 0):
 garbage-first heap   total 95232K, used 46941K [0x0000000080000000, 0x0000000100000000)
  region size 1024K, 4 young (4096K), 4 survivors (4096K)
 Metaspace       used 57144K, committed 58880K, reserved 487424K
  class space    used 7977K, committed 8832K, reserved 421888K
}

Dll operation events (13 events):
Event: 0.410 Loaded shared library C:\Program Files\Java\jdk-20\bin\java.dll
Event: 0.728 Loaded shared library C:\Program Files\Java\jdk-20\bin\jsvml.dll
Event: 1.274 Loaded shared library C:\Program Files\Java\jdk-20\bin\net.dll
Event: 1.278 Loaded shared library C:\Program Files\Java\jdk-20\bin\nio.dll
Event: 1.289 Loaded shared library C:\Program Files\Java\jdk-20\bin\zip.dll
Event: 2.427 Loaded shared library C:\Program Files\Java\jdk-20\bin\jimage.dll
Event: 3.553 Loaded shared library C:\Program Files\Java\jdk-20\bin\verify.dll
Event: 4.756 Loaded shared library C:\Users\alkar\.gradle\native\e1d6ef7f7dcc3fd88c89a11ec53ec762bb8ba0a96d01ffa2cd45eb1d1d8dd5c5\windows-amd64\native-platform.dll
Event: 4.762 Loaded shared library C:\Users\alkar\.gradle\native\0d407fdbe67a94daf76414ababcb853783967236a71b16ec16e742cd7a986fd3\windows-amd64\native-platform-file-events.dll
Event: 12.245 Loaded shared library C:\Program Files\Java\jdk-20\bin\management.dll
Event: 12.255 Loaded shared library C:\Program Files\Java\jdk-20\bin\management_ext.dll
Event: 15.900 Loaded shared library C:\Program Files\Java\jdk-20\bin\extnet.dll
Event: 21.568 Loaded shared library C:\Program Files\Java\jdk-20\bin\sunmscapi.dll

Deoptimization events (20 events):
Event: 471.074 Thread 0x000002514325bb10 Uncommon trap: trap_request=0xffffffdc fr.pc=0x0000025131e57ad0 relative=0x00000000000002d0
Event: 471.074 Thread 0x000002514325bb10 Uncommon trap: reason=class_check action=make_not_entrant pc=0x0000025131e57ad0 method=java.util.ArrayList.toArray([Ljava/lang/Object;)[Ljava/lang/Object; @ 21 c2
Event: 471.074 Thread 0x000002514325bb10 DEOPT PACKING pc=0x0000025131e57ad0 sp=0x000000d61f3f86f0
Event: 471.074 Thread 0x000002514325bb10 DEOPT UNPACKING pc=0x00000251317f9d22 sp=0x000000d61f3f86c0 mode 2
Event: 473.428 Thread 0x000002514325bb10 Uncommon trap: trap_request=0xffffff45 fr.pc=0x000002513205a330 relative=0x0000000000000550
Event: 473.428 Thread 0x000002514325bb10 Uncommon trap: reason=unstable_if action=reinterpret pc=0x000002513205a330 method=org.objectweb.asm.Type.getArgumentsAndReturnSizes(Ljava/lang/String;)I @ 117 c2
Event: 473.428 Thread 0x000002514325bb10 DEOPT PACKING pc=0x000002513205a330 sp=0x000000d61f3f5990
Event: 473.428 Thread 0x000002514325bb10 DEOPT UNPACKING pc=0x00000251317f9d22 sp=0x000000d61f3f5910 mode 2
Event: 473.428 Thread 0x000002514325bb10 Uncommon trap: trap_request=0xffffff45 fr.pc=0x00000251320a74d8 relative=0x0000000000000658
Event: 473.428 Thread 0x000002514325bb10 Uncommon trap: reason=unstable_if action=reinterpret pc=0x00000251320a74d8 method=org.objectweb.asm.Type.getArgumentsAndReturnSizes(Ljava/lang/String;)I @ 117 c2
Event: 473.428 Thread 0x000002514325bb10 DEOPT PACKING pc=0x00000251320a74d8 sp=0x000000d61f3f5680
Event: 473.428 Thread 0x000002514325bb10 DEOPT UNPACKING pc=0x00000251317f9d22 sp=0x000000d61f3f5598 mode 2
Event: 473.428 Thread 0x000002514325bb10 Uncommon trap: trap_request=0xffffff45 fr.pc=0x0000025132040f80 relative=0x0000000000000be0
Event: 473.428 Thread 0x000002514325bb10 Uncommon trap: reason=unstable_if action=reinterpret pc=0x0000025132040f80 method=org.objectweb.asm.Frame.getAbstractTypeFromDescriptor(Lorg/objectweb/asm/SymbolTable;Ljava/lang/String;I)I @ 5 c2
Event: 473.428 Thread 0x000002514325bb10 DEOPT PACKING pc=0x0000025132040f80 sp=0x000000d61f3f55e0
Event: 473.428 Thread 0x000002514325bb10 DEOPT UNPACKING pc=0x00000251317f9d22 sp=0x000000d61f3f55a0 mode 2
Event: 473.428 Thread 0x000002514325bb10 Uncommon trap: trap_request=0xffffff45 fr.pc=0x0000025132069a5c relative=0x00000000000008dc
Event: 473.428 Thread 0x000002514325bb10 Uncommon trap: reason=unstable_if action=reinterpret pc=0x0000025132069a5c method=org.objectweb.asm.Frame.push(Lorg/objectweb/asm/SymbolTable;Ljava/lang/String;)V @ 42 c2
Event: 473.428 Thread 0x000002514325bb10 DEOPT PACKING pc=0x0000025132069a5c sp=0x000000d61f3f5660
Event: 473.428 Thread 0x000002514325bb10 DEOPT UNPACKING pc=0x00000251317f9d22 sp=0x000000d61f3f5610 mode 2

Classes loaded (20 events):
Event: 429.166 Loading class sun/reflect/misc/MethodUtil$1
Event: 429.172 Loading class sun/reflect/misc/MethodUtil$1 done
Event: 429.454 Loading class java/lang/Byte$ByteCache
Event: 429.457 Loading class java/lang/Byte$ByteCache done
Event: 439.924 Loading class java/util/ArrayList$SubList$1
Event: 439.926 Loading class java/util/ArrayList$SubList$1 done
Event: 461.034 Loading class jdk/internal/loader/URLClassPath$FileLoader
Event: 461.053 Loading class jdk/internal/loader/URLClassPath$FileLoader done
Event: 461.082 Loading class jdk/internal/loader/URLClassPath$FileLoader$1
Event: 461.091 Loading class jdk/internal/loader/URLClassPath$FileLoader$1 done
Event: 469.775 Loading class java/lang/AbstractMethodError
Event: 469.787 Loading class java/lang/AbstractMethodError done
Event: 469.890 Loading class java/time/temporal/WeekFields
Event: 469.898 Loading class java/time/temporal/WeekFields done
Event: 469.900 Loading class java/time/temporal/WeekFields$ComputedDayOfField
Event: 469.905 Loading class java/time/temporal/WeekFields$ComputedDayOfField done
Event: 469.923 Loading class java/time/Month$1
Event: 469.929 Loading class java/time/Month$1 done
Event: 469.936 Loading class sun/nio/ch/ChannelOutputStream
Event: 469.940 Loading class sun/nio/ch/ChannelOutputStream done

Classes unloaded (0 events):
No events

Classes redefined (0 events):
No events

Internal exceptions (20 events):
Event: 470.553 Thread 0x000002514325bb10 Exception <a 'java/lang/ClassNotFoundException'{0x0000000086a0a448}: org/gradle/internal/metaobject/ConfigureDelegateCustomizer> (0x0000000086a0a448) 
thrown [s\open\src\hotspot\share\classfile\systemDictionary.cpp, line 305]
Event: 470.583 Thread 0x000002514325bb10 Exception <a 'java/lang/ClassNotFoundException'{0x0000000086a45510}: org/gradle/api/internal/initialization/DefaultScriptHandlerBeanInfo> (0x0000000086a45510) 
thrown [s\open\src\hotspot\share\classfile\systemDictionary.cpp, line 305]
Event: 470.586 Thread 0x000002514325bb10 Exception <a 'java/lang/ClassNotFoundException'{0x0000000086a53b50}: org/gradle/api/internal/initialization/DefaultScriptHandlerCustomizer> (0x0000000086a53b50) 
thrown [s\open\src\hotspot\share\classfile\systemDictionary.cpp, line 305]
Event: 470.748 Thread 0x000002514325bb10 Exception <a 'java/lang/ClassNotFoundException'{0x000000008526b398}: org/gradle/api/internal/artifacts/dsl/DefaultRepositoryHandler_DecoratedBeanInfo> (0x000000008526b398) 
thrown [s\open\src\hotspot\share\classfile\systemDictionary.cpp, line 305]
Event: 470.752 Thread 0x000002514325bb10 Exception <a 'java/lang/ClassNotFoundException'{0x000000008527d660}: org/gradle/api/internal/artifacts/dsl/DefaultRepositoryHandlerBeanInfo> (0x000000008527d660) 
thrown [s\open\src\hotspot\share\classfile\systemDictionary.cpp, line 305]
Event: 470.755 Thread 0x000002514325bb10 Exception <a 'java/lang/ClassNotFoundException'{0x0000000085290250}: org/gradle/api/internal/artifacts/DefaultArtifactRepositoryContainerBeanInfo> (0x0000000085290250) 
thrown [s\open\src\hotspot\share\classfile\systemDictionary.cpp, line 305]
Event: 470.756 Thread 0x000002514325bb10 Exception <a 'java/lang/ClassNotFoundException'{0x00000000852a1528}: org/gradle/api/internal/DefaultNamedDomainObjectListBeanInfo> (0x00000000852a1528) 
thrown [s\open\src\hotspot\share\classfile\systemDictionary.cpp, line 305]
Event: 470.765 Thread 0x000002514325bb10 Exception <a 'java/lang/ClassNotFoundException'{0x00000000852b3108}: org/gradle/api/internal/DefaultNamedDomainObjectCollectionBeanInfo> (0x00000000852b3108) 
thrown [s\open\src\hotspot\share\classfile\systemDictionary.cpp, line 305]
Event: 470.776 Thread 0x000002514325bb10 Exception <a 'java/lang/ClassNotFoundException'{0x00000000852c4ea0}: org/gradle/api/internal/DefaultDomainObjectCollectionBeanInfo> (0x00000000852c4ea0) 
thrown [s\open\src\hotspot\share\classfile\systemDictionary.cpp, line 305]
Event: 470.784 Thread 0x000002514325bb10 Exception <a 'java/lang/ClassNotFoundException'{0x00000000852d6f68}: org/gradle/api/internal/DefaultDomainObjectCollectionCustomizer> (0x00000000852d6f68) 
thrown [s\open\src\hotspot\share\classfile\systemDictionary.cpp, line 305]
Event: 470.791 Thread 0x000002514325bb10 Exception <a 'java/lang/ClassNotFoundException'{0x0000000085108af8}: org/gradle/api/internal/DefaultNamedDomainObjectCollectionCustomizer> (0x0000000085108af8) 
thrown [s\open\src\hotspot\share\classfile\systemDictionary.cpp, line 305]
Event: 470.799 Thread 0x000002514325bb10 Exception <a 'java/lang/ClassNotFoundException'{0x0000000085140f68}: org/gradle/api/internal/DefaultNamedDomainObjectListCustomizer> (0x0000000085140f68) 
thrown [s\open\src\hotspot\share\classfile\systemDictionary.cpp, line 305]
Event: 470.806 Thread 0x000002514325bb10 Exception <a 'java/lang/ClassNotFoundException'{0x000000008516da10}: org/gradle/api/internal/artifacts/DefaultArtifactRepositoryContainerCustomizer> (0x000000008516da10) 
thrown [s\open\src\hotspot\share\classfile\systemDictionary.cpp, line 305]
Event: 470.809 Thread 0x000002514325bb10 Exception <a 'java/lang/ClassNotFoundException'{0x0000000085192870}: org/gradle/api/internal/artifacts/dsl/DefaultRepositoryHandlerCustomizer> (0x0000000085192870) 
thrown [s\open\src\hotspot\share\classfile\systemDictionary.cpp, line 305]
Event: 470.814 Thread 0x000002514325bb10 Exception <a 'java/lang/ClassNotFoundException'{0x00000000851c5088}: org/gradle/api/internal/artifacts/dsl/DefaultRepositoryHandler_DecoratedCustomizer> (0x00000000851c5088) 
thrown [s\open\src\hotspot\share\classfile\systemDictionary.cpp, line 305]
Event: 470.873 Thread 0x000002514325bb10 Exception <a 'java/lang/ClassNotFoundException'{0x00000000850584b8}: org/gradle/api/internal/artifacts/dsl/dependencies/DefaultDependencyHandler_DecoratedBeanInfo> (0x00000000850584b8) 
thrown [s\open\src\hotspot\share\classfile\systemDictionary.cpp, line 305]
Event: 470.880 Thread 0x000002514325bb10 Exception <a 'java/lang/ClassNotFoundException'{0x000000008506aaf0}: org/gradle/api/internal/artifacts/dsl/dependencies/DefaultDependencyHandlerBeanInfo> (0x000000008506aaf0) 
thrown [s\open\src\hotspot\share\classfile\systemDictionary.cpp, line 305]
Event: 470.885 Thread 0x000002514325bb10 Exception <a 'java/lang/ClassNotFoundException'{0x000000008507d0e8}: org/gradle/api/internal/artifacts/dsl/dependencies/DefaultDependencyHandlerCustomizer> (0x000000008507d0e8) 
thrown [s\open\src\hotspot\share\classfile\systemDictionary.cpp, line 305]
Event: 470.904 Thread 0x000002514325bb10 Exception <a 'java/lang/ClassNotFoundException'{0x00000000850b8340}: org/gradle/api/internal/artifacts/dsl/dependencies/DefaultDependencyHandler_DecoratedCustomizer> (0x00000000850b8340) 
thrown [s\open\src\hotspot\share\classfile\systemDictionary.cpp, line 305]
Event: 472.958 Thread 0x000002514325bb10 Exception <a 'java/lang/NoSuchMethodError'{0x0000000084bd1e40}: 'java.lang.Object java.lang.invoke.DirectMethodHandle$Holder.newInvokeSpecial(java.lang.Object, java.lang.Object, int)'> (0x0000000084bd1e40) 
thrown [s\open\src\hotspot\share\interpreter\linkResolver.cpp, line 773]

VM Operations (20 events):
Event: 465.447 Executing VM operation: Cleanup
Event: 465.463 Executing VM operation: Cleanup done
Event: 466.473 Executing VM operation: Cleanup
Event: 466.488 Executing VM operation: Cleanup done
Event: 467.499 Executing VM operation: Cleanup
Event: 467.514 Executing VM operation: Cleanup done
Event: 468.161 Executing VM operation: HandshakeAllThreads
Event: 468.175 Executing VM operation: HandshakeAllThreads done
Event: 469.012 Executing VM operation: G1CollectForAllocation
Event: 469.134 Executing VM operation: G1CollectForAllocation done
Event: 469.556 Executing VM operation: G1PauseRemark
Event: 469.694 Executing VM operation: G1PauseRemark done
Event: 469.716 Executing VM operation: G1PauseCleanup
Event: 469.717 Executing VM operation: G1PauseCleanup done
Event: 470.729 Executing VM operation: Cleanup
Event: 470.744 Executing VM operation: Cleanup done
Event: 471.745 Executing VM operation: Cleanup
Event: 471.776 Executing VM operation: Cleanup done
Event: 472.778 Executing VM operation: Cleanup
Event: 472.779 Executing VM operation: Cleanup done

Events (20 events):
Event: 469.649 Thread 0x000002513eb9a440 flushing nmethod 0x0000025131ecfb90
Event: 469.649 Thread 0x000002513eb9a440 flushing nmethod 0x0000025131ec5910
Event: 469.649 Thread 0x000002513eb9a440 flushing nmethod 0x0000025131ec4b90
Event: 469.649 Thread 0x000002513eb9a440 flushing nmethod 0x0000025131e37390
Event: 469.649 Thread 0x000002513eb9a440 flushing nmethod 0x0000025131e97190
Event: 469.649 Thread 0x000002513eb9a440 flushing nmethod 0x0000025131d8c610
Event: 469.649 Thread 0x000002513eb9a440 flushing nmethod 0x0000025131e32290
Event: 469.649 Thread 0x000002513eb9a440 flushing nmethod 0x0000025131ea8010
Event: 469.649 Thread 0x000002513eb9a440 flushing nmethod 0x0000025131ea3410
Event: 469.649 Thread 0x000002513eb9a440 flushing nmethod 0x0000025131e58310
Event: 469.649 Thread 0x000002513eb9a440 flushing nmethod 0x0000025131e57310
Event: 469.649 Thread 0x000002513eb9a440 flushing nmethod 0x0000025131e51c90
Event: 469.649 Thread 0x000002513eb9a440 flushing nmethod 0x0000025131e1d310
Event: 469.649 Thread 0x000002513eb9a440 flushing nmethod 0x0000025131e67490
Event: 469.651 Thread 0x000002513eb9a440 flushing nmethod 0x0000025131e0bd10
Event: 469.651 Thread 0x000002513eb9a440 flushing nmethod 0x0000025131e1b910
Event: 469.651 Thread 0x000002513eb9a440 flushing nmethod 0x0000025131da7d10
Event: 469.651 Thread 0x000002513eb9a440 flushing nmethod 0x0000025131dd7410
Event: 469.651 Thread 0x000002513eb9a440 flushing nmethod 0x0000025131d39610
Event: 471.139 Thread 0x0000025144f1fb10 Thread added: 0x0000025144f1fb10


Dynamic libraries:
0x00007ff6d98b0000 - 0x00007ff6d98c0000 	C:\Program Files\Java\jdk-20\bin\java.exe
0x00007ffeff600000 - 0x00007ffeff809000 	C:\WINDOWS\SYSTEM32\ntdll.dll
0x00007ffefe2b0000 - 0x00007ffefe36e000 	C:\WINDOWS\System32\KERNEL32.DLL
0x00007ffefd0e0000 - 0x00007ffefd463000 	C:\WINDOWS\System32\KERNELBASE.dll
0x00007ffefcfc0000 - 0x00007ffefd0d1000 	C:\WINDOWS\System32\ucrtbase.dll
0x00007ffec5150000 - 0x00007ffec5169000 	C:\Program Files\Java\jdk-20\bin\jli.dll
0x00007ffec2880000 - 0x00007ffec289b000 	C:\Program Files\Java\jdk-20\bin\VCRUNTIME140.dll
0x00007ffefd9b0000 - 0x00007ffefda5e000 	C:\WINDOWS\System32\ADVAPI32.dll
0x00007ffefded0000 - 0x00007ffefdf73000 	C:\WINDOWS\System32\msvcrt.dll
0x00007ffefe510000 - 0x00007ffefe5ae000 	C:\WINDOWS\System32\sechost.dll
0x00007ffeff020000 - 0x00007ffeff141000 	C:\WINDOWS\System32\RPCRT4.dll
0x00007ffeff410000 - 0x00007ffeff5bd000 	C:\WINDOWS\System32\USER32.dll
0x00007ffefcef0000 - 0x00007ffefcf16000 	C:\WINDOWS\System32\win32u.dll
0x00007ffeff380000 - 0x00007ffeff3a9000 	C:\WINDOWS\System32\GDI32.dll
0x00007ffefcdd0000 - 0x00007ffefceea000 	C:\WINDOWS\System32\gdi32full.dll
0x00007ffefcf20000 - 0x00007ffefcfbd000 	C:\WINDOWS\System32\msvcp_win.dll
0x00007ffee3d30000 - 0x00007ffee3fd5000 	C:\WINDOWS\WinSxS\amd64_microsoft.windows.common-controls_6595b64144ccf1df_6.0.22000.120_none_9d947278b86cc467\COMCTL32.dll
0x00007ffef5e00000 - 0x00007ffef5e0a000 	C:\WINDOWS\SYSTEM32\VERSION.dll
0x00007ffefe710000 - 0x00007ffefe741000 	C:\WINDOWS\System32\IMM32.DLL
0x00007ffed1910000 - 0x00007ffed191c000 	C:\Program Files\Java\jdk-20\bin\vcruntime140_1.dll
0x00007ffebc4a0000 - 0x00007ffebc52e000 	C:\Program Files\Java\jdk-20\bin\msvcp140.dll
0x00007ffe38360000 - 0x00007ffe38ff7000 	C:\Program Files\Java\jdk-20\bin\server\jvm.dll
0x00007ffee2ca0000 - 0x00007ffee2ca9000 	C:\WINDOWS\SYSTEM32\WSOCK32.dll
0x00007ffef60b0000 - 0x00007ffef60e3000 	C:\WINDOWS\SYSTEM32\WINMM.dll
0x00007ffeff310000 - 0x00007ffeff37f000 	C:\WINDOWS\System32\WS2_32.dll
0x00007ffefbbf0000 - 0x00007ffefbc08000 	C:\WINDOWS\SYSTEM32\kernel.appcore.dll
0x00007ffece050000 - 0x00007ffece05a000 	C:\Program Files\Java\jdk-20\bin\jimage.dll
0x00007ffef9fd0000 - 0x00007ffefa1f1000 	C:\WINDOWS\SYSTEM32\DBGHELP.DLL
0x00007ffee9880000 - 0x00007ffee98b1000 	C:\WINDOWS\SYSTEM32\dbgcore.DLL
0x00007ffefcbe0000 - 0x00007ffefcc5f000 	C:\WINDOWS\System32\bcryptPrimitives.dll
0x00007ffec1020000 - 0x00007ffec1046000 	C:\Program Files\Java\jdk-20\bin\java.dll
0x00007ffebb390000 - 0x00007ffebb467000 	C:\Program Files\Java\jdk-20\bin\jsvml.dll
0x00007ffefe850000 - 0x00007ffeff015000 	C:\WINDOWS\System32\SHELL32.dll
0x00007ffefab60000 - 0x00007ffefb3c4000 	C:\WINDOWS\SYSTEM32\windows.storage.dll
0x00007ffefd620000 - 0x00007ffefd996000 	C:\WINDOWS\System32\combase.dll
0x00007ffefa9f0000 - 0x00007ffefab57000 	C:\WINDOWS\SYSTEM32\wintypes.dll
0x00007ffefe140000 - 0x00007ffefe22a000 	C:\WINDOWS\System32\SHCORE.dll
0x00007ffeff3b0000 - 0x00007ffeff40d000 	C:\WINDOWS\System32\shlwapi.dll
0x00007ffefc9e0000 - 0x00007ffefca01000 	C:\WINDOWS\SYSTEM32\profapi.dll
0x00007ffec27e0000 - 0x00007ffec27f3000 	C:\Program Files\Java\jdk-20\bin\net.dll
0x00007ffef76c0000 - 0x00007ffef77d2000 	C:\WINDOWS\SYSTEM32\WINHTTP.dll
0x00007ffefc0c0000 - 0x00007ffefc127000 	C:\WINDOWS\system32\mswsock.dll
0x00007ffec1000000 - 0x00007ffec1016000 	C:\Program Files\Java\jdk-20\bin\nio.dll
0x00007ffec0fe0000 - 0x00007ffec0ff8000 	C:\Program Files\Java\jdk-20\bin\zip.dll
0x00007ffef8ff0000 - 0x00007ffef9000000 	C:\Program Files\Java\jdk-20\bin\verify.dll
0x00007ffebf7e0000 - 0x00007ffebf807000 	C:\Users\alkar\.gradle\native\e1d6ef7f7dcc3fd88c89a11ec53ec762bb8ba0a96d01ffa2cd45eb1d1d8dd5c5\windows-amd64\native-platform.dll
0x00007ffeb2030000 - 0x00007ffeb2174000 	C:\Users\alkar\.gradle\native\0d407fdbe67a94daf76414ababcb853783967236a71b16ec16e742cd7a986fd3\windows-amd64\native-platform-file-events.dll
0x00007ffec18e0000 - 0x00007ffec18ea000 	C:\Program Files\Java\jdk-20\bin\management.dll
0x00007ffec11c0000 - 0x00007ffec11cb000 	C:\Program Files\Java\jdk-20\bin\management_ext.dll
0x00007ffefdf80000 - 0x00007ffefdf88000 	C:\WINDOWS\System32\PSAPI.DLL
0x00007ffefc310000 - 0x00007ffefc328000 	C:\WINDOWS\SYSTEM32\CRYPTSP.dll
0x00007ffefbb50000 - 0x00007ffefbb85000 	C:\WINDOWS\system32\rsaenh.dll
0x00007ffefc1c0000 - 0x00007ffefc1e9000 	C:\WINDOWS\SYSTEM32\USERENV.dll
0x00007ffefc490000 - 0x00007ffefc4b7000 	C:\WINDOWS\SYSTEM32\bcrypt.dll
0x00007ffefc330000 - 0x00007ffefc33c000 	C:\WINDOWS\SYSTEM32\CRYPTBASE.dll
0x00007ffefb680000 - 0x00007ffefb6ad000 	C:\WINDOWS\SYSTEM32\IPHLPAPI.DLL
0x00007ffefe750000 - 0x00007ffefe759000 	C:\WINDOWS\System32\NSI.dll
0x00007ffef7160000 - 0x00007ffef7179000 	C:\WINDOWS\SYSTEM32\dhcpcsvc6.DLL
0x00007ffef74d0000 - 0x00007ffef74ee000 	C:\WINDOWS\SYSTEM32\dhcpcsvc.DLL
0x00007ffefb6b0000 - 0x00007ffefb798000 	C:\WINDOWS\SYSTEM32\DNSAPI.dll
0x00007ffec0030000 - 0x00007ffec0037000 	C:\Program Files\Java\jdk-20\bin\extnet.dll
0x00007ffec0f80000 - 0x00007ffec0f8e000 	C:\Program Files\Java\jdk-20\bin\sunmscapi.dll
0x00007ffefcc60000 - 0x00007ffefcdc2000 	C:\WINDOWS\System32\CRYPT32.dll
0x00007ffefc460000 - 0x00007ffefc48a000 	C:\WINDOWS\SYSTEM32\ncrypt.dll
0x00007ffefc420000 - 0x00007ffefc457000 	C:\WINDOWS\SYSTEM32\NTASN1.dll
0x00007ffedd010000 - 0x00007ffedd018000 	C:\WINDOWS\system32\wshunix.dll

dbghelp: loaded successfully - version: 4.0.5 - missing functions: none
symbol engine: initialized successfully - sym options: 0x614 - pdb path: .;C:\Program Files\Java\jdk-20\bin;C:\WINDOWS\SYSTEM32;C:\WINDOWS\WinSxS\amd64_microsoft.windows.common-controls_6595b64144ccf1df_6.0.22000.120_none_9d947278b86cc467;C:\Program Files\Java\jdk-20\bin\server;C:\Users\alkar\.gradle\native\e1d6ef7f7dcc3fd88c89a11ec53ec762bb8ba0a96d01ffa2cd45eb1d1d8dd5c5\windows-amd64;C:\Users\alkar\.gradle\native\0d407fdbe67a94daf76414ababcb853783967236a71b16ec16e742cd7a986fd3\windows-amd64

VM Arguments:
jvm_args: -XX:MaxMetaspaceSize=512m --add-opens=java.base/java.util=ALL-UNNAMED --add-opens=java.base/java.lang=ALL-UNNAMED --add-opens=java.base/java.lang.invoke=ALL-UNNAMED --add-opens=java.base/java.util=ALL-UNNAMED --add-opens=java.prefs/java.util.prefs=ALL-UNNAMED --add-opens=java.prefs/java.util.prefs=ALL-UNNAMED --add-opens=java.base/java.nio.charset=ALL-UNNAMED --add-opens=java.base/java.net=ALL-UNNAMED --add-opens=java.base/java.util.concurrent.atomic=ALL-UNNAMED -Xmx2048m -Dfile.encoding=UTF-8 -Duser.country=CA -Duser.language=en -Duser.variant 
java_command: org.gradle.launcher.daemon.bootstrap.GradleDaemon 7.5.1
java_class_path (initial): C:\Users\alkar\.gradle\wrapper\dists\gradle-7.5.1-all\1ehga6e77gqps5uk2kc5kf1vc\gradle-7.5.1\lib\gradle-launcher-7.5.1.jar
Launcher Type: SUN_STANDARD

[Global flags]
     intx CICompilerCount                          = 4                                         {product} {ergonomic}
   size_t CompressedClassSpaceSize                 = 432013312                                 {product} {ergonomic}
     uint ConcGCThreads                            = 2                                         {product} {ergonomic}
     uint G1ConcRefinementThreads                  = 8                                         {product} {ergonomic}
   size_t G1HeapRegionSize                         = 1048576                                   {product} {ergonomic}
    uintx GCDrainStackTargetSize                   = 64                                        {product} {ergonomic}
   size_t InitialHeapSize                          = 132120576                                 {product} {ergonomic}
   size_t MarkStackSize                            = 4194304                                   {product} {ergonomic}
   size_t MaxHeapSize                              = 2147483648                                {product} {command line}
   size_t MaxMetaspaceSize                         = 536870912                                 {product} {command line}
   size_t MaxNewSize                               = 1287651328                                {product} {ergonomic}
   size_t MinHeapDeltaBytes                        = 1048576                                   {product} {ergonomic}
   size_t MinHeapSize                              = 8388608                                   {product} {ergonomic}
    uintx NonNMethodCodeHeapSize                   = 5839372                                {pd product} {ergonomic}
    uintx NonProfiledCodeHeapSize                  = 122909434                              {pd product} {ergonomic}
    uintx ProfiledCodeHeapSize                     = 122909434                              {pd product} {ergonomic}
    uintx ReservedCodeCacheSize                    = 251658240                              {pd product} {ergonomic}
     bool SegmentedCodeCache                       = true                                      {product} {ergonomic}
   size_t SoftMaxHeapSize                          = 2147483648                             {manageable} {ergonomic}
     bool UseCompressedClassPointers               = true                           {product lp64_product} {ergonomic}
     bool UseCompressedOops                        = true                           {product lp64_product} {ergonomic}
     bool UseG1GC                                  = true                                      {product} {ergonomic}
     bool UseLargePagesIndividualAllocation        = false                                  {pd product} {ergonomic}

Logging:
Log output configuration:
 #0: stdout all=warning uptime,level,tags foldmultilines=false
 #1: stderr all=off uptime,level,tags foldmultilines=false

Environment Variables:
JAVA_HOME=C:\Program Files\Java\jdk-20
CLASSPATH=C:\Users\alkar\OneDrive\Documents\GitHub\WeatherApp\android\\gradle\wrapper\gradle-wrapper.jar
PATH=C:\Users\alkar\OneDrive\Documents\GitHub\WeatherApp\android\node_modules\.bin;C:\Users\alkar\OneDrive\Documents\GitHub\WeatherApp\node_modules\.bin;C:\Users\alkar\OneDrive\Documents\GitHub\node_modules\.bin;C:\Users\alkar\OneDrive\Documents\node_modules\.bin;C:\Users\alkar\OneDrive\node_modules\.bin;C:\Users\alkar\node_modules\.bin;C:\Users\node_modules\.bin;C:\node_modules\.bin;C:\Program Files\nodejs;C:\Users\alkar\OneDrive\Documents\GitHub\WeatherApp\node_modules\.bin;C:\Users\alkar\OneDrive\Documents\GitHub\WeatherApp\android\node_modules\.bin;C:\Users\alkar\OneDrive\Documents\GitHub\WeatherApp\node_modules\.bin;C:\Users\alkar\OneDrive\Documents\GitHub\node_modules\.bin;C:\Users\alkar\OneDrive\Documents\node_modules\.bin;C:\Users\alkar\OneDrive\node_modules\.bin;C:\Users\alkar\node_modules\.bin;C:\Users\node_modules\.bin;C:\node_modules\.bin;C:\Program Files\nodejs;C:\Users\alkar\OneDrive\Documents\GitHub\WeatherApp\node_modules\.bin;C:\Program Files\Common Files\Oracle\Java\javapath;C:\Program Files (x86)\Common Files\Oracle\Java\javapath;C:\Program Files\AdoptOpenJDK\jdk-11.0.10.9-hotspot\bin;C:\Windows\system32;C:\Windows;C:\Windows\System32\Wbem;C:\Windows\System32\WindowsPowerShell\v1.0\;C:\Windows\System32\OpenSSH\;C:\Program Files (x86)\NVIDIA Corporation\PhysX\Common;C:\Program Files\NVIDIA Corporation\NVIDIA NvDLISR;C:\Program Files\nodejs\;C:\WINDOWS\system32;C:\WINDOWS;C:\WINDOWS\System32\Wbem;C:\WINDOWS\System32\WindowsPowerShell\v1.0\;C:\WINDOWS\System32\OpenSSH\;C:\Program Files\dotnet\;C:\Program Files\PuTTY\;C:\Program Files\Git\cmd;C:\Program Files\MongoDB\Server\6.0\bin;C:\Program Files\Java\jdk-20\bin;C:\Users\alkar\AppData\Local\Microsoft\WindowsApps;C:\Users\alkar\AppData\Local\Programs\Microsoft VS Code\bin;C:\Users\alkar\AppData\Roaming\npm;C:\Users\alkar\AppData\Local\GitHubDesktop\bin;C:\Program Files\heroku\bin;C:\Program Files\MongoDB\Server\6.0\bin\;C:\Users\alkar\Downloads\mongosh-1.6.0-win32-x64\mongosh-1.6.0-win32-x64\bin;
USERNAME=alkar
OS=Windows_NT
PROCESSOR_IDENTIFIER=Intel64 Family 6 Model 165 Stepping 2, GenuineIntel
TMP=C:\Users\alkar\AppData\Local\Temp
TEMP=C:\Users\alkar\AppData\Local\Temp




---------------  S Y S T E M  ---------------

OS:
 Windows 11 , 64 bit Build 22000 (10.0.22000.1761)
OS uptime: 1 days 6:09 hours
Hyper-V role detected

CPU: total 8 (initial active 8) (4 cores per cpu, 2 threads per core) family 6 model 165 stepping 2 microcode 0xf4, cx8, cmov, fxsr, ht, mmx, 3dnowpref, sse, sse2, sse3, ssse3, sse4.1, sse4.2, popcnt, lzcnt, tsc, tscinvbit, avx, avx2, aes, erms, clmul, bmi1, bmi2, adx, fma, vzeroupper, clflush, clflushopt, hv, rdtscp, f16c

Memory: 4k page, system-wide physical 7953M (49M free)
TotalPageFile size 32529M (AvailPageFile size 14M)
current process WorkingSet (physical memory assigned to process): 179M, peak: 179M
current process commit charge ("private bytes"): 307M, peak: 321M

vm_info: Java HotSpot(TM) 64-Bit Server VM (20.0.1+9-29) for windows-amd64 JRE (20.0.1+9-29), built on 2023-03-07T13:56:11Z by "mach5one" with MS VC++ 17.1 (VS2022)

END.
