#
# There is insufficient memory for the Java Runtime Environment to continue.
# Native memory allocation (malloc) failed to allocate 845616 bytes for Chunk::new
# Possible reasons:
#   The system is out of physical RAM or swap space
#   The process is running with CompressedOops enabled, and the Java Heap may be blocking the growth of the native heap
# Possible solutions:
#   Reduce memory load on the system
#   Increase physical memory or swap space
#   Check if swap backing store is full
#   Decrease Java heap size (-Xmx/-Xms)
#   Decrease number of Java threads
#   Decrease Java thread stack sizes (-Xss)
#   Set larger code cache with -XX:ReservedCodeCacheSize=
#   JVM is running with Unscaled Compressed Oops mode in which the Java heap is
#     placed in the first 4GB address space. The Java Heap base address is the
#     maximum limit for the native heap growth. Please use -XX:HeapBaseMinAddress
#     to set the Java Heap base and to place the Java Heap above 4GB virtual address.
# This output file may be truncated or incomplete.
#
#  Out of Memory Error (arena.cpp:184), pid=38964, tid=39168
#
# JRE version: Java(TM) SE Runtime Environment (20.0.1+9) (build 20.0.1+9-29)
# Java VM: Java HotSpot(TM) 64-Bit Server VM (20.0.1+9-29, mixed mode, sharing, tiered, compressed oops, compressed class ptrs, g1 gc, windows-amd64)
# No core dump will be written. Minidumps are not enabled by default on client versions of Windows
#

---------------  S U M M A R Y ------------

Command Line: -XX:MaxMetaspaceSize=512m --add-opens=java.base/java.util=ALL-UNNAMED --add-opens=java.base/java.lang=ALL-UNNAMED --add-opens=java.base/java.lang.invoke=ALL-UNNAMED --add-opens=java.base/java.util=ALL-UNNAMED --add-opens=java.prefs/java.util.prefs=ALL-UNNAMED --add-opens=java.prefs/java.util.prefs=ALL-UNNAMED --add-opens=java.base/java.nio.charset=ALL-UNNAMED --add-opens=java.base/java.net=ALL-UNNAMED --add-opens=java.base/java.util.concurrent.atomic=ALL-UNNAMED -Xmx2048m -Dfile.encoding=UTF-8 -Duser.country=CA -Duser.language=en -Duser.variant org.gradle.launcher.daemon.bootstrap.GradleDaemon 7.5.1

Host: Intel(R) Core(TM) i5-10300H CPU @ 2.50GHz, 8 cores, 7G,  Windows 11 , 64 bit Build 22000 (10.0.22000.1761)
Time: Sat May 27 18:33:37 2023 Canada Central Standard Time elapsed time: 544.676712 seconds (0d 0h 9m 4s)

---------------  T H R E A D  ---------------

Current thread (0x00000259ef0b6f80):  JavaThread "C2 CompilerThread0" daemon [_thread_in_native, id=39168, stack(0x000000d48dd00000,0x000000d48de00000)]


Current CompileTask:
C2: 544676 9474       4       org.gradle.cache.internal.btree.CachingBlockStore::read (56 bytes)

Stack: [0x000000d48dd00000,0x000000d48de00000]
Native frames: (J=compiled Java code, j=interpreted, Vv=VM code, C=native code)
V  [jvm.dll+0x6bb95a]
V  [jvm.dll+0x8485fa]
V  [jvm.dll+0x84a1f5]
V  [jvm.dll+0x84a8f3]
V  [jvm.dll+0x280b0f]
V  [jvm.dll+0xc2b11]
V  [jvm.dll+0xc2e35]
V  [jvm.dll+0x3bb142]
V  [jvm.dll+0x3857f5]
V  [jvm.dll+0x384c6a]
V  [jvm.dll+0x24b259]
V  [jvm.dll+0x24a651]
V  [jvm.dll+0x1ce491]
V  [jvm.dll+0x259e1b]
V  [jvm.dll+0x2584f0]
V  [jvm.dll+0x3f2895]
V  [jvm.dll+0x7f4b56]
V  [jvm.dll+0x6ba5cb]
C  [ucrtbase.dll+0x26c0c]
C  [KERNEL32.DLL+0x15590]
C  [ntdll.dll+0x485b]


---------------  P R O C E S S  ---------------

Threads class SMR info:
_java_thread_list=0x00000259f624fad0, length=134, elements={
0x00000259d26860d0, 0x00000259ef0b0170, 0x00000259ef0b3c70, 0x00000259ef0b4750,
0x00000259ef0b5090, 0x00000259ef0b59d0, 0x00000259ef0b6310, 0x00000259ef0b6f80,
0x00000259ef0bac60, 0x00000259f34fe460, 0x00000259f34ff970, 0x00000259f4102080,
0x00000259f4125a00, 0x00000259f473e3c0, 0x00000259f3ff89b0, 0x00000259f34110e0,
0x00000259f3412b70, 0x00000259f34120d0, 0x00000259f3413610, 0x00000259f3411630,
0x00000259f3411b80, 0x00000259f34100f0, 0x00000259f3410640, 0x00000259f3412620,
0x00000259f58c6a80, 0x00000259f58c4000, 0x00000259f58c4550, 0x00000259f58c9a50,
0x00000259f58c6530, 0x00000259f58c4aa0, 0x00000259f58c4ff0, 0x00000259f58c5540,
0x00000259f58c7520, 0x00000259f58ca4f0, 0x00000259f58caa40, 0x00000259f58cba30,
0x00000259f58c5a90, 0x00000259f58c7a70, 0x00000259f58c5fe0, 0x00000259f58c7fc0,
0x00000259f58caf90, 0x00000259f58c8a60, 0x00000259f58cb4e0, 0x00000259f6044cc0,
0x00000259f6040d00, 0x00000259f6043cd0, 0x00000259f6044220, 0x00000259f603f7c0,
0x00000259f6042ce0, 0x00000259f6045210, 0x00000259f6044770, 0x00000259f60417a0,
0x00000259f6045760, 0x00000259f6045cb0, 0x00000259f603e280, 0x00000259f6042790,
0x00000259f603fd10, 0x00000259f6041cf0, 0x00000259f6040260, 0x00000259f60407b0,
0x00000259f6041250, 0x00000259f6042240, 0x00000259f6043230, 0x00000259f6043780,
0x00000259f603e7d0, 0x00000259f603ed20, 0x00000259f603f270, 0x00000259f5b804f0,
0x00000259f5b7f500, 0x00000259f5b81f80, 0x00000259f5b7dfc0, 0x00000259f5b7bfe0,
0x00000259f5b82a20, 0x00000259f5b7e510, 0x00000259f5b81a30, 0x00000259f5b80a40,
0x00000259f5b7c530, 0x00000259f5b824d0, 0x00000259f5b7b540, 0x00000259f5b7d520,
0x00000259f5b814e0, 0x00000259f5b7fa50, 0x00000259f5b7efb0, 0x00000259f5b7cfd0,
0x00000259f5b7ba90, 0x00000259f5b7da70, 0x00000259f3410b90, 0x00000259f58c8510,
0x00000259f803de90, 0x00000259f8040910, 0x00000259f80403c0, 0x00000259f803ee80,
0x00000259f803e930, 0x00000259f8044e20, 0x00000259f8040e60, 0x00000259f803e3e0,
0x00000259f803d3f0, 0x00000259f80413b0, 0x00000259f8043390, 0x00000259f80428f0,
0x00000259f8042e40, 0x00000259f8043e30, 0x00000259f803d940, 0x00000259f8044380,
0x00000259f8041900, 0x00000259f803fe70, 0x00000259f803f3d0, 0x00000259f8041e50,
0x00000259f803f920, 0x00000259f80423a0, 0x00000259f80438e0, 0x00000259f80448d0,
0x00000259f7b70460, 0x00000259f7b6aa10, 0x00000259f7b6ba00, 0x00000259f7b709b0,
0x00000259f7b6af60, 0x00000259f7b6ff10, 0x00000259f7b70f00, 0x00000259f7b71450,
0x00000259f7b6c9f0, 0x00000259f7b719a0, 0x00000259f7b71ef0, 0x00000259f7b72440,
0x00000259f7b6d490, 0x00000259f7b6c4a0, 0x00000259f7b6b4b0, 0x00000259f7b6bf50,
0x00000259f7b6cf40, 0x00000259f7b6df30, 0x00000259f7b6d9e0, 0x00000259f7b6e480,
0x00000259f7b6f470, 0x00000259f7b6e9d0
}

Java Threads: ( => current thread )
  0x00000259d26860d0 JavaThread "main" [_thread_blocked, id=39060, stack(0x000000d48d000000,0x000000d48d100000)]
  0x00000259ef0b0170 JavaThread "Reference Handler" daemon [_thread_blocked, id=39144, stack(0x000000d48d700000,0x000000d48d800000)]
  0x00000259ef0b3c70 JavaThread "Finalizer" daemon [_thread_blocked, id=39148, stack(0x000000d48d800000,0x000000d48d900000)]
  0x00000259ef0b4750 JavaThread "Signal Dispatcher" daemon [_thread_blocked, id=39152, stack(0x000000d48d900000,0x000000d48da00000)]
  0x00000259ef0b5090 JavaThread "Attach Listener" daemon [_thread_blocked, id=39156, stack(0x000000d48da00000,0x000000d48db00000)]
  0x00000259ef0b59d0 JavaThread "Service Thread" daemon [_thread_blocked, id=39160, stack(0x000000d48db00000,0x000000d48dc00000)]
  0x00000259ef0b6310 JavaThread "Monitor Deflation Thread" daemon [_thread_blocked, id=39164, stack(0x000000d48dc00000,0x000000d48dd00000)]
=>0x00000259ef0b6f80 JavaThread "C2 CompilerThread0" daemon [_thread_in_native, id=39168, stack(0x000000d48dd00000,0x000000d48de00000)]
  0x00000259ef0bac60 JavaThread "C1 CompilerThread0" daemon [_thread_blocked, id=39172, stack(0x000000d48de00000,0x000000d48df00000)]
  0x00000259f34fe460 JavaThread "Common-Cleaner" daemon [_thread_blocked, id=39204, stack(0x000000d48df00000,0x000000d48e000000)]
  0x00000259f34ff970 JavaThread "Notification Thread" daemon [_thread_blocked, id=39208, stack(0x000000d48e000000,0x000000d48e100000)]
  0x00000259f4102080 JavaThread "Daemon health stats" [_thread_blocked, id=39840, stack(0x000000d48e600000,0x000000d48e700000)]
  0x00000259f4125a00 JavaThread "Incoming local TCP Connector on port 62724" [_thread_in_native, id=39920, stack(0x000000d48e700000,0x000000d48e800000)]
  0x00000259f473e3c0 JavaThread "Daemon periodic checks" [_thread_blocked, id=12240, stack(0x000000d48e800000,0x000000d48e900000)]
  0x00000259f3ff89b0 JavaThread "Daemon" [_thread_blocked, id=39000, stack(0x000000d48e900000,0x000000d48ea00000)]
  0x00000259f34110e0 JavaThread "Handler for socket connection from /127.0.0.1:62724 to /127.0.0.1:62726" [_thread_in_native, id=38992, stack(0x000000d48ea00000,0x000000d48eb00000)]
  0x00000259f3412b70 JavaThread "Cancel handler" [_thread_blocked, id=36500, stack(0x000000d48eb00000,0x000000d48ec00000)]
  0x00000259f34120d0 JavaThread "Daemon worker" [_thread_in_Java, id=39272, stack(0x000000d48ec00000,0x000000d48ed00000)]
  0x00000259f3413610 JavaThread "Asynchronous log dispatcher for DefaultDaemonConnection: socket connection from /127.0.0.1:62724 to /127.0.0.1:62726" [_thread_blocked, id=39348, stack(0x000000d48ed00000,0x000000d48ee00000)]
  0x00000259f3411630 JavaThread "Daemon client event forwarder" [_thread_blocked, id=39404, stack(0x000000d48ef00000,0x000000d48f000000)]
  0x00000259f3411b80 JavaThread "Cache worker for journal cache (C:\Users\alkar\.gradle\caches\journal-1)" [_thread_in_Java, id=39488, stack(0x000000d48f000000,0x000000d48f100000)]
  0x00000259f34100f0 JavaThread "File lock request listener" [_thread_in_native, id=39516, stack(0x000000d48f100000,0x000000d48f200000)]
  0x00000259f3410640 JavaThread "Cache worker for file hash cache (C:\Users\alkar\.gradle\caches\7.5.1\fileHashes)" [_thread_blocked, id=39748, stack(0x000000d48f200000,0x000000d48f300000)]
  0x00000259f3412620 JavaThread "File lock release action executor" [_thread_blocked, id=39776, stack(0x000000d48f300000,0x000000d48f400000)]
  0x00000259f58c6a80 JavaThread "File watcher server" daemon [_thread_in_native, id=39856, stack(0x000000d48f700000,0x000000d48f800000)]
  0x00000259f58c4000 JavaThread "File watcher consumer" daemon [_thread_blocked, id=14900, stack(0x000000d48f800000,0x000000d48f900000)]
  0x00000259f58c4550 JavaThread "Cache worker for checksums cache (C:\Users\alkar\OneDrive\Documents\GitHub\WeatherApp\android\.gradle\7.5.1\checksums)" [_thread_blocked, id=39448, stack(0x000000d48f900000,0x000000d48fa00000)]
  0x00000259f58c9a50 JavaThread "Cache worker for cache directory md-rule (C:\Users\alkar\.gradle\caches\7.5.1\md-rule)" [_thread_blocked, id=39384, stack(0x000000d48fa00000,0x000000d48fb00000)]
  0x00000259f58c6530 JavaThread "Cache worker for file content cache (C:\Users\alkar\.gradle\caches\7.5.1\fileContent)" [_thread_blocked, id=30332, stack(0x000000d48fc00000,0x000000d48fd00000)]
  0x00000259f58c4aa0 JavaThread "Cache worker for file hash cache (C:\Users\alkar\OneDrive\Documents\GitHub\WeatherApp\android\.gradle\7.5.1\fileHashes)" [_thread_blocked, id=38444, stack(0x000000d48fd00000,0x000000d48fe00000)]
  0x00000259f58c4ff0 JavaThread "Cache worker for cache directory md-supplier (C:\Users\alkar\.gradle\caches\7.5.1\md-supplier)" [_thread_blocked, id=32196, stack(0x000000d48fe00000,0x000000d48ff00000)]
  0x00000259f58c5540 JavaThread "Cache worker for execution history cache (C:\Users\alkar\.gradle\caches\7.5.1\executionHistory)" [_thread_blocked, id=32412, stack(0x000000d48ff00000,0x000000d490000000)]
  0x00000259f58c7520 JavaThread "jar transforms" [_thread_blocked, id=32556, stack(0x000000d490000000,0x000000d490100000)]
  0x00000259f58ca4f0 JavaThread "jar transforms Thread 2" [_thread_blocked, id=40192, stack(0x000000d490100000,0x000000d490200000)]
  0x00000259f58caa40 JavaThread "jar transforms Thread 3" [_thread_blocked, id=40528, stack(0x000000d490200000,0x000000d490300000)]
  0x00000259f58cba30 JavaThread "jar transforms Thread 4" [_thread_blocked, id=40648, stack(0x000000d490300000,0x000000d490400000)]
  0x00000259f58c5a90 JavaThread "Cache worker for kotlin-dsl (C:\Users\alkar\.gradle\caches\7.5.1\kotlin-dsl)" [_thread_blocked, id=40488, stack(0x000000d490600000,0x000000d490700000)]
  0x00000259f58c7a70 JavaThread "jar transforms Thread 5" [_thread_blocked, id=39972, stack(0x000000d48cd00000,0x000000d48ce00000)]
  0x00000259f58c5fe0 JavaThread "jar transforms Thread 6" [_thread_blocked, id=37636, stack(0x000000d48ce00000,0x000000d48cf00000)]
  0x00000259f58c7fc0 JavaThread "Cache worker for dependencies-accessors (C:\Users\alkar\OneDrive\Documents\GitHub\WeatherApp\android\.gradle\7.5.1\dependencies-accessors)" [_thread_blocked, id=41100, stack(0x000000d48cf00000,0x000000d48d000000)]
  0x00000259f58caf90 JavaThread "Cache worker for Build Output Cleanup Cache (C:\Users\alkar\OneDrive\Documents\GitHub\WeatherApp\node_modules\react-native-gradle-plugin\.gradle\buildOutputCleanup)" [_thread_blocked, id=41788, stack(0x000000d490700000,0x000000d490800000)]
  0x00000259f58c8a60 JavaThread "jar transforms Thread 7" [_thread_blocked, id=40228, stack(0x000000d490400000,0x000000d490500000)]
  0x00000259f58cb4e0 JavaThread "Unconstrained build operations" [_thread_blocked, id=13944, stack(0x000000d490800000,0x000000d490900000)]
  0x00000259f6044cc0 JavaThread "Unconstrained build operations Thread 2" [_thread_blocked, id=40892, stack(0x000000d490900000,0x000000d490a00000)]
  0x00000259f6040d00 JavaThread "Unconstrained build operations Thread 3" [_thread_blocked, id=41040, stack(0x000000d490a00000,0x000000d490b00000)]
  0x00000259f6043cd0 JavaThread "Unconstrained build operations Thread 4" [_thread_blocked, id=42468, stack(0x000000d490b00000,0x000000d490c00000)]
  0x00000259f6044220 JavaThread "Unconstrained build operations Thread 5" [_thread_blocked, id=26352, stack(0x000000d490c00000,0x000000d490d00000)]
  0x00000259f603f7c0 JavaThread "Unconstrained build operations Thread 6" [_thread_blocked, id=42424, stack(0x000000d490d00000,0x000000d490e00000)]
  0x00000259f6042ce0 JavaThread "Unconstrained build operations Thread 7" [_thread_blocked, id=38492, stack(0x000000d490e00000,0x000000d490f00000)]
  0x00000259f6045210 JavaThread "Unconstrained build operations Thread 8" [_thread_blocked, id=40608, stack(0x000000d490f00000,0x000000d491000000)]
  0x00000259f6044770 JavaThread "Unconstrained build operations Thread 9" [_thread_blocked, id=37332, stack(0x000000d491000000,0x000000d491100000)]
  0x00000259f60417a0 JavaThread "Unconstrained build operations Thread 10" [_thread_blocked, id=42272, stack(0x000000d491100000,0x000000d491200000)]
  0x00000259f6045760 JavaThread "Unconstrained build operations Thread 11" [_thread_blocked, id=40548, stack(0x000000d491200000,0x000000d491300000)]
  0x00000259f6045cb0 JavaThread "Unconstrained build operations Thread 12" [_thread_blocked, id=13520, stack(0x000000d491300000,0x000000d491400000)]
  0x00000259f603e280 JavaThread "Unconstrained build operations Thread 13" [_thread_blocked, id=4548, stack(0x000000d491400000,0x000000d491500000)]
  0x00000259f6042790 JavaThread "Unconstrained build operations Thread 14" [_thread_blocked, id=23660, stack(0x000000d491500000,0x000000d491600000)]
  0x00000259f603fd10 JavaThread "Unconstrained build operations Thread 15" [_thread_blocked, id=30060, stack(0x000000d491600000,0x000000d491700000)]
  0x00000259f6041cf0 JavaThread "Unconstrained build operations Thread 16" [_thread_blocked, id=39904, stack(0x000000d491700000,0x000000d491800000)]
  0x00000259f6040260 JavaThread "Unconstrained build operations Thread 17" [_thread_blocked, id=42480, stack(0x000000d491800000,0x000000d491900000)]
  0x00000259f60407b0 JavaThread "Unconstrained build operations Thread 18" [_thread_blocked, id=42332, stack(0x000000d491900000,0x000000d491a00000)]
  0x00000259f6041250 JavaThread "Unconstrained build operations Thread 19" [_thread_blocked, id=42316, stack(0x000000d491a00000,0x000000d491b00000)]
  0x00000259f6042240 JavaThread "Unconstrained build operations Thread 20" [_thread_blocked, id=42988, stack(0x000000d491b00000,0x000000d491c00000)]
  0x00000259f6043230 JavaThread "Unconstrained build operations Thread 21" [_thread_blocked, id=33980, stack(0x000000d491c00000,0x000000d491d00000)]
  0x00000259f6043780 JavaThread "Unconstrained build operations Thread 22" [_thread_blocked, id=38900, stack(0x000000d491d00000,0x000000d491e00000)]
  0x00000259f603e7d0 JavaThread "Unconstrained build operations Thread 23" [_thread_blocked, id=12052, stack(0x000000d491e00000,0x000000d491f00000)]
  0x00000259f603ed20 JavaThread "Unconstrained build operations Thread 24" [_thread_blocked, id=12068, stack(0x000000d491f00000,0x000000d492000000)]
  0x00000259f603f270 JavaThread "Unconstrained build operations Thread 25" [_thread_blocked, id=40948, stack(0x000000d492000000,0x000000d492100000)]
  0x00000259f5b804f0 JavaThread "Unconstrained build operations Thread 26" [_thread_blocked, id=37964, stack(0x000000d492100000,0x000000d492200000)]
  0x00000259f5b7f500 JavaThread "Unconstrained build operations Thread 27" [_thread_blocked, id=35912, stack(0x000000d492200000,0x000000d492300000)]
  0x00000259f5b81f80 JavaThread "Unconstrained build operations Thread 28" [_thread_blocked, id=32996, stack(0x000000d492300000,0x000000d492400000)]
  0x00000259f5b7dfc0 JavaThread "Unconstrained build operations Thread 29" [_thread_blocked, id=42404, stack(0x000000d492400000,0x000000d492500000)]
  0x00000259f5b7bfe0 JavaThread "Unconstrained build operations Thread 30" [_thread_blocked, id=41340, stack(0x000000d492500000,0x000000d492600000)]
  0x00000259f5b82a20 JavaThread "Unconstrained build operations Thread 31" [_thread_blocked, id=26964, stack(0x000000d492600000,0x000000d492700000)]
  0x00000259f5b7e510 JavaThread "Unconstrained build operations Thread 32" [_thread_blocked, id=42780, stack(0x000000d492700000,0x000000d492800000)]
  0x00000259f5b81a30 JavaThread "Unconstrained build operations Thread 33" [_thread_blocked, id=20180, stack(0x000000d492800000,0x000000d492900000)]
  0x00000259f5b80a40 JavaThread "jar transforms Thread 8" [_thread_blocked, id=43536, stack(0x000000d492900000,0x000000d492a00000)]
  0x00000259f5b7c530 JavaThread "build event listener" [_thread_blocked, id=42724, stack(0x000000d490500000,0x000000d490600000)]
  0x00000259f5b824d0 JavaThread "Memory manager" [_thread_blocked, id=43396, stack(0x000000d492a00000,0x000000d492b00000)]
  0x00000259f5b7b540 JavaThread "Cache worker for Build Output Cleanup Cache (C:\Users\alkar\OneDrive\Documents\GitHub\WeatherApp\android\.gradle\buildOutputCleanup)" [_thread_blocked, id=43608, stack(0x000000d48ee00000,0x000000d48ef00000)]
  0x00000259f5b7d520 JavaThread "Execution worker" [_thread_blocked, id=38424, stack(0x000000d492c00000,0x000000d492d00000)]
  0x00000259f5b814e0 JavaThread "Execution worker Thread 2" [_thread_blocked, id=5884, stack(0x000000d492d00000,0x000000d492e00000)]
  0x00000259f5b7fa50 JavaThread "Execution worker Thread 3" [_thread_blocked, id=43788, stack(0x000000d492e00000,0x000000d492f00000)]
  0x00000259f5b7efb0 JavaThread "Execution worker Thread 4" [_thread_blocked, id=40632, stack(0x000000d492f00000,0x000000d493000000)]
  0x00000259f5b7cfd0 JavaThread "Execution worker Thread 5" [_thread_blocked, id=42120, stack(0x000000d493000000,0x000000d493100000)]
  0x00000259f5b7ba90 JavaThread "Execution worker Thread 6" [_thread_blocked, id=41076, stack(0x000000d493100000,0x000000d493200000)]
  0x00000259f5b7da70 JavaThread "Execution worker Thread 7" [_thread_blocked, id=41712, stack(0x000000d493200000,0x000000d493300000)]
  0x00000259f3410b90 JavaThread "Cache worker for execution history cache (C:\Users\alkar\OneDrive\Documents\GitHub\WeatherApp\node_modules\react-native-gradle-plugin\.gradle\7.5.1\executionHistory)" [_thread_blocked, id=29244, stack(0x000000d493300000,0x000000d493400000)]
  0x00000259f58c8510 JavaThread "Unconstrained build operations Thread 34" [_thread_blocked, id=40752, stack(0x000000d493400000,0x000000d493500000)]
  0x00000259f803de90 JavaThread "Unconstrained build operations Thread 35" [_thread_blocked, id=31424, stack(0x000000d493500000,0x000000d493600000)]
  0x00000259f8040910 JavaThread "Unconstrained build operations Thread 36" [_thread_blocked, id=31716, stack(0x000000d493600000,0x000000d493700000)]
  0x00000259f80403c0 JavaThread "Unconstrained build operations Thread 37" [_thread_blocked, id=41856, stack(0x000000d493700000,0x000000d493800000)]
  0x00000259f803ee80 JavaThread "Unconstrained build operations Thread 38" [_thread_blocked, id=37500, stack(0x000000d493800000,0x000000d493900000)]
  0x00000259f803e930 JavaThread "Unconstrained build operations Thread 39" [_thread_blocked, id=34264, stack(0x000000d493900000,0x000000d493a00000)]
  0x00000259f8044e20 JavaThread "Unconstrained build operations Thread 40" [_thread_blocked, id=37412, stack(0x000000d493a00000,0x000000d493b00000)]
  0x00000259f8040e60 JavaThread "Unconstrained build operations Thread 41" [_thread_blocked, id=32100, stack(0x000000d493b00000,0x000000d493c00000)]
  0x00000259f803e3e0 JavaThread "Unconstrained build operations Thread 42" [_thread_blocked, id=16844, stack(0x000000d493c00000,0x000000d493d00000)]
  0x00000259f803d3f0 JavaThread "Unconstrained build operations Thread 43" [_thread_blocked, id=21756, stack(0x000000d493d00000,0x000000d493e00000)]
  0x00000259f80413b0 JavaThread "Unconstrained build operations Thread 44" [_thread_blocked, id=42496, stack(0x000000d493e00000,0x000000d493f00000)]
  0x00000259f8043390 JavaThread "Unconstrained build operations Thread 45" [_thread_blocked, id=43988, stack(0x000000d493f00000,0x000000d494000000)]
  0x00000259f80428f0 JavaThread "Unconstrained build operations Thread 46" [_thread_blocked, id=41720, stack(0x000000d494000000,0x000000d494100000)]
  0x00000259f8042e40 JavaThread "Unconstrained build operations Thread 47" [_thread_blocked, id=24352, stack(0x000000d494100000,0x000000d494200000)]
  0x00000259f8043e30 JavaThread "Unconstrained build operations Thread 48" [_thread_blocked, id=38216, stack(0x000000d494200000,0x000000d494300000)]
  0x00000259f803d940 JavaThread "Unconstrained build operations Thread 49" [_thread_blocked, id=41220, stack(0x000000d494300000,0x000000d494400000)]
  0x00000259f8044380 JavaThread "Unconstrained build operations Thread 50" [_thread_blocked, id=13104, stack(0x000000d494400000,0x000000d494500000)]
  0x00000259f8041900 JavaThread "Unconstrained build operations Thread 51" [_thread_blocked, id=43432, stack(0x000000d494500000,0x000000d494600000)]
  0x00000259f803fe70 JavaThread "Unconstrained build operations Thread 52" [_thread_blocked, id=43012, stack(0x000000d494600000,0x000000d494700000)]
  0x00000259f803f3d0 JavaThread "Unconstrained build operations Thread 53" [_thread_blocked, id=42344, stack(0x000000d494700000,0x000000d494800000)]
  0x00000259f8041e50 JavaThread "Unconstrained build operations Thread 54" [_thread_blocked, id=25564, stack(0x000000d494800000,0x000000d494900000)]
  0x00000259f803f920 JavaThread "Unconstrained build operations Thread 55" [_thread_blocked, id=13440, stack(0x000000d494900000,0x000000d494a00000)]
  0x00000259f80423a0 JavaThread "Unconstrained build operations Thread 56" [_thread_blocked, id=37088, stack(0x000000d494a00000,0x000000d494b00000)]
  0x00000259f80438e0 JavaThread "Unconstrained build operations Thread 57" [_thread_blocked, id=43300, stack(0x000000d494b00000,0x000000d494c00000)]
  0x00000259f80448d0 JavaThread "Unconstrained build operations Thread 58" [_thread_blocked, id=43712, stack(0x000000d494c00000,0x000000d494d00000)]
  0x00000259f7b70460 JavaThread "Unconstrained build operations Thread 59" [_thread_blocked, id=40788, stack(0x000000d494d00000,0x000000d494e00000)]
  0x00000259f7b6aa10 JavaThread "Unconstrained build operations Thread 60" [_thread_blocked, id=42260, stack(0x000000d494e00000,0x000000d494f00000)]
  0x00000259f7b6ba00 JavaThread "Unconstrained build operations Thread 61" [_thread_blocked, id=41716, stack(0x000000d494f00000,0x000000d495000000)]
  0x00000259f7b709b0 JavaThread "Unconstrained build operations Thread 62" [_thread_blocked, id=38780, stack(0x000000d495000000,0x000000d495100000)]
  0x00000259f7b6af60 JavaThread "Unconstrained build operations Thread 63" [_thread_blocked, id=14896, stack(0x000000d495100000,0x000000d495200000)]
  0x00000259f7b6ff10 JavaThread "Unconstrained build operations Thread 64" [_thread_blocked, id=37164, stack(0x000000d495200000,0x000000d495300000)]
  0x00000259f7b70f00 JavaThread "Unconstrained build operations Thread 65" [_thread_blocked, id=34040, stack(0x000000d495300000,0x000000d495400000)]
  0x00000259f7b71450 JavaThread "Unconstrained build operations Thread 66" [_thread_blocked, id=34848, stack(0x000000d495400000,0x000000d495500000)]
  0x00000259f7b6c9f0 JavaThread "Unconstrained build operations Thread 67" [_thread_blocked, id=43372, stack(0x000000d495500000,0x000000d495600000)]
  0x00000259f7b719a0 JavaThread "Unconstrained build operations Thread 68" [_thread_blocked, id=40660, stack(0x000000d495600000,0x000000d495700000)]
  0x00000259f7b71ef0 JavaThread "Unconstrained build operations Thread 69" [_thread_blocked, id=24804, stack(0x000000d495700000,0x000000d495800000)]
  0x00000259f7b72440 JavaThread "Unconstrained build operations Thread 70" [_thread_blocked, id=30932, stack(0x000000d495800000,0x000000d495900000)]
  0x00000259f7b6d490 JavaThread "Unconstrained build operations Thread 71" [_thread_blocked, id=42904, stack(0x000000d495900000,0x000000d495a00000)]
  0x00000259f7b6c4a0 JavaThread "Unconstrained build operations Thread 72" [_thread_blocked, id=43444, stack(0x000000d495a00000,0x000000d495b00000)]
  0x00000259f7b6b4b0 JavaThread "Unconstrained build operations Thread 73" [_thread_blocked, id=43384, stack(0x000000d495b00000,0x000000d495c00000)]
  0x00000259f7b6bf50 JavaThread "Unconstrained build operations Thread 74" [_thread_blocked, id=43564, stack(0x000000d495c00000,0x000000d495d00000)]
  0x00000259f7b6cf40 JavaThread "Unconstrained build operations Thread 75" [_thread_blocked, id=38944, stack(0x000000d495d00000,0x000000d495e00000)]
  0x00000259f7b6df30 JavaThread "Unconstrained build operations Thread 76" [_thread_blocked, id=42440, stack(0x000000d495e00000,0x000000d495f00000)]
  0x00000259f7b6d9e0 JavaThread "Unconstrained build operations Thread 77" [_thread_blocked, id=33540, stack(0x000000d495f00000,0x000000d496000000)]
  0x00000259f7b6e480 JavaThread "Unconstrained build operations Thread 78" [_thread_blocked, id=40024, stack(0x000000d496000000,0x000000d496100000)]
  0x00000259f7b6f470 JavaThread "Unconstrained build operations Thread 79" [_thread_blocked, id=18252, stack(0x000000d496100000,0x000000d496200000)]
  0x00000259f7b6e9d0 JavaThread "Unconstrained build operations Thread 80" [_thread_blocked, id=43972, stack(0x000000d496200000,0x000000d496300000)]

Other Threads:
  0x00000259ef089550 VMThread "VM Thread" [stack: 0x000000d48d600000,0x000000d48d700000] [id=39140]
  0x00000259f35046a0 WatcherThread "VM Periodic Task Thread" [stack: 0x000000d48e100000,0x000000d48e200000] [id=39212]
  0x00000259d26e5740 WorkerThread "GC Thread#0" [stack: 0x000000d48d100000,0x000000d48d200000] [id=39076]
  0x00000259f3d82e00 WorkerThread "GC Thread#1" [stack: 0x000000d48e200000,0x000000d48e300000] [id=39388]
  0x00000259f3dbc460 WorkerThread "GC Thread#2" [stack: 0x000000d48e300000,0x000000d48e400000] [id=39392]
  0x00000259f3dbccd0 WorkerThread "GC Thread#3" [stack: 0x000000d48e400000,0x000000d48e500000] [id=39396]
  0x00000259f3dbcfa0 WorkerThread "GC Thread#4" [stack: 0x000000d48e500000,0x000000d48e600000] [id=39524]
  0x00000259f5f60120 WorkerThread "GC Thread#5" [stack: 0x000000d48f400000,0x000000d48f500000] [id=39312]
  0x00000259f5f62880 WorkerThread "GC Thread#6" [stack: 0x000000d48f500000,0x000000d48f600000] [id=39452]
  0x00000259f5f61200 WorkerThread "GC Thread#7" [stack: 0x000000d48f600000,0x000000d48f700000] [id=39012]
  0x00000259d26f7870 ConcurrentGCThread "G1 Main Marker" [stack: 0x000000d48d200000,0x000000d48d300000] [id=39080]
  0x00000259d26f8950 WorkerThread "G1 Conc#0" [stack: 0x000000d48d300000,0x000000d48d400000] [id=39084]
  0x00000259f5f63960 WorkerThread "G1 Conc#1" [stack: 0x000000d48fb00000,0x000000d48fc00000] [id=38584]
  0x00000259eef4b110 ConcurrentGCThread "G1 Refine#0" [stack: 0x000000d48d400000,0x000000d48d500000] [id=39100]
  0x00000259eef4b9c0 ConcurrentGCThread "G1 Service" [stack: 0x000000d48d500000,0x000000d48d600000] [id=39104]

Threads with active compile tasks:
C2 CompilerThread0   544744 9474       4       org.gradle.cache.internal.btree.CachingBlockStore::read (56 bytes)

VM state: synchronizing (normal execution)

VM Mutex/Monitor currently owned by a thread:  ([mutex/lock_event])
[0x00000259d2681240] Threads_lock - owner thread: 0x00000259ef089550

Heap address: 0x0000000080000000, size: 2048 MB, Compressed Oops mode: 32-bit

CDS archive(s) mapped at: [0x0000000800000000-0x0000000800c60000-0x0000000800c60000), size 12976128, SharedBaseAddress: 0x0000000800000000, ArchiveRelocationMode: 0.
Compressed class space mapped at: 0x0000000801000000-0x000000081ac00000, reserved size: 432013312
Narrow klass base: 0x0000000800000000, Narrow klass shift: 0, Narrow klass range: 0x100000000

GC Precious Log:
 CardTable entry size: 512
 Card Set container configuration: InlinePtr #cards 5 size 8 Array Of Cards #cards 12 size 40 Howl #buckets 4 coarsen threshold 1843 Howl Bitmap #cards 512 size 80 coarsen threshold 460 Card regions per heap region 1 cards per card region 2048
 CPUs: 8 total, 8 available
 Memory: 7953M
 Large Page Support: Disabled
 NUMA Support: Disabled
 Compressed Oops: Enabled (32-bit)
 Heap Region Size: 1M
 Heap Min Capacity: 8M
 Heap Initial Capacity: 126M
 Heap Max Capacity: 2G
 Pre-touch: Disabled
 Parallel Workers: 8
 Concurrent Workers: 2
 Concurrent Refinement Workers: 8
 Periodic GC: Disabled

Heap:
 garbage-first heap   total 94208K, used 59496K [0x0000000080000000, 0x0000000100000000)
  region size 1024K, 9 young (9216K), 3 survivors (3072K)
 Metaspace       used 64001K, committed 65856K, reserved 487424K
  class space    used 8944K, committed 9856K, reserved 421888K

Heap Regions: E=young(eden), S=young(survivor), O=old, HS=humongous(starts), HC=humongous(continues), CS=collection set, F=free, OA=open archive, CA=closed archive, TAMS=top-at-mark-start, PB=parsable bottom
|   0|0x0000000080000000, 0x0000000080100000, 0x0000000080100000|100%| O|  |TAMS 0x0000000080000000| PB 0x0000000080000000| Untracked 
|   1|0x0000000080100000, 0x0000000080200000, 0x0000000080200000|100%| O|  |TAMS 0x0000000080100000| PB 0x0000000080100000| Untracked 
|   2|0x0000000080200000, 0x0000000080300000, 0x0000000080300000|100%| O|  |TAMS 0x0000000080200000| PB 0x0000000080200000| Untracked 
|   3|0x0000000080300000, 0x0000000080400000, 0x0000000080400000|100%|HS|  |TAMS 0x0000000080300000| PB 0x0000000080300000| Complete 
|   4|0x0000000080400000, 0x0000000080500000, 0x0000000080500000|100%|HC|  |TAMS 0x0000000080400000| PB 0x0000000080400000| Complete 
|   5|0x0000000080500000, 0x0000000080600000, 0x0000000080600000|100%|HC|  |TAMS 0x0000000080500000| PB 0x0000000080500000| Complete 
|   6|0x0000000080600000, 0x0000000080700000, 0x0000000080700000|100%| O|  |TAMS 0x0000000080600000| PB 0x0000000080600000| Untracked 
|   7|0x0000000080700000, 0x0000000080800000, 0x0000000080800000|100%| O|  |TAMS 0x0000000080700000| PB 0x0000000080700000| Untracked 
|   8|0x0000000080800000, 0x0000000080900000, 0x0000000080900000|100%| O|  |TAMS 0x0000000080800000| PB 0x0000000080800000| Untracked 
|   9|0x0000000080900000, 0x0000000080a00000, 0x0000000080a00000|100%| O|  |TAMS 0x0000000080900000| PB 0x0000000080900000| Untracked 
|  10|0x0000000080a00000, 0x0000000080b00000, 0x0000000080b00000|100%| O|  |TAMS 0x0000000080a00000| PB 0x0000000080a00000| Untracked 
|  11|0x0000000080b00000, 0x0000000080c00000, 0x0000000080c00000|100%| O|  |TAMS 0x0000000080b00000| PB 0x0000000080b00000| Untracked 
|  12|0x0000000080c00000, 0x0000000080d00000, 0x0000000080d00000|100%| O|  |TAMS 0x0000000080c00000| PB 0x0000000080c00000| Untracked 
|  13|0x0000000080d00000, 0x0000000080e00000, 0x0000000080e00000|100%| O|  |TAMS 0x0000000080d00000| PB 0x0000000080d00000| Untracked 
|  14|0x0000000080e00000, 0x0000000080f00000, 0x0000000080f00000|100%| O|  |TAMS 0x0000000080e00000| PB 0x0000000080e00000| Untracked 
|  15|0x0000000080f00000, 0x0000000081000000, 0x0000000081000000|100%| O|  |TAMS 0x0000000080f00000| PB 0x0000000080f00000| Untracked 
|  16|0x0000000081000000, 0x0000000081100000, 0x0000000081100000|100%| O|  |TAMS 0x0000000081000000| PB 0x0000000081000000| Untracked 
|  17|0x0000000081100000, 0x0000000081200000, 0x0000000081200000|100%| O|  |TAMS 0x0000000081100000| PB 0x0000000081100000| Untracked 
|  18|0x0000000081200000, 0x0000000081300000, 0x0000000081300000|100%| O|  |TAMS 0x0000000081200000| PB 0x0000000081200000| Complete 
|  19|0x0000000081300000, 0x0000000081400000, 0x0000000081400000|100%| O|  |TAMS 0x0000000081300000| PB 0x0000000081300000| Untracked 
|  20|0x0000000081400000, 0x0000000081500000, 0x0000000081500000|100%| O|  |TAMS 0x0000000081400000| PB 0x0000000081400000| Untracked 
|  21|0x0000000081500000, 0x0000000081600000, 0x0000000081600000|100%| O|  |TAMS 0x0000000081500000| PB 0x0000000081500000| Untracked 
|  22|0x0000000081600000, 0x0000000081700000, 0x0000000081700000|100%| O|  |TAMS 0x0000000081600000| PB 0x0000000081600000| Complete 
|  23|0x0000000081700000, 0x0000000081800000, 0x0000000081800000|100%| O|  |TAMS 0x0000000081700000| PB 0x0000000081700000| Untracked 
|  24|0x0000000081800000, 0x0000000081900000, 0x0000000081900000|100%| O|  |TAMS 0x0000000081800000| PB 0x0000000081800000| Untracked 
|  25|0x0000000081900000, 0x0000000081a00000, 0x0000000081a00000|100%| O|  |TAMS 0x0000000081900000| PB 0x0000000081900000| Untracked 
|  26|0x0000000081a00000, 0x0000000081b00000, 0x0000000081b00000|100%| O|  |TAMS 0x0000000081a00000| PB 0x0000000081a00000| Untracked 
|  27|0x0000000081b00000, 0x0000000081c00000, 0x0000000081c00000|100%| O|  |TAMS 0x0000000081b00000| PB 0x0000000081b00000| Untracked 
|  28|0x0000000081c00000, 0x0000000081d00000, 0x0000000081d00000|100%| O|  |TAMS 0x0000000081c00000| PB 0x0000000081c00000| Untracked 
|  29|0x0000000081d00000, 0x0000000081e00000, 0x0000000081e00000|100%| O|  |TAMS 0x0000000081d00000| PB 0x0000000081d00000| Untracked 
|  30|0x0000000081e00000, 0x0000000081f00000, 0x0000000081f00000|100%|HS|  |TAMS 0x0000000081e00000| PB 0x0000000081e00000| Complete 
|  31|0x0000000081f00000, 0x0000000082000000, 0x0000000082000000|100%| O|  |TAMS 0x0000000081f00000| PB 0x0000000081f00000| Untracked 
|  32|0x0000000082000000, 0x0000000082100000, 0x0000000082100000|100%| O|  |TAMS 0x0000000082000000| PB 0x0000000082000000| Untracked 
|  33|0x0000000082100000, 0x0000000082200000, 0x0000000082200000|100%| O|  |TAMS 0x0000000082100000| PB 0x0000000082100000| Untracked 
|  34|0x0000000082200000, 0x0000000082300000, 0x0000000082300000|100%| O|  |TAMS 0x0000000082200000| PB 0x0000000082200000| Untracked 
|  35|0x0000000082300000, 0x0000000082400000, 0x0000000082400000|100%| O|  |TAMS 0x0000000082300000| PB 0x0000000082300000| Untracked 
|  36|0x0000000082400000, 0x0000000082500000, 0x0000000082500000|100%| O|  |TAMS 0x0000000082400000| PB 0x0000000082400000| Untracked 
|  37|0x0000000082500000, 0x0000000082600000, 0x0000000082600000|100%| O|  |TAMS 0x0000000082500000| PB 0x0000000082500000| Untracked 
|  38|0x0000000082600000, 0x0000000082700000, 0x0000000082700000|100%|HS|  |TAMS 0x0000000082600000| PB 0x0000000082600000| Complete 
|  39|0x0000000082700000, 0x0000000082800000, 0x0000000082800000|100%|HC|  |TAMS 0x0000000082700000| PB 0x0000000082700000| Complete 
|  40|0x0000000082800000, 0x0000000082900000, 0x0000000082900000|100%|HC|  |TAMS 0x0000000082800000| PB 0x0000000082800000| Complete 
|  41|0x0000000082900000, 0x0000000082a00000, 0x0000000082a00000|100%| O|  |TAMS 0x0000000082900000| PB 0x0000000082900000| Untracked 
|  42|0x0000000082a00000, 0x0000000082b00000, 0x0000000082b00000|100%| O|  |TAMS 0x0000000082a00000| PB 0x0000000082a00000| Untracked 
|  43|0x0000000082b00000, 0x0000000082c00000, 0x0000000082c00000|100%| O|  |TAMS 0x0000000082b00000| PB 0x0000000082b00000| Untracked 
|  44|0x0000000082c00000, 0x0000000082d00000, 0x0000000082d00000|100%| O|  |TAMS 0x0000000082c00000| PB 0x0000000082c00000| Untracked 
|  45|0x0000000082d00000, 0x0000000082e00000, 0x0000000082e00000|100%| O|  |TAMS 0x0000000082d00000| PB 0x0000000082d00000| Untracked 
|  46|0x0000000082e00000, 0x0000000082f00000, 0x0000000082f00000|100%| O|  |TAMS 0x0000000082e00000| PB 0x0000000082e00000| Untracked 
|  47|0x0000000082f00000, 0x0000000083000000, 0x0000000083000000|100%| O|  |TAMS 0x0000000082f00000| PB 0x0000000082f00000| Untracked 
|  48|0x0000000083000000, 0x0000000083100000, 0x0000000083100000|100%| O|  |TAMS 0x0000000083000000| PB 0x0000000083000000| Untracked 
|  49|0x0000000083100000, 0x0000000083200000, 0x0000000083200000|100%| O|  |TAMS 0x0000000083100000| PB 0x0000000083100000| Untracked 
|  50|0x0000000083200000, 0x00000000832ed000, 0x0000000083300000| 92%| O|  |TAMS 0x0000000083200000| PB 0x0000000083200000| Untracked 
|  51|0x0000000083300000, 0x0000000083300000, 0x0000000083400000|  0%| F|  |TAMS 0x0000000083300000| PB 0x0000000083300000| Untracked 
|  52|0x0000000083400000, 0x0000000083400000, 0x0000000083500000|  0%| F|  |TAMS 0x0000000083400000| PB 0x0000000083400000| Untracked 
|  53|0x0000000083500000, 0x0000000083500000, 0x0000000083600000|  0%| F|  |TAMS 0x0000000083500000| PB 0x0000000083500000| Untracked 
|  54|0x0000000083600000, 0x0000000083600000, 0x0000000083700000|  0%| F|  |TAMS 0x0000000083600000| PB 0x0000000083600000| Untracked 
|  55|0x0000000083700000, 0x0000000083700000, 0x0000000083800000|  0%| F|  |TAMS 0x0000000083700000| PB 0x0000000083700000| Untracked 
|  56|0x0000000083800000, 0x0000000083800000, 0x0000000083900000|  0%| F|  |TAMS 0x0000000083800000| PB 0x0000000083800000| Untracked 
|  57|0x0000000083900000, 0x0000000083900000, 0x0000000083a00000|  0%| F|  |TAMS 0x0000000083900000| PB 0x0000000083900000| Untracked 
|  58|0x0000000083a00000, 0x0000000083a00000, 0x0000000083b00000|  0%| F|  |TAMS 0x0000000083a00000| PB 0x0000000083a00000| Untracked 
|  59|0x0000000083b00000, 0x0000000083b00000, 0x0000000083c00000|  0%| F|  |TAMS 0x0000000083b00000| PB 0x0000000083b00000| Untracked 
|  60|0x0000000083c00000, 0x0000000083c00000, 0x0000000083d00000|  0%| F|  |TAMS 0x0000000083c00000| PB 0x0000000083c00000| Untracked 
|  61|0x0000000083d00000, 0x0000000083d00000, 0x0000000083e00000|  0%| F|  |TAMS 0x0000000083d00000| PB 0x0000000083d00000| Untracked 
|  62|0x0000000083e00000, 0x0000000083e00000, 0x0000000083f00000|  0%| F|  |TAMS 0x0000000083e00000| PB 0x0000000083e00000| Untracked 
|  63|0x0000000083f00000, 0x0000000083f00000, 0x0000000084000000|  0%| F|  |TAMS 0x0000000083f00000| PB 0x0000000083f00000| Untracked 
|  64|0x0000000084000000, 0x0000000084000000, 0x0000000084100000|  0%| F|  |TAMS 0x0000000084000000| PB 0x0000000084000000| Untracked 
|  65|0x0000000084100000, 0x000000008412d1b0, 0x0000000084200000| 17%| S|CS|TAMS 0x0000000084100000| PB 0x0000000084100000| Complete 
|  66|0x0000000084200000, 0x0000000084300000, 0x0000000084300000|100%| S|CS|TAMS 0x0000000084200000| PB 0x0000000084200000| Complete 
|  67|0x0000000084300000, 0x0000000084400000, 0x0000000084400000|100%| S|CS|TAMS 0x0000000084300000| PB 0x0000000084300000| Complete 
|  68|0x0000000084400000, 0x0000000084400000, 0x0000000084500000|  0%| F|  |TAMS 0x0000000084400000| PB 0x0000000084400000| Untracked 
|  69|0x0000000084500000, 0x0000000084500000, 0x0000000084600000|  0%| F|  |TAMS 0x0000000084500000| PB 0x0000000084500000| Untracked 
|  70|0x0000000084600000, 0x0000000084600000, 0x0000000084700000|  0%| F|  |TAMS 0x0000000084600000| PB 0x0000000084600000| Untracked 
|  71|0x0000000084700000, 0x0000000084700000, 0x0000000084800000|  0%| F|  |TAMS 0x0000000084700000| PB 0x0000000084700000| Untracked 
|  72|0x0000000084800000, 0x0000000084800000, 0x0000000084900000|  0%| F|  |TAMS 0x0000000084800000| PB 0x0000000084800000| Untracked 
|  73|0x0000000084900000, 0x0000000084900000, 0x0000000084a00000|  0%| F|  |TAMS 0x0000000084900000| PB 0x0000000084900000| Untracked 
|  74|0x0000000084a00000, 0x0000000084a00000, 0x0000000084b00000|  0%| F|  |TAMS 0x0000000084a00000| PB 0x0000000084a00000| Untracked 
|  75|0x0000000084b00000, 0x0000000084b00000, 0x0000000084c00000|  0%| F|  |TAMS 0x0000000084b00000| PB 0x0000000084b00000| Untracked 
|  76|0x0000000084c00000, 0x0000000084c00000, 0x0000000084d00000|  0%| F|  |TAMS 0x0000000084c00000| PB 0x0000000084c00000| Untracked 
|  77|0x0000000084d00000, 0x0000000084d00000, 0x0000000084e00000|  0%| F|  |TAMS 0x0000000084d00000| PB 0x0000000084d00000| Untracked 
|  78|0x0000000084e00000, 0x0000000084e00000, 0x0000000084f00000|  0%| F|  |TAMS 0x0000000084e00000| PB 0x0000000084e00000| Untracked 
|  79|0x0000000084f00000, 0x0000000084f00000, 0x0000000085000000|  0%| F|  |TAMS 0x0000000084f00000| PB 0x0000000084f00000| Untracked 
|  80|0x0000000085000000, 0x0000000085000000, 0x0000000085100000|  0%| F|  |TAMS 0x0000000085000000| PB 0x0000000085000000| Untracked 
|  81|0x0000000085100000, 0x0000000085100000, 0x0000000085200000|  0%| F|  |TAMS 0x0000000085100000| PB 0x0000000085100000| Untracked 
|  82|0x0000000085200000, 0x0000000085200000, 0x0000000085300000|  0%| F|  |TAMS 0x0000000085200000| PB 0x0000000085200000| Untracked 
|  83|0x0000000085300000, 0x0000000085300000, 0x0000000085400000|  0%| F|  |TAMS 0x0000000085300000| PB 0x0000000085300000| Untracked 
|  84|0x0000000085400000, 0x0000000085400000, 0x0000000085500000|  0%| F|  |TAMS 0x0000000085400000| PB 0x0000000085400000| Untracked 
|  85|0x0000000085500000, 0x0000000085500800, 0x0000000085600000|  0%| E|  |TAMS 0x0000000085500000| PB 0x0000000085500000| Complete 
|  86|0x0000000085600000, 0x0000000085700000, 0x0000000085700000|100%| E|CS|TAMS 0x0000000085600000| PB 0x0000000085600000| Complete 
| 107|0x0000000086b00000, 0x0000000086c00000, 0x0000000086c00000|100%| E|  |TAMS 0x0000000086b00000| PB 0x0000000086b00000| Complete 
| 108|0x0000000086c00000, 0x0000000086d00000, 0x0000000086d00000|100%| E|CS|TAMS 0x0000000086c00000| PB 0x0000000086c00000| Complete 
| 124|0x0000000087c00000, 0x0000000087d00000, 0x0000000087d00000|100%| E|CS|TAMS 0x0000000087c00000| PB 0x0000000087c00000| Complete 
| 125|0x0000000087d00000, 0x0000000087e00000, 0x0000000087e00000|100%| E|CS|TAMS 0x0000000087d00000| PB 0x0000000087d00000| Complete 
|2047|0x00000000fff00000, 0x0000000100000000, 0x0000000100000000|100%| O|  |TAMS 0x00000000fff00000| PB 0x00000000fff00000| Untracked 

Card table byte_map: [0x00000259e9e70000,0x00000259ea270000] _byte_map_base: 0x00000259e9a70000

Marking Bits: (CMBitMap*) 0x00000259d26e5c80
 Bits: [0x00000259ea670000, 0x00000259ec670000)

Polling page: 0x00000259d1e50000

Metaspace:

Usage:
  Non-class:     53.77 MB used.
      Class:      8.74 MB used.
       Both:     62.50 MB used.

Virtual space:
  Non-class space:       64.00 MB reserved,      54.69 MB ( 85%) committed,  1 nodes.
      Class space:      412.00 MB reserved,       9.62 MB (  2%) committed,  1 nodes.
             Both:      476.00 MB reserved,      64.31 MB ( 14%) committed. 

Chunk freelists:
   Non-Class:  1.04 MB
       Class:  2.44 MB
        Both:  3.48 MB

MaxMetaspaceSize: 512.00 MB
CompressedClassSpaceSize: 412.00 MB
Initial GC threshold: 21.00 MB
Current GC threshold: 107.00 MB
CDS: on
MetaspaceReclaimPolicy: balanced
 - commit_granule_bytes: 65536.
 - commit_granule_words: 8192.
 - virtual_space_node_default_size: 8388608.
 - enlarge_chunks_in_place: 1.
 - new_chunks_are_fully_committed: 0.
 - uncommit_free_chunks: 1.
 - use_allocation_guard: 0.


Internal statistics:

num_allocs_failed_limit: 6.
num_arena_births: 3102.
num_arena_deaths: 0.
num_vsnodes_births: 2.
num_vsnodes_deaths: 0.
num_space_committed: 1029.
num_space_uncommitted: 0.
num_chunks_returned_to_freelist: 6.
num_chunks_taken_from_freelist: 5907.
num_chunk_merges: 6.
num_chunk_splits: 3910.
num_chunks_enlarged: 2524.
num_inconsistent_stats: 0.

CodeHeap 'non-profiled nmethods': size=120000Kb used=4403Kb max_used=4450Kb free=115596Kb
 bounds [0x00000259e2210000, 0x00000259e2670000, 0x00000259e9740000]
CodeHeap 'profiled nmethods': size=120000Kb used=15090Kb max_used=15276Kb free=104909Kb
 bounds [0x00000259da740000, 0x00000259db640000, 0x00000259e1c70000]
CodeHeap 'non-nmethods': size=5760Kb used=2847Kb max_used=2901Kb free=2912Kb
 bounds [0x00000259e1c70000, 0x00000259e1f50000, 0x00000259e2210000]
 total_blobs=9022 nmethods=8112 adapters=818
 compilation: enabled
              stopped_count=0, restarted_count=0
 full_count=0

Compilation events (20 events):
Event: 544.375 Thread 0x00000259ef0bac60 nmethod 9472 0x00000259e25d4790 code [0x00000259e25d4900, 0x00000259e25d49b0]
Event: 544.377 Thread 0x00000259ef0bac60 9473   !   3       org.gradle.execution.plan.DefaultPlanExecutor$ExecutorWorker::lambda$getNextItem$1 (172 bytes)
Event: 544.387 Thread 0x00000259ef0bac60 nmethod 9473 0x00000259db355290 code [0x00000259db355600, 0x00000259db356c10]
Event: 544.442 Thread 0x00000259ef0b6f80 9474       4       org.gradle.cache.internal.btree.CachingBlockStore::read (56 bytes)
Event: 544.510 Thread 0x00000259ef0bac60 9476       3       org.gradle.internal.resources.AbstractResourceLockRegistry$ThreadLockDetails::access$102 (7 bytes)
Event: 544.512 Thread 0x00000259ef0bac60 nmethod 9476 0x00000259dad3b890 code [0x00000259dad3ba20, 0x00000259dad3bb20]
Event: 544.521 Thread 0x00000259ef0bac60 9477       3       org.gradle.internal.resources.DefaultResourceLockCoordinationService$AcquireLocks::<init> (15 bytes)
Event: 544.525 Thread 0x00000259ef0bac60 nmethod 9477 0x00000259daf7c210 code [0x00000259daf7c3a0, 0x00000259daf7c570]
Event: 544.539 Thread 0x00000259ef0bac60 9478       3       org.gradle.internal.model.CalculatedValueContainer::get (8 bytes)
Event: 544.541 Thread 0x00000259ef0bac60 nmethod 9478 0x00000259db0d8e10 code [0x00000259db0d8fa0, 0x00000259db0d9110]
Event: 544.542 Thread 0x00000259ef0bac60 9481       3       org.gradle.internal.model.CalculatedValueContainer::finalizeIfNotAlready (6 bytes)
Event: 544.549 Thread 0x00000259ef0bac60 nmethod 9481 0x00000259dadd5a90 code [0x00000259dadd5c40, 0x00000259dadd5e50]
Event: 544.549 Thread 0x00000259ef0bac60 9482       3       org.gradle.internal.model.CalculatedValueContainer::finalizeIfNotAlready (17 bytes)
Event: 544.549 Thread 0x00000259ef0bac60 nmethod 9482 0x00000259dadd7710 code [0x00000259dadd78a0, 0x00000259dadd7a60]
Event: 544.549 Thread 0x00000259ef0bac60 9480       3       org.gradle.api.internal.artifacts.ivyservice.ResolvedFileCollectionVisitor::endVisitCollection (24 bytes)
Event: 544.562 Thread 0x00000259ef0bac60 nmethod 9480 0x00000259daefa790 code [0x00000259daefa940, 0x00000259daefad10]
Event: 544.562 Thread 0x00000259ef0bac60 9479       1       org.gradle.internal.Try$Success::isSuccessful (2 bytes)
Event: 544.562 Thread 0x00000259ef0bac60 nmethod 9479 0x00000259e25d4490 code [0x00000259e25d4600, 0x00000259e25d46c8]
Event: 544.573 Thread 0x00000259ef0bac60 9483       1       org.gradle.launcher.daemon.server.exec.LogToClient::access$100 (5 bytes)
Event: 544.577 Thread 0x00000259ef0bac60 nmethod 9483 0x00000259e25d4190 code [0x00000259e25d4300, 0x00000259e25d43b0]

GC Heap History (20 events):
Event: 209.018 GC heap before
{Heap before GC invocations=14 (full 0):
 garbage-first heap   total 83968K, used 75078K [0x0000000080000000, 0x0000000100000000)
  region size 1024K, 32 young (32768K), 2 survivors (2048K)
 Metaspace       used 53649K, committed 55424K, reserved 487424K
  class space    used 7576K, committed 8448K, reserved 421888K
}
Event: 209.023 GC heap after
{Heap after GC invocations=15 (full 0):
 garbage-first heap   total 83968K, used 45901K [0x0000000080000000, 0x0000000100000000)
  region size 1024K, 4 young (4096K), 4 survivors (4096K)
 Metaspace       used 53649K, committed 55424K, reserved 487424K
  class space    used 7576K, committed 8448K, reserved 421888K
}
Event: 250.658 GC heap before
{Heap before GC invocations=15 (full 0):
 garbage-first heap   total 83968K, used 72525K [0x0000000080000000, 0x0000000100000000)
  region size 1024K, 31 young (31744K), 4 survivors (4096K)
 Metaspace       used 55909K, committed 57664K, reserved 487424K
  class space    used 7836K, committed 8704K, reserved 421888K
}
Event: 250.736 GC heap after
{Heap after GC invocations=16 (full 0):
 garbage-first heap   total 83968K, used 46104K [0x0000000080000000, 0x0000000100000000)
  region size 1024K, 3 young (3072K), 3 survivors (3072K)
 Metaspace       used 55909K, committed 57664K, reserved 487424K
  class space    used 7836K, committed 8704K, reserved 421888K
}
Event: 264.870 GC heap before
{Heap before GC invocations=16 (full 0):
 garbage-first heap   total 83968K, used 74776K [0x0000000080000000, 0x0000000100000000)
  region size 1024K, 31 young (31744K), 3 survivors (3072K)
 Metaspace       used 58355K, committed 60096K, reserved 487424K
  class space    used 8186K, committed 9024K, reserved 421888K
}
Event: 264.957 GC heap after
{Heap after GC invocations=17 (full 0):
 garbage-first heap   total 83968K, used 48348K [0x0000000080000000, 0x0000000100000000)
  region size 1024K, 4 young (4096K), 4 survivors (4096K)
 Metaspace       used 58355K, committed 60096K, reserved 487424K
  class space    used 8186K, committed 9024K, reserved 421888K
}
Event: 316.978 GC heap before
{Heap before GC invocations=18 (full 0):
 garbage-first heap   total 86016K, used 72924K [0x0000000080000000, 0x0000000100000000)
  region size 1024K, 28 young (28672K), 4 survivors (4096K)
 Metaspace       used 59264K, committed 60992K, reserved 487424K
  class space    used 8330K, committed 9152K, reserved 421888K
}
Event: 317.062 GC heap after
{Heap after GC invocations=19 (full 0):
 garbage-first heap   total 86016K, used 49321K [0x0000000080000000, 0x0000000100000000)
  region size 1024K, 1 young (1024K), 1 survivors (1024K)
 Metaspace       used 59264K, committed 60992K, reserved 487424K
  class space    used 8330K, committed 9152K, reserved 421888K
}
Event: 370.701 GC heap before
{Heap before GC invocations=19 (full 0):
 garbage-first heap   total 86016K, used 79017K [0x0000000080000000, 0x0000000100000000)
  region size 1024K, 30 young (30720K), 1 survivors (1024K)
 Metaspace       used 59407K, committed 61248K, reserved 487424K
  class space    used 8333K, committed 9216K, reserved 421888K
}
Event: 370.766 GC heap after
{Heap after GC invocations=20 (full 0):
 garbage-first heap   total 86016K, used 49940K [0x0000000080000000, 0x0000000100000000)
  region size 1024K, 2 young (2048K), 2 survivors (2048K)
 Metaspace       used 59407K, committed 61248K, reserved 487424K
  class space    used 8333K, committed 9216K, reserved 421888K
}
Event: 423.936 GC heap before
{Heap before GC invocations=20 (full 0):
 garbage-first heap   total 86016K, used 77588K [0x0000000080000000, 0x0000000100000000)
  region size 1024K, 29 young (29696K), 2 survivors (2048K)
 Metaspace       used 59491K, committed 61312K, reserved 487424K
  class space    used 8334K, committed 9216K, reserved 421888K
}
Event: 424.263 GC heap after
{Heap after GC invocations=21 (full 0):
 garbage-first heap   total 86016K, used 50612K [0x0000000080000000, 0x0000000100000000)
  region size 1024K, 3 young (3072K), 3 survivors (3072K)
 Metaspace       used 59491K, committed 61312K, reserved 487424K
  class space    used 8334K, committed 9216K, reserved 421888K
}
Event: 464.475 GC heap before
{Heap before GC invocations=22 (full 0):
 garbage-first heap   total 89088K, used 76212K [0x0000000080000000, 0x0000000100000000)
  region size 1024K, 28 young (28672K), 3 survivors (3072K)
 Metaspace       used 60124K, committed 61888K, reserved 487424K
  class space    used 8403K, committed 9280K, reserved 421888K
}
Event: 464.557 GC heap after
{Heap after GC invocations=23 (full 0):
 garbage-first heap   total 89088K, used 51780K [0x0000000080000000, 0x0000000100000000)
  region size 1024K, 3 young (3072K), 3 survivors (3072K)
 Metaspace       used 60124K, committed 61888K, reserved 487424K
  class space    used 8403K, committed 9280K, reserved 421888K
}
Event: 481.215 GC heap before
{Heap before GC invocations=23 (full 0):
 garbage-first heap   total 89088K, used 79428K [0x0000000080000000, 0x0000000100000000)
  region size 1024K, 31 young (31744K), 3 survivors (3072K)
 Metaspace       used 62430K, committed 64256K, reserved 487424K
  class space    used 8753K, committed 9600K, reserved 421888K
}
Event: 481.251 GC heap after
{Heap after GC invocations=24 (full 0):
 garbage-first heap   total 89088K, used 53392K [0x0000000080000000, 0x0000000100000000)
  region size 1024K, 4 young (4096K), 4 survivors (4096K)
 Metaspace       used 62430K, committed 64256K, reserved 487424K
  class space    used 8753K, committed 9600K, reserved 421888K
}
Event: 506.472 GC heap before
{Heap before GC invocations=24 (full 0):
 garbage-first heap   total 89088K, used 77968K [0x0000000080000000, 0x0000000100000000)
  region size 1024K, 29 young (29696K), 4 survivors (4096K)
 Metaspace       used 63966K, committed 65728K, reserved 487424K
  class space    used 8944K, committed 9792K, reserved 421888K
}
Event: 506.711 GC heap after
{Heap after GC invocations=25 (full 0):
 garbage-first heap   total 89088K, used 55296K [0x0000000080000000, 0x0000000100000000)
  region size 1024K, 4 young (4096K), 4 survivors (4096K)
 Metaspace       used 63966K, committed 65728K, reserved 487424K
  class space    used 8944K, committed 9792K, reserved 421888K
}
Event: 541.606 GC heap before
{Heap before GC invocations=26 (full 0):
 garbage-first heap   total 94208K, used 77824K [0x0000000080000000, 0x0000000100000000)
  region size 1024K, 27 young (27648K), 4 survivors (4096K)
 Metaspace       used 63983K, committed 65856K, reserved 487424K
  class space    used 8944K, committed 9856K, reserved 421888K
}
Event: 541.698 GC heap after
{Heap after GC invocations=27 (full 0):
 garbage-first heap   total 94208K, used 55400K [0x0000000080000000, 0x0000000100000000)
  region size 1024K, 3 young (3072K), 3 survivors (3072K)
 Metaspace       used 63983K, committed 65856K, reserved 487424K
  class space    used 8944K, committed 9856K, reserved 421888K
}

Dll operation events (13 events):
Event: 0.024 Loaded shared library C:\Program Files\Java\jdk-20\bin\java.dll
Event: 0.462 Loaded shared library C:\Program Files\Java\jdk-20\bin\jsvml.dll
Event: 0.581 Loaded shared library C:\Program Files\Java\jdk-20\bin\net.dll
Event: 0.591 Loaded shared library C:\Program Files\Java\jdk-20\bin\nio.dll
Event: 0.637 Loaded shared library C:\Program Files\Java\jdk-20\bin\zip.dll
Event: 1.236 Loaded shared library C:\Program Files\Java\jdk-20\bin\jimage.dll
Event: 1.450 Loaded shared library C:\Program Files\Java\jdk-20\bin\verify.dll
Event: 2.533 Loaded shared library C:\Users\alkar\.gradle\native\e1d6ef7f7dcc3fd88c89a11ec53ec762bb8ba0a96d01ffa2cd45eb1d1d8dd5c5\windows-amd64\native-platform.dll
Event: 2.603 Loaded shared library C:\Users\alkar\.gradle\native\0d407fdbe67a94daf76414ababcb853783967236a71b16ec16e742cd7a986fd3\windows-amd64\native-platform-file-events.dll
Event: 6.975 Loaded shared library C:\Program Files\Java\jdk-20\bin\management.dll
Event: 6.988 Loaded shared library C:\Program Files\Java\jdk-20\bin\management_ext.dll
Event: 8.578 Loaded shared library C:\Program Files\Java\jdk-20\bin\extnet.dll
Event: 10.343 Loaded shared library C:\Program Files\Java\jdk-20\bin\sunmscapi.dll

Deoptimization events (20 events):
Event: 482.736 Thread 0x00000259f5b7cfd0 Uncommon trap: trap_request=0xffffffde fr.pc=0x00000259e2451ae8 relative=0x0000000000000068
Event: 482.736 Thread 0x00000259f5b7cfd0 Uncommon trap: reason=class_check action=maybe_recompile pc=0x00000259e2451ae8 method=java.util.stream.StreamOpFlag.fromCharacteristics(Ljava/util/Spliterator;)I @ 14 c2
Event: 482.736 Thread 0x00000259f5b7cfd0 DEOPT PACKING pc=0x00000259e2451ae8 sp=0x000000d4930fdfb0
Event: 482.736 Thread 0x00000259f5b7cfd0 DEOPT UNPACKING pc=0x00000259e1cd9d22 sp=0x000000d4930fdf48 mode 2
Event: 482.791 Thread 0x00000259f5b7d520 DEOPT PACKING pc=0x00000259dacac27d sp=0x000000d492cfb9d0
Event: 482.791 Thread 0x00000259f5b7d520 DEOPT UNPACKING pc=0x00000259e1cda4c2 sp=0x000000d492cfaf10 mode 0
Event: 484.716 Thread 0x00000259f80448d0 Uncommon trap: trap_request=0xffffff45 fr.pc=0x00000259e25a5130 relative=0x00000000000000b0
Event: 484.716 Thread 0x00000259f80448d0 Uncommon trap: reason=unstable_if action=reinterpret pc=0x00000259e25a5130 method=java.util.Random.next(I)I @ 35 c2
Event: 484.716 Thread 0x00000259f80448d0 DEOPT PACKING pc=0x00000259e25a5130 sp=0x000000d494cfd4c0
Event: 484.716 Thread 0x00000259f80448d0 DEOPT UNPACKING pc=0x00000259e1cd9d22 sp=0x000000d494cfd428 mode 2
Event: 487.606 Thread 0x00000259f7b6ba00 DEOPT PACKING pc=0x00000259dab89ffe sp=0x000000d494ffd150
Event: 487.607 Thread 0x00000259f7b6ba00 DEOPT UNPACKING pc=0x00000259e1cda4c2 sp=0x000000d494ffc6d0 mode 0
Event: 535.647 Thread 0x00000259f5b82a20 Uncommon trap: trap_request=0xffffff45 fr.pc=0x00000259e222ff0c relative=0x000000000000008c
Event: 535.647 Thread 0x00000259f5b82a20 Uncommon trap: reason=unstable_if action=reinterpret pc=0x00000259e222ff0c method=jdk.internal.misc.Unsafe.getAndBitwiseAndInt(Ljava/lang/Object;JI)I @ 21 c2
Event: 535.647 Thread 0x00000259f5b82a20 DEOPT PACKING pc=0x00000259e222ff0c sp=0x000000d4926fda20
Event: 535.650 Thread 0x00000259f5b82a20 DEOPT UNPACKING pc=0x00000259e1cd9d22 sp=0x000000d4926fd928 mode 2
Event: 535.650 Thread 0x00000259f5b82a20 Uncommon trap: trap_request=0xffffff45 fr.pc=0x00000259e2411d14 relative=0x0000000000000094
Event: 535.650 Thread 0x00000259f5b82a20 Uncommon trap: reason=unstable_if action=reinterpret pc=0x00000259e2411d14 method=java.util.concurrent.locks.LockSupport.unpark(Ljava/lang/Thread;)V @ 1 c2
Event: 535.650 Thread 0x00000259f5b82a20 DEOPT PACKING pc=0x00000259e2411d14 sp=0x000000d4926fda20
Event: 535.651 Thread 0x00000259f5b82a20 DEOPT UNPACKING pc=0x00000259e1cd9d22 sp=0x000000d4926fd9b8 mode 2

Classes loaded (20 events):
Event: 258.698 Loading class java/time/Month$1
Event: 258.699 Loading class java/time/Month$1 done
Event: 258.715 Loading class sun/nio/ch/ChannelOutputStream
Event: 258.722 Loading class sun/nio/ch/ChannelOutputStream done
Event: 429.346 Loading class java/util/TreeMap$DescendingSubMap
Event: 429.357 Loading class java/util/TreeMap$NavigableSubMap
Event: 429.361 Loading class java/util/TreeMap$NavigableSubMap done
Event: 429.361 Loading class java/util/TreeMap$DescendingSubMap done
Event: 429.363 Loading class java/util/TreeMap$NavigableSubMap$DescendingSubMapKeyIterator
Event: 429.363 Loading class java/util/TreeMap$NavigableSubMap$SubMapIterator
Event: 429.365 Loading class java/util/TreeMap$NavigableSubMap$SubMapIterator done
Event: 429.365 Loading class java/util/TreeMap$NavigableSubMap$DescendingSubMapKeyIterator done
Event: 470.072 Loading class java/util/TreeMap$KeySpliterator
Event: 470.078 Loading class java/util/TreeMap$TreeMapSpliterator
Event: 470.080 Loading class java/util/TreeMap$TreeMapSpliterator done
Event: 470.080 Loading class java/util/TreeMap$KeySpliterator done
Event: 481.257 Loading class java/io/NotSerializableException
Event: 481.261 Loading class java/io/NotSerializableException done
Event: 482.916 Loading class java/util/concurrent/ConcurrentLinkedQueue$Itr
Event: 482.922 Loading class java/util/concurrent/ConcurrentLinkedQueue$Itr done

Classes unloaded (0 events):
No events

Classes redefined (0 events):
No events

Internal exceptions (20 events):
Event: 262.425 Thread 0x00000259f34120d0 Exception <a 'java/lang/ClassNotFoundException'{0x0000000083dd9520}: org/gradle/api/internal/DefaultNamedDomainObjectCollectionBeanInfo> (0x0000000083dd9520) 
thrown [s\open\src\hotspot\share\classfile\systemDictionary.cpp, line 305]
Event: 262.429 Thread 0x00000259f34120d0 Exception <a 'java/lang/ClassNotFoundException'{0x0000000083deb330}: org/gradle/api/internal/DefaultDomainObjectCollectionBeanInfo> (0x0000000083deb330) 
thrown [s\open\src\hotspot\share\classfile\systemDictionary.cpp, line 305]
Event: 262.437 Thread 0x00000259f34120d0 Exception <a 'java/lang/ClassNotFoundException'{0x0000000083dfd6f0}: org/gradle/api/internal/DefaultDomainObjectCollectionCustomizer> (0x0000000083dfd6f0) 
thrown [s\open\src\hotspot\share\classfile\systemDictionary.cpp, line 305]
Event: 262.479 Thread 0x00000259f34120d0 Exception <a 'java/lang/ClassNotFoundException'{0x0000000083c2f238}: org/gradle/api/internal/DefaultNamedDomainObjectCollectionCustomizer> (0x0000000083c2f238) 
thrown [s\open\src\hotspot\share\classfile\systemDictionary.cpp, line 305]
Event: 262.502 Thread 0x00000259f34120d0 Exception <a 'java/lang/ClassNotFoundException'{0x0000000083c67750}: org/gradle/api/internal/DefaultNamedDomainObjectListCustomizer> (0x0000000083c67750) 
thrown [s\open\src\hotspot\share\classfile\systemDictionary.cpp, line 305]
Event: 262.509 Thread 0x00000259f34120d0 Exception <a 'java/lang/ClassNotFoundException'{0x0000000083c94540}: org/gradle/api/internal/artifacts/DefaultArtifactRepositoryContainerCustomizer> (0x0000000083c94540) 
thrown [s\open\src\hotspot\share\classfile\systemDictionary.cpp, line 305]
Event: 262.521 Thread 0x00000259f34120d0 Exception <a 'java/lang/ClassNotFoundException'{0x0000000083cb91f0}: org/gradle/api/internal/artifacts/dsl/DefaultRepositoryHandlerCustomizer> (0x0000000083cb91f0) 
thrown [s\open\src\hotspot\share\classfile\systemDictionary.cpp, line 305]
Event: 262.545 Thread 0x00000259f34120d0 Exception <a 'java/lang/ClassNotFoundException'{0x0000000083cebae8}: org/gradle/api/internal/artifacts/dsl/DefaultRepositoryHandler_DecoratedCustomizer> (0x0000000083cebae8) 
thrown [s\open\src\hotspot\share\classfile\systemDictionary.cpp, line 305]
Event: 262.763 Thread 0x00000259f34120d0 Exception <a 'java/lang/ClassNotFoundException'{0x0000000083b7f540}: org/gradle/api/internal/artifacts/dsl/dependencies/DefaultDependencyHandler_DecoratedBeanInfo> (0x0000000083b7f540) 
thrown [s\open\src\hotspot\share\classfile\systemDictionary.cpp, line 305]
Event: 262.767 Thread 0x00000259f34120d0 Exception <a 'java/lang/ClassNotFoundException'{0x0000000083b91c08}: org/gradle/api/internal/artifacts/dsl/dependencies/DefaultDependencyHandlerBeanInfo> (0x0000000083b91c08) 
thrown [s\open\src\hotspot\share\classfile\systemDictionary.cpp, line 305]
Event: 262.771 Thread 0x00000259f34120d0 Exception <a 'java/lang/ClassNotFoundException'{0x0000000083ba4290}: org/gradle/api/internal/artifacts/dsl/dependencies/DefaultDependencyHandlerCustomizer> (0x0000000083ba4290) 
thrown [s\open\src\hotspot\share\classfile\systemDictionary.cpp, line 305]
Event: 262.782 Thread 0x00000259f34120d0 Exception <a 'java/lang/ClassNotFoundException'{0x0000000083bdf188}: org/gradle/api/internal/artifacts/dsl/dependencies/DefaultDependencyHandler_DecoratedCustomizer> (0x0000000083bdf188) 
thrown [s\open\src\hotspot\share\classfile\systemDictionary.cpp, line 305]
Event: 264.638 Thread 0x00000259f34120d0 Exception <a 'java/lang/NoSuchMethodError'{0x00000000836e9f30}: 'java.lang.Object java.lang.invoke.DirectMethodHandle$Holder.newInvokeSpecial(java.lang.Object, java.lang.Object, int)'> (0x00000000836e9f30) 
thrown [s\open\src\hotspot\share\interpreter\linkResolver.cpp, line 773]
Event: 469.502 Thread 0x00000259f34120d0 Implicit null exception at 0x00000259e230ece0 to 0x00000259e230ed10
Event: 469.610 Thread 0x00000259f34120d0 Implicit null exception at 0x00000259e2479319 to 0x00000259e247a474
Event: 469.904 Thread 0x00000259f5b7ea60 Exception <a 'java/lang/NoSuchMethodError'{0x0000000084f0a328}: 'java.lang.Object java.lang.invoke.Invokers$Holder.linkToTargetMethod(java.lang.Object, java.lang.Object, java.lang.Object, int, java.lang.Object, java.lang.Object)'> (0x0000000084f0a328) 
thrown [s\open\src\hotspot\share\interpreter\linkResolver.cpp, line 773]
Event: 470.370 Thread 0x00000259f5b7cfd0 Implicit null exception at 0x00000259e246414a to 0x00000259e24642e4
Event: 470.406 Thread 0x00000259f5b7cfd0 Exception <a 'java/lang/NoSuchMethodError'{0x0000000084c762f0}: 'int java.lang.invoke.DirectMethodHandle$Holder.invokeSpecial(java.lang.Object, java.lang.Object, java.lang.Object, java.lang.Object, java.lang.Object)'> (0x0000000084c762f0) 
thrown [s\open\src\hotspot\share\interpreter\linkResolver.cpp, line 773]
Event: 480.960 Thread 0x00000259f5b7cfd0 Exception <a 'java/lang/NoSuchMethodError'{0x0000000083ed0ed0}: method resolution failed> (0x0000000083ed0ed0) 
thrown [s\open\src\hotspot\share\prims\methodHandles.cpp, line 1260]
Event: 535.650 Thread 0x00000259f5b82a20 Implicit null exception at 0x00000259e2411ca0 to 0x00000259e2411d05

VM Operations (20 events):
Event: 507.472 Executing VM operation: G1PauseCleanup
Event: 507.472 Executing VM operation: G1PauseCleanup done
Event: 508.481 Executing VM operation: Cleanup
Event: 508.482 Executing VM operation: Cleanup done
Event: 510.493 Executing VM operation: Cleanup
Event: 510.493 Executing VM operation: Cleanup done
Event: 523.612 Executing VM operation: Cleanup
Event: 523.612 Executing VM operation: Cleanup done
Event: 532.710 Executing VM operation: Cleanup
Event: 532.710 Executing VM operation: Cleanup done
Event: 535.739 Executing VM operation: Cleanup
Event: 535.755 Executing VM operation: Cleanup done
Event: 539.803 Executing VM operation: Cleanup
Event: 539.804 Executing VM operation: Cleanup done
Event: 541.605 Executing VM operation: G1CollectForAllocation
Event: 541.699 Executing VM operation: G1CollectForAllocation done
Event: 542.713 Executing VM operation: Cleanup
Event: 542.714 Executing VM operation: Cleanup done
Event: 543.728 Executing VM operation: Cleanup
Event: 543.728 Executing VM operation: Cleanup done

Events (20 events):
Event: 507.430 Thread 0x00000259ef089550 flushing nmethod 0x00000259da7ddb90
Event: 507.430 Thread 0x00000259ef089550 flushing nmethod 0x00000259da775d10
Event: 507.430 Thread 0x00000259ef089550 flushing nmethod 0x00000259da772690
Event: 507.430 Thread 0x00000259ef089550 flushing nmethod 0x00000259da771290
Event: 507.430 Thread 0x00000259ef089550 flushing nmethod 0x00000259da76d590
Event: 507.430 Thread 0x00000259ef089550 flushing nmethod 0x00000259da7ba690
Event: 507.430 Thread 0x00000259ef089550 flushing nmethod 0x00000259da7b1d90
Event: 507.430 Thread 0x00000259ef089550 flushing nmethod 0x00000259da7b0c90
Event: 507.431 Thread 0x00000259ef089550 flushing nmethod 0x00000259da796910
Event: 507.431 Thread 0x00000259ef089550 flushing nmethod 0x00000259da793a90
Event: 507.431 Thread 0x00000259ef089550 flushing nmethod 0x00000259da791a90
Event: 507.431 Thread 0x00000259ef089550 flushing nmethod 0x00000259da76d010
Event: 507.432 Thread 0x00000259ef089550 flushing nmethod 0x00000259da76be10
Event: 507.432 Thread 0x00000259ef089550 flushing nmethod 0x00000259da740010
Event: 507.432 Thread 0x00000259ef089550 flushing nmethod 0x00000259da745c10
Event: 507.432 Thread 0x00000259ef089550 flushing nmethod 0x00000259e2523090
Event: 507.432 Thread 0x00000259ef089550 flushing nmethod 0x00000259e2521010
Event: 507.432 Thread 0x00000259ef089550 flushing nmethod 0x00000259e2513f90
Event: 507.432 Thread 0x00000259ef089550 flushing nmethod 0x00000259e2410a90
Event: 542.936 Thread 0x00000259f5b7ea60 Thread exited: 0x00000259f5b7ea60


Dynamic libraries:
0x00007ff6d98b0000 - 0x00007ff6d98c0000 	C:\Program Files\Java\jdk-20\bin\java.exe
0x00007ffeff600000 - 0x00007ffeff809000 	C:\WINDOWS\SYSTEM32\ntdll.dll
0x00007ffefe2b0000 - 0x00007ffefe36e000 	C:\WINDOWS\System32\KERNEL32.DLL
0x00007ffefd0e0000 - 0x00007ffefd463000 	C:\WINDOWS\System32\KERNELBASE.dll
0x00007ffefcfc0000 - 0x00007ffefd0d1000 	C:\WINDOWS\System32\ucrtbase.dll
0x00007ffec5150000 - 0x00007ffec5169000 	C:\Program Files\Java\jdk-20\bin\jli.dll
0x00007ffec2880000 - 0x00007ffec289b000 	C:\Program Files\Java\jdk-20\bin\VCRUNTIME140.dll
0x00007ffefd9b0000 - 0x00007ffefda5e000 	C:\WINDOWS\System32\ADVAPI32.dll
0x00007ffefded0000 - 0x00007ffefdf73000 	C:\WINDOWS\System32\msvcrt.dll
0x00007ffefe510000 - 0x00007ffefe5ae000 	C:\WINDOWS\System32\sechost.dll
0x00007ffeff020000 - 0x00007ffeff141000 	C:\WINDOWS\System32\RPCRT4.dll
0x00007ffeff410000 - 0x00007ffeff5bd000 	C:\WINDOWS\System32\USER32.dll
0x00007ffee3d30000 - 0x00007ffee3fd5000 	C:\WINDOWS\WinSxS\amd64_microsoft.windows.common-controls_6595b64144ccf1df_6.0.22000.120_none_9d947278b86cc467\COMCTL32.dll
0x00007ffefcef0000 - 0x00007ffefcf16000 	C:\WINDOWS\System32\win32u.dll
0x00007ffeff380000 - 0x00007ffeff3a9000 	C:\WINDOWS\System32\GDI32.dll
0x00007ffefcdd0000 - 0x00007ffefceea000 	C:\WINDOWS\System32\gdi32full.dll
0x00007ffefcf20000 - 0x00007ffefcfbd000 	C:\WINDOWS\System32\msvcp_win.dll
0x00007ffef5e00000 - 0x00007ffef5e0a000 	C:\WINDOWS\SYSTEM32\VERSION.dll
0x00007ffefe710000 - 0x00007ffefe741000 	C:\WINDOWS\System32\IMM32.DLL
0x00007ffed1910000 - 0x00007ffed191c000 	C:\Program Files\Java\jdk-20\bin\vcruntime140_1.dll
0x00007ffebc4a0000 - 0x00007ffebc52e000 	C:\Program Files\Java\jdk-20\bin\msvcp140.dll
0x00007ffe38360000 - 0x00007ffe38ff7000 	C:\Program Files\Java\jdk-20\bin\server\jvm.dll
0x00007ffef60b0000 - 0x00007ffef60e3000 	C:\WINDOWS\SYSTEM32\WINMM.dll
0x00007ffee2ca0000 - 0x00007ffee2ca9000 	C:\WINDOWS\SYSTEM32\WSOCK32.dll
0x00007ffeff310000 - 0x00007ffeff37f000 	C:\WINDOWS\System32\WS2_32.dll
0x00007ffefbbf0000 - 0x00007ffefbc08000 	C:\WINDOWS\SYSTEM32\kernel.appcore.dll
0x00007ffece050000 - 0x00007ffece05a000 	C:\Program Files\Java\jdk-20\bin\jimage.dll
0x00007ffef9fd0000 - 0x00007ffefa1f1000 	C:\WINDOWS\SYSTEM32\DBGHELP.DLL
0x00007ffee9880000 - 0x00007ffee98b1000 	C:\WINDOWS\SYSTEM32\dbgcore.DLL
0x00007ffefcbe0000 - 0x00007ffefcc5f000 	C:\WINDOWS\System32\bcryptPrimitives.dll
0x00007ffec1020000 - 0x00007ffec1046000 	C:\Program Files\Java\jdk-20\bin\java.dll
0x00007ffebb390000 - 0x00007ffebb467000 	C:\Program Files\Java\jdk-20\bin\jsvml.dll
0x00007ffefe850000 - 0x00007ffeff015000 	C:\WINDOWS\System32\SHELL32.dll
0x00007ffefab60000 - 0x00007ffefb3c4000 	C:\WINDOWS\SYSTEM32\windows.storage.dll
0x00007ffefd620000 - 0x00007ffefd996000 	C:\WINDOWS\System32\combase.dll
0x00007ffefa9f0000 - 0x00007ffefab57000 	C:\WINDOWS\SYSTEM32\wintypes.dll
0x00007ffefe140000 - 0x00007ffefe22a000 	C:\WINDOWS\System32\SHCORE.dll
0x00007ffeff3b0000 - 0x00007ffeff40d000 	C:\WINDOWS\System32\shlwapi.dll
0x00007ffefc9e0000 - 0x00007ffefca01000 	C:\WINDOWS\SYSTEM32\profapi.dll
0x00007ffec27e0000 - 0x00007ffec27f3000 	C:\Program Files\Java\jdk-20\bin\net.dll
0x00007ffef76c0000 - 0x00007ffef77d2000 	C:\WINDOWS\SYSTEM32\WINHTTP.dll
0x00007ffefc0c0000 - 0x00007ffefc127000 	C:\WINDOWS\system32\mswsock.dll
0x00007ffec1000000 - 0x00007ffec1016000 	C:\Program Files\Java\jdk-20\bin\nio.dll
0x00007ffec0fe0000 - 0x00007ffec0ff8000 	C:\Program Files\Java\jdk-20\bin\zip.dll
0x00007ffef8ff0000 - 0x00007ffef9000000 	C:\Program Files\Java\jdk-20\bin\verify.dll
0x00007ffebf7e0000 - 0x00007ffebf807000 	C:\Users\alkar\.gradle\native\e1d6ef7f7dcc3fd88c89a11ec53ec762bb8ba0a96d01ffa2cd45eb1d1d8dd5c5\windows-amd64\native-platform.dll
0x00007ffeb2030000 - 0x00007ffeb2174000 	C:\Users\alkar\.gradle\native\0d407fdbe67a94daf76414ababcb853783967236a71b16ec16e742cd7a986fd3\windows-amd64\native-platform-file-events.dll
0x00007ffec18e0000 - 0x00007ffec18ea000 	C:\Program Files\Java\jdk-20\bin\management.dll
0x00007ffec11c0000 - 0x00007ffec11cb000 	C:\Program Files\Java\jdk-20\bin\management_ext.dll
0x00007ffefdf80000 - 0x00007ffefdf88000 	C:\WINDOWS\System32\PSAPI.DLL
0x00007ffefc310000 - 0x00007ffefc328000 	C:\WINDOWS\SYSTEM32\CRYPTSP.dll
0x00007ffefbb50000 - 0x00007ffefbb85000 	C:\WINDOWS\system32\rsaenh.dll
0x00007ffefc1c0000 - 0x00007ffefc1e9000 	C:\WINDOWS\SYSTEM32\USERENV.dll
0x00007ffefc490000 - 0x00007ffefc4b7000 	C:\WINDOWS\SYSTEM32\bcrypt.dll
0x00007ffefc330000 - 0x00007ffefc33c000 	C:\WINDOWS\SYSTEM32\CRYPTBASE.dll
0x00007ffefb680000 - 0x00007ffefb6ad000 	C:\WINDOWS\SYSTEM32\IPHLPAPI.DLL
0x00007ffefe750000 - 0x00007ffefe759000 	C:\WINDOWS\System32\NSI.dll
0x00007ffef7160000 - 0x00007ffef7179000 	C:\WINDOWS\SYSTEM32\dhcpcsvc6.DLL
0x00007ffef74d0000 - 0x00007ffef74ee000 	C:\WINDOWS\SYSTEM32\dhcpcsvc.DLL
0x00007ffefb6b0000 - 0x00007ffefb798000 	C:\WINDOWS\SYSTEM32\DNSAPI.dll
0x00007ffec0030000 - 0x00007ffec0037000 	C:\Program Files\Java\jdk-20\bin\extnet.dll
0x00007ffec0f80000 - 0x00007ffec0f8e000 	C:\Program Files\Java\jdk-20\bin\sunmscapi.dll
0x00007ffefcc60000 - 0x00007ffefcdc2000 	C:\WINDOWS\System32\CRYPT32.dll
0x00007ffefc460000 - 0x00007ffefc48a000 	C:\WINDOWS\SYSTEM32\ncrypt.dll
0x00007ffefc420000 - 0x00007ffefc457000 	C:\WINDOWS\SYSTEM32\NTASN1.dll
0x00007ffedd010000 - 0x00007ffedd018000 	C:\WINDOWS\system32\wshunix.dll

dbghelp: loaded successfully - version: 4.0.5 - missing functions: none
symbol engine: initialized successfully - sym options: 0x614 - pdb path: .;C:\Program Files\Java\jdk-20\bin;C:\WINDOWS\SYSTEM32;C:\WINDOWS\WinSxS\amd64_microsoft.windows.common-controls_6595b64144ccf1df_6.0.22000.120_none_9d947278b86cc467;C:\Program Files\Java\jdk-20\bin\server;C:\Users\alkar\.gradle\native\e1d6ef7f7dcc3fd88c89a11ec53ec762bb8ba0a96d01ffa2cd45eb1d1d8dd5c5\windows-amd64;C:\Users\alkar\.gradle\native\0d407fdbe67a94daf76414ababcb853783967236a71b16ec16e742cd7a986fd3\windows-amd64

VM Arguments:
jvm_args: -XX:MaxMetaspaceSize=512m --add-opens=java.base/java.util=ALL-UNNAMED --add-opens=java.base/java.lang=ALL-UNNAMED --add-opens=java.base/java.lang.invoke=ALL-UNNAMED --add-opens=java.base/java.util=ALL-UNNAMED --add-opens=java.prefs/java.util.prefs=ALL-UNNAMED --add-opens=java.prefs/java.util.prefs=ALL-UNNAMED --add-opens=java.base/java.nio.charset=ALL-UNNAMED --add-opens=java.base/java.net=ALL-UNNAMED --add-opens=java.base/java.util.concurrent.atomic=ALL-UNNAMED -Xmx2048m -Dfile.encoding=UTF-8 -Duser.country=CA -Duser.language=en -Duser.variant 
java_command: org.gradle.launcher.daemon.bootstrap.GradleDaemon 7.5.1
java_class_path (initial): C:\Users\alkar\.gradle\wrapper\dists\gradle-7.5.1-all\1ehga6e77gqps5uk2kc5kf1vc\gradle-7.5.1\lib\gradle-launcher-7.5.1.jar
Launcher Type: SUN_STANDARD

[Global flags]
     intx CICompilerCount                          = 4                                         {product} {ergonomic}
   size_t CompressedClassSpaceSize                 = 432013312                                 {product} {ergonomic}
     uint ConcGCThreads                            = 2                                         {product} {ergonomic}
     uint G1ConcRefinementThreads                  = 8                                         {product} {ergonomic}
   size_t G1HeapRegionSize                         = 1048576                                   {product} {ergonomic}
    uintx GCDrainStackTargetSize                   = 64                                        {product} {ergonomic}
   size_t InitialHeapSize                          = 132120576                                 {product} {ergonomic}
   size_t MarkStackSize                            = 4194304                                   {product} {ergonomic}
   size_t MaxHeapSize                              = 2147483648                                {product} {command line}
   size_t MaxMetaspaceSize                         = 536870912                                 {product} {command line}
   size_t MaxNewSize                               = 1287651328                                {product} {ergonomic}
   size_t MinHeapDeltaBytes                        = 1048576                                   {product} {ergonomic}
   size_t MinHeapSize                              = 8388608                                   {product} {ergonomic}
    uintx NonNMethodCodeHeapSize                   = 5839372                                {pd product} {ergonomic}
    uintx NonProfiledCodeHeapSize                  = 122909434                              {pd product} {ergonomic}
    uintx ProfiledCodeHeapSize                     = 122909434                              {pd product} {ergonomic}
    uintx ReservedCodeCacheSize                    = 251658240                              {pd product} {ergonomic}
     bool SegmentedCodeCache                       = true                                      {product} {ergonomic}
   size_t SoftMaxHeapSize                          = 2147483648                             {manageable} {ergonomic}
     bool UseCompressedClassPointers               = true                           {product lp64_product} {ergonomic}
     bool UseCompressedOops                        = true                           {product lp64_product} {ergonomic}
     bool UseG1GC                                  = true                                      {product} {ergonomic}
     bool UseLargePagesIndividualAllocation        = false                                  {pd product} {ergonomic}

Logging:
Log output configuration:
 #0: stdout all=warning uptime,level,tags foldmultilines=false
 #1: stderr all=off uptime,level,tags foldmultilines=false

Environment Variables:
JAVA_HOME=C:\Program Files\Java\jdk-20
CLASSPATH=C:\Users\alkar\OneDrive\Documents\GitHub\WeatherApp\android\\gradle\wrapper\gradle-wrapper.jar
PATH=C:\Users\alkar\OneDrive\Documents\GitHub\WeatherApp\android\node_modules\.bin;C:\Users\alkar\OneDrive\Documents\GitHub\WeatherApp\node_modules\.bin;C:\Users\alkar\OneDrive\Documents\GitHub\node_modules\.bin;C:\Users\alkar\OneDrive\Documents\node_modules\.bin;C:\Users\alkar\OneDrive\node_modules\.bin;C:\Users\alkar\node_modules\.bin;C:\Users\node_modules\.bin;C:\node_modules\.bin;C:\Program Files\nodejs;C:\Users\alkar\OneDrive\Documents\GitHub\WeatherApp\node_modules\.bin;C:\Users\alkar\OneDrive\Documents\GitHub\WeatherApp\android\node_modules\.bin;C:\Users\alkar\OneDrive\Documents\GitHub\WeatherApp\node_modules\.bin;C:\Users\alkar\OneDrive\Documents\GitHub\node_modules\.bin;C:\Users\alkar\OneDrive\Documents\node_modules\.bin;C:\Users\alkar\OneDrive\node_modules\.bin;C:\Users\alkar\node_modules\.bin;C:\Users\node_modules\.bin;C:\node_modules\.bin;C:\Program Files\nodejs;C:\Users\alkar\OneDrive\Documents\GitHub\WeatherApp\node_modules\.bin;C:\Program Files\Common Files\Oracle\Java\javapath;C:\Program Files (x86)\Common Files\Oracle\Java\javapath;C:\Program Files\AdoptOpenJDK\jdk-11.0.10.9-hotspot\bin;C:\Windows\system32;C:\Windows;C:\Windows\System32\Wbem;C:\Windows\System32\WindowsPowerShell\v1.0\;C:\Windows\System32\OpenSSH\;C:\Program Files (x86)\NVIDIA Corporation\PhysX\Common;C:\Program Files\NVIDIA Corporation\NVIDIA NvDLISR;C:\Program Files\nodejs\;C:\WINDOWS\system32;C:\WINDOWS;C:\WINDOWS\System32\Wbem;C:\WINDOWS\System32\WindowsPowerShell\v1.0\;C:\WINDOWS\System32\OpenSSH\;C:\Program Files\dotnet\;C:\Program Files\PuTTY\;C:\Program Files\Git\cmd;C:\Program Files\MongoDB\Server\6.0\bin;C:\Program Files\Java\jdk-20\bin;C:\Users\alkar\AppData\Local\Microsoft\WindowsApps;C:\Users\alkar\AppData\Local\Programs\Microsoft VS Code\bin;C:\Users\alkar\AppData\Roaming\npm;C:\Users\alkar\AppData\Local\GitHubDesktop\bin;C:\Program Files\heroku\bin;C:\Program Files\MongoDB\Server\6.0\bin\;C:\Users\alkar\Downloads\mongosh-1.6.0-win32-x64\mongosh-1.6.0-win32-x64\bin;
USERNAME=alkar
OS=Windows_NT
PROCESSOR_IDENTIFIER=Intel64 Family 6 Model 165 Stepping 2, GenuineIntel
TMP=C:\Users\alkar\AppData\Local\Temp
TEMP=C:\Users\alkar\AppData\Local\Temp




---------------  S Y S T E M  ---------------

OS:
 Windows 11 , 64 bit Build 22000 (10.0.22000.1761)
OS uptime: 1 days 6:13 hours
Hyper-V role detected

CPU: total 8 (initial active 8) (4 cores per cpu, 2 threads per core) family 6 model 165 stepping 2 microcode 0xf4, cx8, cmov, fxsr, ht, mmx, 3dnowpref, sse, sse2, sse3, ssse3, sse4.1, sse4.2, popcnt, lzcnt, tsc, tscinvbit, avx, avx2, aes, erms, clmul, bmi1, bmi2, adx, fma, vzeroupper, clflush, clflushopt, hv, rdtscp, f16c

Memory: 4k page, system-wide physical 7953M (14M free)
TotalPageFile size 32529M (AvailPageFile size 3M)
current process WorkingSet (physical memory assigned to process): 81M, peak: 213M
current process commit charge ("private bytes"): 318M, peak: 319M

vm_info: Java HotSpot(TM) 64-Bit Server VM (20.0.1+9-29) for windows-amd64 JRE (20.0.1+9-29), built on 2023-03-07T13:56:11Z by "mach5one" with MS VC++ 17.1 (VS2022)

END.
