#
# There is insufficient memory for the Java Runtime Environment to continue.
# Native memory allocation (mmap) failed to map 16777216 bytes for G1 virtual space
# Possible reasons:
#   The system is out of physical RAM or swap space
#   The process is running with CompressedOops enabled, and the Java Heap may be blocking the growth of the native heap
# Possible solutions:
#   Reduce memory load on the system
#   Increase physical memory or swap space
#   Check if swap backing store is full
#   Decrease Java heap size (-Xmx/-Xms)
#   Decrease number of Java threads
#   Decrease Java thread stack sizes (-Xss)
#   Set larger code cache with -XX:ReservedCodeCacheSize=
#   JVM is running with Unscaled Compressed Oops mode in which the Java heap is
#     placed in the first 4GB address space. The Java Heap base address is the
#     maximum limit for the native heap growth. Please use -XX:HeapBaseMinAddress
#     to set the Java Heap base and to place the Java Heap above 4GB virtual address.
# This output file may be truncated or incomplete.
#
#  Out of Memory Error (os_windows.cpp:3528), pid=36376, tid=25828
#
# JRE version: Java(TM) SE Runtime Environment (20.0.1+9) (build 20.0.1+9-29)
# Java VM: Java HotSpot(TM) 64-Bit Server VM (20.0.1+9-29, mixed mode, sharing, tiered, compressed oops, compressed class ptrs, g1 gc, windows-amd64)
# No core dump will be written. Minidumps are not enabled by default on client versions of Windows
#

---------------  S U M M A R Y ------------

Command Line: -XX:MaxMetaspaceSize=512m --add-opens=java.base/java.util=ALL-UNNAMED --add-opens=java.base/java.lang=ALL-UNNAMED --add-opens=java.base/java.lang.invoke=ALL-UNNAMED --add-opens=java.base/java.util=ALL-UNNAMED --add-opens=java.prefs/java.util.prefs=ALL-UNNAMED --add-opens=java.prefs/java.util.prefs=ALL-UNNAMED --add-opens=java.base/java.nio.charset=ALL-UNNAMED --add-opens=java.base/java.net=ALL-UNNAMED --add-opens=java.base/java.util.concurrent.atomic=ALL-UNNAMED -Xmx2048m -Dfile.encoding=UTF-8 -Duser.country=CA -Duser.language=en -Duser.variant org.gradle.launcher.daemon.bootstrap.GradleDaemon 7.5.1

Host: Intel(R) Core(TM) i5-10300H CPU @ 2.50GHz, 8 cores, 7G,  Windows 11 , 64 bit Build 22000 (10.0.22000.1761)
Time: Sat May 27 18:33:36 2023 Canada Central Standard Time elapsed time: 684.165956 seconds (0d 0h 11m 24s)

---------------  T H R E A D  ---------------

Current thread (0x000002359e177750):  VMThread "VM Thread" [stack: 0x000000cb85900000,0x000000cb85a00000] [id=25828]

Stack: [0x000000cb85900000,0x000000cb85a00000]
Native frames: (J=compiled Java code, j=interpreted, Vv=VM code, C=native code)
V  [jvm.dll+0x6bb95a]
V  [jvm.dll+0x8485fa]
V  [jvm.dll+0x84a1f5]
V  [jvm.dll+0x84a8f3]
V  [jvm.dll+0x280b0f]
V  [jvm.dll+0x6b86e9]
V  [jvm.dll+0x6ad2da]
V  [jvm.dll+0x35adf5]
V  [jvm.dll+0x363016]
V  [jvm.dll+0x3b3b3e]
V  [jvm.dll+0x3b3dc5]
V  [jvm.dll+0x32b50a]
V  [jvm.dll+0x32e126]
V  [jvm.dll+0x3381ee]
V  [jvm.dll+0x371a5a]
V  [jvm.dll+0x85023e]
V  [jvm.dll+0x851351]
V  [jvm.dll+0x851859]
V  [jvm.dll+0x851ad3]
V  [jvm.dll+0x7f4b56]
V  [jvm.dll+0x6ba5cb]
C  [ucrtbase.dll+0x26c0c]
C  [KERNEL32.DLL+0x15590]
C  [ntdll.dll+0x485b]

VM_Operation (0x000000cb855ff4a0): G1PauseRemark, mode: safepoint, requested by thread 0x00000235ffcb46d0


---------------  P R O C E S S  ---------------

Threads class SMR info:
_java_thread_list=0x00000235a6a56dc0, length=134, elements={
0x00000235ffc456c0, 0x000002359e19bbe0, 0x000002359e19f540, 0x000002359e19fe80,
0x000002359e1a07c0, 0x000002359e1a1100, 0x000002359e1a1a40, 0x000002359e1a26b0,
0x000002359e1b7280, 0x00000235a24edd10, 0x00000235a24f6b50, 0x00000235a2efabd0,
0x00000235a37fe8a0, 0x00000235a281fae0, 0x00000235a37fd500, 0x00000235a37f9030,
0x00000235a3889d80, 0x00000235a266da50, 0x00000235a266ca60, 0x00000235a266bfc0,
0x00000235a266c510, 0x00000235a266cfb0, 0x00000235a266dfa0, 0x00000235a266afd0,
0x00000235a266b520, 0x00000235a266ba70, 0x00000235a37dc020, 0x00000235a37d7b10,
0x00000235a37dbad0, 0x00000235a37d7070, 0x00000235a37ddab0, 0x00000235a37dd560,
0x00000235a37dc570, 0x00000235a37dd010, 0x00000235a37de550, 0x00000235a37d75c0,
0x00000235a37d8060, 0x00000235a37deaa0, 0x00000235a37daae0, 0x00000235a37d8b00,
0x00000235a37d95a0, 0x00000235a37d9af0, 0x00000235a37da040, 0x00000235a37da590,
0x00000235a37db030, 0x00000235a37db580, 0x00000235a266aa80, 0x00000235a459b050,
0x00000235a459b5a0, 0x00000235a459baf0, 0x00000235a459cae0, 0x00000235a459eac0,
0x00000235a459d030, 0x00000235a459f010, 0x00000235a459f560, 0x00000235a459c040,
0x00000235a459e020, 0x00000235a459c590, 0x00000235a459fab0, 0x00000235a459ab00,
0x00000235a459d580, 0x00000235a45a0ff0, 0x00000235a45a1540, 0x00000235a459dad0,
0x00000235a45a1a90, 0x00000235a45a0000, 0x00000235a459e570, 0x00000235a459a060,
0x00000235a45a0550, 0x00000235a45a0aa0, 0x00000235a459a5b0, 0x00000235a3d6e190,
0x00000235a3d6d6f0, 0x00000235a3d6b710, 0x00000235a3d6b1c0, 0x00000235a3d68740,
0x00000235a3d6ac70, 0x00000235a3d6c1b0, 0x00000235a3d6d1a0, 0x00000235a3d6a1d0,
0x00000235a3d6bc60, 0x00000235a3d68c90, 0x00000235a3d67200, 0x00000235a3d6dc40,
0x00000235a3d6c700, 0x00000235a3d6cc50, 0x00000235a3d6e6e0, 0x00000235a3d67ca0,
0x00000235a3d681f0, 0x00000235a3d691e0, 0x00000235a3d69730, 0x00000235a37d85b0,
0x00000235a6e02a90, 0x00000235a6dffac0, 0x00000235a6dfbb00, 0x00000235a6dfe030,
0x00000235a6e01550, 0x00000235a6dfc050, 0x00000235a6e01000, 0x00000235a6dfb060,
0x00000235a6dfead0, 0x00000235a6dfe580, 0x00000235a6dff020, 0x00000235a6dfd590,
0x00000235a6dfd040, 0x00000235a6dff570, 0x00000235a6e00010, 0x00000235a6e01ff0,
0x00000235a6dfdae0, 0x00000235a6e00560, 0x00000235a6e01aa0, 0x00000235a6e00ab0,
0x00000235a6e02540, 0x00000235a6dfc5a0, 0x00000235a6dfcaf0, 0x00000235a6cc65b0,
0x00000235a6cc8040, 0x00000235a6cc8590, 0x00000235a6ccb560, 0x00000235a6ccaac0,
0x00000235a6cc8ae0, 0x00000235a6cc9ad0, 0x00000235a6cc6060, 0x00000235a6cca020,
0x00000235a6cc6b00, 0x00000235a6cc3b30, 0x00000235a6cc4080, 0x00000235a6cc55c0,
0x00000235a6cc9580, 0x00000235a6cc5070, 0x00000235a6cc7050, 0x00000235a6cc75a0,
0x00000235a6cc9030, 0x00000235a6cc4b20
}

Java Threads: ( => current thread )
  0x00000235ffc456c0 JavaThread "main" [_thread_blocked, id=36732, stack(0x000000cb85300000,0x000000cb85400000)]
  0x000002359e19bbe0 JavaThread "Reference Handler" daemon [_thread_blocked, id=28864, stack(0x000000cb85b00000,0x000000cb85c00000)]
  0x000002359e19f540 JavaThread "Finalizer" daemon [_thread_blocked, id=34464, stack(0x000000cb85c00000,0x000000cb85d00000)]
  0x000002359e19fe80 JavaThread "Signal Dispatcher" daemon [_thread_blocked, id=9288, stack(0x000000cb85d00000,0x000000cb85e00000)]
  0x000002359e1a07c0 JavaThread "Attach Listener" daemon [_thread_blocked, id=13708, stack(0x000000cb85e00000,0x000000cb85f00000)]
  0x000002359e1a1100 JavaThread "Service Thread" daemon [_thread_blocked, id=27764, stack(0x000000cb85f00000,0x000000cb86000000)]
  0x000002359e1a1a40 JavaThread "Monitor Deflation Thread" daemon [_thread_blocked, id=27852, stack(0x000000cb86000000,0x000000cb86100000)]
  0x000002359e1a26b0 JavaThread "C2 CompilerThread0" daemon [_thread_blocked, id=21148, stack(0x000000cb86100000,0x000000cb86200000)]
  0x000002359e1b7280 JavaThread "C1 CompilerThread0" daemon [_thread_blocked, id=13124, stack(0x000000cb86200000,0x000000cb86300000)]
  0x00000235a24edd10 JavaThread "Common-Cleaner" daemon [_thread_blocked, id=9384, stack(0x000000cb86300000,0x000000cb86400000)]
  0x00000235a24f6b50 JavaThread "Notification Thread" daemon [_thread_blocked, id=27848, stack(0x000000cb86400000,0x000000cb86500000)]
  0x00000235a2efabd0 JavaThread "Daemon health stats" [_thread_blocked, id=30376, stack(0x000000cb86a00000,0x000000cb86b00000)]
  0x00000235a37fe8a0 JavaThread "Incoming local TCP Connector on port 62652" [_thread_in_native, id=28988, stack(0x000000cb86b00000,0x000000cb86c00000)]
  0x00000235a281fae0 JavaThread "Daemon periodic checks" [_thread_blocked, id=31488, stack(0x000000cb86c00000,0x000000cb86d00000)]
  0x00000235a37fd500 JavaThread "Daemon" [_thread_blocked, id=37436, stack(0x000000cb86d00000,0x000000cb86e00000)]
  0x00000235a37f9030 JavaThread "Handler for socket connection from /127.0.0.1:62652 to /127.0.0.1:62655" [_thread_in_native, id=37472, stack(0x000000cb86e00000,0x000000cb86f00000)]
  0x00000235a3889d80 JavaThread "Cancel handler" [_thread_blocked, id=37700, stack(0x000000cb86f00000,0x000000cb87000000)]
  0x00000235a266da50 JavaThread "Daemon worker" [_thread_blocked, id=37748, stack(0x000000cb87000000,0x000000cb87100000)]
  0x00000235a266ca60 JavaThread "Asynchronous log dispatcher for DefaultDaemonConnection: socket connection from /127.0.0.1:62652 to /127.0.0.1:62655" [_thread_blocked, id=37784, stack(0x000000cb87100000,0x000000cb87200000)]
  0x00000235a266bfc0 JavaThread "Daemon client event forwarder" [_thread_blocked, id=37800, stack(0x000000cb87300000,0x000000cb87400000)]
  0x00000235a266c510 JavaThread "Cache worker for journal cache (C:\Users\alkar\.gradle\caches\journal-1)" [_thread_blocked, id=37540, stack(0x000000cb87400000,0x000000cb87500000)]
  0x00000235a266cfb0 JavaThread "File lock request listener" [_thread_in_native, id=37548, stack(0x000000cb87500000,0x000000cb87600000)]
  0x00000235a266dfa0 JavaThread "Cache worker for file hash cache (C:\Users\alkar\.gradle\caches\7.5.1\fileHashes)" [_thread_blocked, id=32252, stack(0x000000cb87700000,0x000000cb87800000)]
  0x00000235a266afd0 JavaThread "File watcher server" daemon [_thread_in_native, id=37196, stack(0x000000cb87b00000,0x000000cb87c00000)]
  0x00000235a266b520 JavaThread "File watcher consumer" daemon [_thread_blocked, id=28804, stack(0x000000cb87c00000,0x000000cb87d00000)]
  0x00000235a266ba70 JavaThread "Cache worker for checksums cache (C:\Users\alkar\OneDrive\Documents\GitHub\WeatherApp\android\.gradle\7.5.1\checksums)" [_thread_blocked, id=37024, stack(0x000000cb87d00000,0x000000cb87e00000)]
  0x00000235a37dc020 JavaThread "Cache worker for cache directory md-rule (C:\Users\alkar\.gradle\caches\7.5.1\md-rule)" [_thread_blocked, id=35896, stack(0x000000cb88100000,0x000000cb88200000)]
  0x00000235a37d7b10 JavaThread "Cache worker for file content cache (C:\Users\alkar\.gradle\caches\7.5.1\fileContent)" [_thread_blocked, id=20972, stack(0x000000cb88200000,0x000000cb88300000)]
  0x00000235a37dbad0 JavaThread "Cache worker for file hash cache (C:\Users\alkar\OneDrive\Documents\GitHub\WeatherApp\android\.gradle\7.5.1\fileHashes)" [_thread_blocked, id=37516, stack(0x000000cb88300000,0x000000cb88400000)]
  0x00000235a37d7070 JavaThread "Cache worker for cache directory md-supplier (C:\Users\alkar\.gradle\caches\7.5.1\md-supplier)" [_thread_blocked, id=13200, stack(0x000000cb88400000,0x000000cb88500000)]
  0x00000235a37ddab0 JavaThread "Cache worker for execution history cache (C:\Users\alkar\.gradle\caches\7.5.1\executionHistory)" [_thread_blocked, id=35516, stack(0x000000cb88500000,0x000000cb88600000)]
  0x00000235a37dd560 JavaThread "jar transforms" [_thread_blocked, id=37572, stack(0x000000cb85100000,0x000000cb85200000)]
  0x00000235a37dc570 JavaThread "jar transforms Thread 2" [_thread_blocked, id=12204, stack(0x000000cb88600000,0x000000cb88700000)]
  0x00000235a37dd010 JavaThread "jar transforms Thread 3" [_thread_blocked, id=36688, stack(0x000000cb88700000,0x000000cb88800000)]
  0x00000235a37de550 JavaThread "jar transforms Thread 4" [_thread_blocked, id=33020, stack(0x000000cb88800000,0x000000cb88900000)]
  0x00000235a37d75c0 JavaThread "Cache worker for kotlin-dsl (C:\Users\alkar\.gradle\caches\7.5.1\kotlin-dsl)" [_thread_blocked, id=1760, stack(0x000000cb85200000,0x000000cb85300000)]
  0x00000235a37d8060 JavaThread "jar transforms Thread 5" [_thread_blocked, id=39364, stack(0x000000cb85a00000,0x000000cb85b00000)]
  0x00000235a37deaa0 JavaThread "jar transforms Thread 6" [_thread_blocked, id=3132, stack(0x000000cb87200000,0x000000cb87300000)]
  0x00000235a37daae0 JavaThread "Cache worker for dependencies-accessors (C:\Users\alkar\OneDrive\Documents\GitHub\WeatherApp\android\.gradle\7.5.1\dependencies-accessors)" [_thread_blocked, id=31260, stack(0x000000cb87f00000,0x000000cb88000000)]
  0x00000235a37d8b00 JavaThread "Cache worker for Build Output Cleanup Cache (C:\Users\alkar\OneDrive\Documents\GitHub\WeatherApp\node_modules\react-native-gradle-plugin\.gradle\buildOutputCleanup)" [_thread_blocked, id=40344, stack(0x000000cb88900000,0x000000cb88a00000)]
  0x00000235a37d95a0 JavaThread "jar transforms Thread 7" [_thread_blocked, id=30180, stack(0x000000cb87e00000,0x000000cb87f00000)]
  0x00000235a37d9af0 JavaThread "Unconstrained build operations" [_thread_blocked, id=19268, stack(0x000000cb88a00000,0x000000cb88b00000)]
  0x00000235a37da040 JavaThread "Unconstrained build operations Thread 2" [_thread_blocked, id=20128, stack(0x000000cb88b00000,0x000000cb88c00000)]
  0x00000235a37da590 JavaThread "Unconstrained build operations Thread 3" [_thread_blocked, id=23100, stack(0x000000cb88c00000,0x000000cb88d00000)]
  0x00000235a37db030 JavaThread "Unconstrained build operations Thread 4" [_thread_blocked, id=32360, stack(0x000000cb88d00000,0x000000cb88e00000)]
  0x00000235a37db580 JavaThread "Unconstrained build operations Thread 5" [_thread_blocked, id=40272, stack(0x000000cb88e00000,0x000000cb88f00000)]
  0x00000235a266aa80 JavaThread "Unconstrained build operations Thread 6" [_thread_blocked, id=28004, stack(0x000000cb88f00000,0x000000cb89000000)]
  0x00000235a459b050 JavaThread "Unconstrained build operations Thread 7" [_thread_blocked, id=38276, stack(0x000000cb89000000,0x000000cb89100000)]
  0x00000235a459b5a0 JavaThread "Unconstrained build operations Thread 8" [_thread_blocked, id=36436, stack(0x000000cb89100000,0x000000cb89200000)]
  0x00000235a459baf0 JavaThread "Unconstrained build operations Thread 9" [_thread_blocked, id=34480, stack(0x000000cb89200000,0x000000cb89300000)]
  0x00000235a459cae0 JavaThread "Unconstrained build operations Thread 10" [_thread_blocked, id=40080, stack(0x000000cb89300000,0x000000cb89400000)]
  0x00000235a459eac0 JavaThread "Unconstrained build operations Thread 11" [_thread_blocked, id=38184, stack(0x000000cb89400000,0x000000cb89500000)]
  0x00000235a459d030 JavaThread "Unconstrained build operations Thread 12" [_thread_blocked, id=10620, stack(0x000000cb89500000,0x000000cb89600000)]
  0x00000235a459f010 JavaThread "Unconstrained build operations Thread 13" [_thread_blocked, id=39960, stack(0x000000cb89600000,0x000000cb89700000)]
  0x00000235a459f560 JavaThread "Unconstrained build operations Thread 14" [_thread_blocked, id=36344, stack(0x000000cb89700000,0x000000cb89800000)]
  0x00000235a459c040 JavaThread "Unconstrained build operations Thread 15" [_thread_blocked, id=12860, stack(0x000000cb89800000,0x000000cb89900000)]
  0x00000235a459e020 JavaThread "Unconstrained build operations Thread 16" [_thread_blocked, id=12840, stack(0x000000cb89900000,0x000000cb89a00000)]
  0x00000235a459c590 JavaThread "Unconstrained build operations Thread 17" [_thread_blocked, id=1820, stack(0x000000cb89a00000,0x000000cb89b00000)]
  0x00000235a459fab0 JavaThread "Unconstrained build operations Thread 18" [_thread_blocked, id=37892, stack(0x000000cb89b00000,0x000000cb89c00000)]
  0x00000235a459ab00 JavaThread "Unconstrained build operations Thread 19" [_thread_blocked, id=32044, stack(0x000000cb89c00000,0x000000cb89d00000)]
  0x00000235a459d580 JavaThread "Unconstrained build operations Thread 20" [_thread_blocked, id=38208, stack(0x000000cb89d00000,0x000000cb89e00000)]
  0x00000235a45a0ff0 JavaThread "Unconstrained build operations Thread 21" [_thread_blocked, id=32948, stack(0x000000cb89e00000,0x000000cb89f00000)]
  0x00000235a45a1540 JavaThread "Unconstrained build operations Thread 22" [_thread_blocked, id=25972, stack(0x000000cb89f00000,0x000000cb8a000000)]
  0x00000235a459dad0 JavaThread "Unconstrained build operations Thread 23" [_thread_blocked, id=25232, stack(0x000000cb8a000000,0x000000cb8a100000)]
  0x00000235a45a1a90 JavaThread "Unconstrained build operations Thread 24" [_thread_blocked, id=28876, stack(0x000000cb8a100000,0x000000cb8a200000)]
  0x00000235a45a0000 JavaThread "Unconstrained build operations Thread 25" [_thread_blocked, id=40248, stack(0x000000cb8a200000,0x000000cb8a300000)]
  0x00000235a459e570 JavaThread "Unconstrained build operations Thread 26" [_thread_blocked, id=32960, stack(0x000000cb8a300000,0x000000cb8a400000)]
  0x00000235a459a060 JavaThread "Unconstrained build operations Thread 27" [_thread_blocked, id=26996, stack(0x000000cb8a400000,0x000000cb8a500000)]
  0x00000235a45a0550 JavaThread "Unconstrained build operations Thread 28" [_thread_blocked, id=32920, stack(0x000000cb8a500000,0x000000cb8a600000)]
  0x00000235a45a0aa0 JavaThread "Unconstrained build operations Thread 29" [_thread_blocked, id=38244, stack(0x000000cb8a600000,0x000000cb8a700000)]
  0x00000235a459a5b0 JavaThread "Unconstrained build operations Thread 30" [_thread_blocked, id=37992, stack(0x000000cb8a700000,0x000000cb8a800000)]
  0x00000235a3d6e190 JavaThread "Unconstrained build operations Thread 31" [_thread_blocked, id=25460, stack(0x000000cb8a800000,0x000000cb8a900000)]
  0x00000235a3d6d6f0 JavaThread "Unconstrained build operations Thread 32" [_thread_blocked, id=38312, stack(0x000000cb8a900000,0x000000cb8aa00000)]
  0x00000235a3d6b710 JavaThread "Unconstrained build operations Thread 33" [_thread_blocked, id=38168, stack(0x000000cb8aa00000,0x000000cb8ab00000)]
  0x00000235a3d6b1c0 JavaThread "jar transforms Thread 8" [_thread_blocked, id=40176, stack(0x000000cb8ab00000,0x000000cb8ac00000)]
  0x00000235a3d68740 JavaThread "build event listener" [_thread_blocked, id=28768, stack(0x000000cb8ac00000,0x000000cb8ad00000)]
  0x00000235a3d6ac70 JavaThread "Memory manager" [_thread_blocked, id=29744, stack(0x000000cb8ad00000,0x000000cb8ae00000)]
  0x00000235a3d6c1b0 JavaThread "Cache worker for Build Output Cleanup Cache (C:\Users\alkar\OneDrive\Documents\GitHub\WeatherApp\android\.gradle\buildOutputCleanup)" [_thread_blocked, id=35648, stack(0x000000cb8b000000,0x000000cb8b100000)]
  0x00000235a3d6d1a0 JavaThread "Execution worker" [_thread_blocked, id=28220, stack(0x000000cb8af00000,0x000000cb8b000000)]
  0x00000235a3d6a1d0 JavaThread "Execution worker Thread 2" [_thread_blocked, id=42040, stack(0x000000cb8b100000,0x000000cb8b200000)]
  0x00000235a3d6bc60 JavaThread "Execution worker Thread 3" [_thread_blocked, id=38512, stack(0x000000cb8b200000,0x000000cb8b300000)]
  0x00000235a3d68c90 JavaThread "Execution worker Thread 4" [_thread_blocked, id=42828, stack(0x000000cb8b300000,0x000000cb8b400000)]
  0x00000235a3d67200 JavaThread "Execution worker Thread 5" [_thread_blocked, id=42408, stack(0x000000cb8b400000,0x000000cb8b500000)]
  0x00000235a3d6dc40 JavaThread "Execution worker Thread 6" [_thread_blocked, id=42984, stack(0x000000cb8b500000,0x000000cb8b600000)]
  0x00000235a3d6c700 JavaThread "Execution worker Thread 7" [_thread_blocked, id=43136, stack(0x000000cb8b600000,0x000000cb8b700000)]
  0x00000235a3d6cc50 JavaThread "Cache worker for execution history cache (C:\Users\alkar\OneDrive\Documents\GitHub\WeatherApp\node_modules\react-native-gradle-plugin\.gradle\7.5.1\executionHistory)" [_thread_blocked, id=43004, stack(0x000000cb8b700000,0x000000cb8b800000)]
  0x00000235a3d6e6e0 JavaThread "Unconstrained build operations Thread 34" [_thread_blocked, id=16212, stack(0x000000cb8b800000,0x000000cb8b900000)]
  0x00000235a3d67ca0 JavaThread "Unconstrained build operations Thread 35" [_thread_blocked, id=1120, stack(0x000000cb8b900000,0x000000cb8ba00000)]
  0x00000235a3d681f0 JavaThread "Unconstrained build operations Thread 36" [_thread_blocked, id=42308, stack(0x000000cb8ba00000,0x000000cb8bb00000)]
  0x00000235a3d691e0 JavaThread "Unconstrained build operations Thread 37" [_thread_blocked, id=41916, stack(0x000000cb8bb00000,0x000000cb8bc00000)]
  0x00000235a3d69730 JavaThread "Unconstrained build operations Thread 38" [_thread_blocked, id=41656, stack(0x000000cb8bc00000,0x000000cb8bd00000)]
  0x00000235a37d85b0 JavaThread "Unconstrained build operations Thread 39" [_thread_blocked, id=4052, stack(0x000000cb8bd00000,0x000000cb8be00000)]
  0x00000235a6e02a90 JavaThread "Unconstrained build operations Thread 40" [_thread_blocked, id=36980, stack(0x000000cb8be00000,0x000000cb8bf00000)]
  0x00000235a6dffac0 JavaThread "Unconstrained build operations Thread 41" [_thread_blocked, id=11216, stack(0x000000cb8bf00000,0x000000cb8c000000)]
  0x00000235a6dfbb00 JavaThread "Unconstrained build operations Thread 42" [_thread_blocked, id=16380, stack(0x000000cb8c000000,0x000000cb8c100000)]
  0x00000235a6dfe030 JavaThread "Unconstrained build operations Thread 43" [_thread_blocked, id=43724, stack(0x000000cb8c100000,0x000000cb8c200000)]
  0x00000235a6e01550 JavaThread "Unconstrained build operations Thread 44" [_thread_blocked, id=43328, stack(0x000000cb8c200000,0x000000cb8c300000)]
  0x00000235a6dfc050 JavaThread "Unconstrained build operations Thread 45" [_thread_blocked, id=32640, stack(0x000000cb8c300000,0x000000cb8c400000)]
  0x00000235a6e01000 JavaThread "Unconstrained build operations Thread 46" [_thread_blocked, id=41840, stack(0x000000cb8c400000,0x000000cb8c500000)]
  0x00000235a6dfb060 JavaThread "Unconstrained build operations Thread 47" [_thread_blocked, id=26552, stack(0x000000cb8c500000,0x000000cb8c600000)]
  0x00000235a6dfead0 JavaThread "Unconstrained build operations Thread 48" [_thread_blocked, id=29984, stack(0x000000cb8c600000,0x000000cb8c700000)]
  0x00000235a6dfe580 JavaThread "Unconstrained build operations Thread 49" [_thread_blocked, id=41056, stack(0x000000cb8c700000,0x000000cb8c800000)]
  0x00000235a6dff020 JavaThread "Unconstrained build operations Thread 50" [_thread_blocked, id=42684, stack(0x000000cb8c800000,0x000000cb8c900000)]
  0x00000235a6dfd590 JavaThread "Unconstrained build operations Thread 51" [_thread_blocked, id=2736, stack(0x000000cb8c900000,0x000000cb8ca00000)]
  0x00000235a6dfd040 JavaThread "Unconstrained build operations Thread 52" [_thread_blocked, id=42732, stack(0x000000cb8ca00000,0x000000cb8cb00000)]
  0x00000235a6dff570 JavaThread "Unconstrained build operations Thread 53" [_thread_blocked, id=40128, stack(0x000000cb8cb00000,0x000000cb8cc00000)]
  0x00000235a6e00010 JavaThread "Unconstrained build operations Thread 54" [_thread_blocked, id=41020, stack(0x000000cb8cc00000,0x000000cb8cd00000)]
  0x00000235a6e01ff0 JavaThread "Unconstrained build operations Thread 55" [_thread_blocked, id=38120, stack(0x000000cb8cf00000,0x000000cb8d000000)]
  0x00000235a6dfdae0 JavaThread "Unconstrained build operations Thread 56" [_thread_blocked, id=37400, stack(0x000000cb8d000000,0x000000cb8d100000)]
  0x00000235a6e00560 JavaThread "Unconstrained build operations Thread 57" [_thread_blocked, id=24320, stack(0x000000cb8d100000,0x000000cb8d200000)]
  0x00000235a6e01aa0 JavaThread "Unconstrained build operations Thread 58" [_thread_blocked, id=41904, stack(0x000000cb8d200000,0x000000cb8d300000)]
  0x00000235a6e00ab0 JavaThread "Unconstrained build operations Thread 59" [_thread_blocked, id=40072, stack(0x000000cb8d300000,0x000000cb8d400000)]
  0x00000235a6e02540 JavaThread "Unconstrained build operations Thread 60" [_thread_blocked, id=42960, stack(0x000000cb8d400000,0x000000cb8d500000)]
  0x00000235a6dfc5a0 JavaThread "Unconstrained build operations Thread 61" [_thread_blocked, id=12456, stack(0x000000cb8d500000,0x000000cb8d600000)]
  0x00000235a6dfcaf0 JavaThread "Unconstrained build operations Thread 62" [_thread_blocked, id=11896, stack(0x000000cb8d600000,0x000000cb8d700000)]
  0x00000235a6cc65b0 JavaThread "Unconstrained build operations Thread 63" [_thread_blocked, id=37404, stack(0x000000cb8d700000,0x000000cb8d800000)]
  0x00000235a6cc8040 JavaThread "Unconstrained build operations Thread 64" [_thread_blocked, id=21736, stack(0x000000cb8d800000,0x000000cb8d900000)]
  0x00000235a6cc8590 JavaThread "Unconstrained build operations Thread 65" [_thread_blocked, id=27692, stack(0x000000cb8d900000,0x000000cb8da00000)]
  0x00000235a6ccb560 JavaThread "Unconstrained build operations Thread 66" [_thread_blocked, id=10608, stack(0x000000cb8da00000,0x000000cb8db00000)]
  0x00000235a6ccaac0 JavaThread "Unconstrained build operations Thread 67" [_thread_blocked, id=41776, stack(0x000000cb8db00000,0x000000cb8dc00000)]
  0x00000235a6cc8ae0 JavaThread "Unconstrained build operations Thread 68" [_thread_blocked, id=5880, stack(0x000000cb8dc00000,0x000000cb8dd00000)]
  0x00000235a6cc9ad0 JavaThread "Unconstrained build operations Thread 69" [_thread_blocked, id=41836, stack(0x000000cb8dd00000,0x000000cb8de00000)]
  0x00000235a6cc6060 JavaThread "Unconstrained build operations Thread 70" [_thread_blocked, id=30796, stack(0x000000cb8de00000,0x000000cb8df00000)]
  0x00000235a6cca020 JavaThread "Unconstrained build operations Thread 71" [_thread_blocked, id=43364, stack(0x000000cb8df00000,0x000000cb8e000000)]
  0x00000235a6cc6b00 JavaThread "Unconstrained build operations Thread 72" [_thread_blocked, id=8756, stack(0x000000cb8e000000,0x000000cb8e100000)]
  0x00000235a6cc3b30 JavaThread "Unconstrained build operations Thread 73" [_thread_blocked, id=14728, stack(0x000000cb8e100000,0x000000cb8e200000)]
  0x00000235a6cc4080 JavaThread "Unconstrained build operations Thread 74" [_thread_blocked, id=40792, stack(0x000000cb8e200000,0x000000cb8e300000)]
  0x00000235a6cc55c0 JavaThread "Unconstrained build operations Thread 75" [_thread_blocked, id=41484, stack(0x000000cb8e300000,0x000000cb8e400000)]
  0x00000235a6cc9580 JavaThread "Unconstrained build operations Thread 76" [_thread_blocked, id=37692, stack(0x000000cb8e400000,0x000000cb8e500000)]
  0x00000235a6cc5070 JavaThread "Unconstrained build operations Thread 77" [_thread_blocked, id=28048, stack(0x000000cb8e500000,0x000000cb8e600000)]
  0x00000235a6cc7050 JavaThread "Unconstrained build operations Thread 78" [_thread_blocked, id=32848, stack(0x000000cb8e600000,0x000000cb8e700000)]
  0x00000235a6cc75a0 JavaThread "Unconstrained build operations Thread 79" [_thread_blocked, id=33328, stack(0x000000cb8e700000,0x000000cb8e800000)]
  0x00000235a6cc9030 JavaThread "Unconstrained build operations Thread 80" [_thread_blocked, id=37564, stack(0x000000cb8e800000,0x000000cb8e900000)]
  0x00000235a6cc4b20 JavaThread "File lock release action executor Thread 2" [_thread_blocked, id=18544, stack(0x000000cb8e900000,0x000000cb8ea00000)]

Other Threads:
=>0x000002359e177750 VMThread "VM Thread" [stack: 0x000000cb85900000,0x000000cb85a00000] [id=25828]
  0x00000235a24f70a0 WatcherThread "VM Periodic Task Thread" [stack: 0x000000cb86500000,0x000000cb86600000] [id=4952]
  0x00000235ffca3920 WorkerThread "GC Thread#0" [stack: 0x000000cb85400000,0x000000cb85500000] [id=36828]
  0x00000235a25e1cf0 WorkerThread "GC Thread#1" [stack: 0x000000cb86600000,0x000000cb86700000] [id=29976]
  0x00000235a2e65840 WorkerThread "GC Thread#2" [stack: 0x000000cb86700000,0x000000cb86800000] [id=34048]
  0x00000235a2e65b10 WorkerThread "GC Thread#3" [stack: 0x000000cb86800000,0x000000cb86900000] [id=2040]
  0x00000235a2e65570 WorkerThread "GC Thread#4" [stack: 0x000000cb86900000,0x000000cb86a00000] [id=36256]
  0x00000235a4ab7250 WorkerThread "GC Thread#5" [stack: 0x000000cb87800000,0x000000cb87900000] [id=20592]
  0x00000235a4ab99b0 WorkerThread "GC Thread#6" [stack: 0x000000cb87900000,0x000000cb87a00000] [id=18064]
  0x00000235a4ab6170 WorkerThread "GC Thread#7" [stack: 0x000000cb87a00000,0x000000cb87b00000] [id=3112]
  0x00000235ffcb46d0 ConcurrentGCThread "G1 Main Marker" [stack: 0x000000cb85500000,0x000000cb85600000] [id=36832]
  0x00000235ffcb4fa0 WorkerThread "G1 Conc#0" [stack: 0x000000cb85600000,0x000000cb85700000] [id=36836]
  0x00000235a4ab8e70 WorkerThread "G1 Conc#1" [stack: 0x000000cb88000000,0x000000cb88100000] [id=36932]
  0x00000235ffd0ec50 ConcurrentGCThread "G1 Refine#0" [stack: 0x000000cb85700000,0x000000cb85800000] [id=36840]
  0x000002359e039ae0 ConcurrentGCThread "G1 Service" [stack: 0x000000cb85800000,0x000000cb85900000] [id=36844]

Threads with active compile tasks:

VM state: at safepoint (normal execution)

VM Mutex/Monitor currently owned by a thread:  ([mutex/lock_event])
[0x00000235ffc400a0] Threads_lock - owner thread: 0x000002359e177750
[0x00000235ffc40ac0] Heap_lock - owner thread: 0x00000235ffcb46d0

Heap address: 0x0000000080000000, size: 2048 MB, Compressed Oops mode: 32-bit

CDS archive(s) mapped at: [0x0000000800000000-0x0000000800c60000-0x0000000800c60000), size 12976128, SharedBaseAddress: 0x0000000800000000, ArchiveRelocationMode: 0.
Compressed class space mapped at: 0x0000000801000000-0x000000081ac00000, reserved size: 432013312
Narrow klass base: 0x0000000800000000, Narrow klass shift: 0, Narrow klass range: 0x100000000

GC Precious Log:
 CardTable entry size: 512
 Card Set container configuration: InlinePtr #cards 5 size 8 Array Of Cards #cards 12 size 40 Howl #buckets 4 coarsen threshold 1843 Howl Bitmap #cards 512 size 80 coarsen threshold 460 Card regions per heap region 1 cards per card region 2048
 CPUs: 8 total, 8 available
 Memory: 7953M
 Large Page Support: Disabled
 NUMA Support: Disabled
 Compressed Oops: Enabled (32-bit)
 Heap Region Size: 1M
 Heap Min Capacity: 8M
 Heap Initial Capacity: 126M
 Heap Max Capacity: 2G
 Pre-touch: Disabled
 Parallel Workers: 8
 Concurrent Workers: 2
 Concurrent Refinement Workers: 8
 Periodic GC: Disabled

Heap:
 garbage-first heap   total 96256K, used 67818K [0x0000000080000000, 0x0000000100000000)
  region size 1024K, 7 young (7168K), 4 survivors (4096K)
 Metaspace       used 67028K, committed 68864K, reserved 487424K
  class space    used 9310K, committed 10176K, reserved 421888K

Heap Regions: E=young(eden), S=young(survivor), O=old, HS=humongous(starts), HC=humongous(continues), CS=collection set, F=free, OA=open archive, CA=closed archive, TAMS=top-at-mark-start, PB=parsable bottom
|   0|0x0000000080000000, 0x0000000080100000, 0x0000000080100000|100%| O|  |TAMS 0x0000000080100000| PB 0x0000000080100000| Untracked 
|   1|0x0000000080100000, 0x0000000080200000, 0x0000000080200000|100%| O|  |TAMS 0x0000000080200000| PB 0x0000000080200000| Untracked 
|   2|0x0000000080200000, 0x0000000080300000, 0x0000000080300000|100%| O|  |TAMS 0x0000000080300000| PB 0x0000000080300000| Untracked 
|   3|0x0000000080300000, 0x0000000080400000, 0x0000000080400000|100%|HS|  |TAMS 0x0000000080400000| PB 0x0000000080300000| Complete 
|   4|0x0000000080400000, 0x0000000080500000, 0x0000000080500000|100%|HC|  |TAMS 0x0000000080500000| PB 0x0000000080400000| Complete 
|   5|0x0000000080500000, 0x0000000080600000, 0x0000000080600000|100%|HC|  |TAMS 0x0000000080600000| PB 0x0000000080500000| Complete 
|   6|0x0000000080600000, 0x0000000080700000, 0x0000000080700000|100%| O|  |TAMS 0x0000000080700000| PB 0x0000000080700000| Untracked 
|   7|0x0000000080700000, 0x0000000080800000, 0x0000000080800000|100%| O|  |TAMS 0x0000000080800000| PB 0x0000000080800000| Untracked 
|   8|0x0000000080800000, 0x0000000080900000, 0x0000000080900000|100%| O|  |TAMS 0x0000000080900000| PB 0x0000000080900000| Untracked 
|   9|0x0000000080900000, 0x0000000080a00000, 0x0000000080a00000|100%| O|  |TAMS 0x0000000080a00000| PB 0x0000000080a00000| Untracked 
|  10|0x0000000080a00000, 0x0000000080b00000, 0x0000000080b00000|100%| O|  |TAMS 0x0000000080b00000| PB 0x0000000080b00000| Updating 
|  11|0x0000000080b00000, 0x0000000080c00000, 0x0000000080c00000|100%| O|  |TAMS 0x0000000080c00000| PB 0x0000000080c00000| Untracked 
|  12|0x0000000080c00000, 0x0000000080d00000, 0x0000000080d00000|100%| O|  |TAMS 0x0000000080d00000| PB 0x0000000080d00000| Updating 
|  13|0x0000000080d00000, 0x0000000080e00000, 0x0000000080e00000|100%| O|  |TAMS 0x0000000080e00000| PB 0x0000000080e00000| Untracked 
|  14|0x0000000080e00000, 0x0000000080f00000, 0x0000000080f00000|100%| O|  |TAMS 0x0000000080f00000| PB 0x0000000080f00000| Untracked 
|  15|0x0000000080f00000, 0x0000000081000000, 0x0000000081000000|100%| O|  |TAMS 0x0000000081000000| PB 0x0000000081000000| Untracked 
|  16|0x0000000081000000, 0x0000000081100000, 0x0000000081100000|100%| O|  |TAMS 0x0000000081100000| PB 0x0000000081100000| Untracked 
|  17|0x0000000081100000, 0x0000000081200000, 0x0000000081200000|100%| O|  |TAMS 0x0000000081200000| PB 0x0000000081200000| Untracked 
|  18|0x0000000081200000, 0x0000000081300000, 0x0000000081300000|100%| O|  |TAMS 0x0000000081300000| PB 0x0000000081300000| Updating 
|  19|0x0000000081300000, 0x0000000081400000, 0x0000000081400000|100%|HS|  |TAMS 0x0000000081400000| PB 0x0000000081300000| Complete 
|  20|0x0000000081400000, 0x0000000081500000, 0x0000000081500000|100%| O|  |TAMS 0x0000000081500000| PB 0x0000000081500000| Untracked 
|  21|0x0000000081500000, 0x0000000081600000, 0x0000000081600000|100%| O|  |TAMS 0x0000000081600000| PB 0x0000000081600000| Updating 
|  22|0x0000000081600000, 0x0000000081700000, 0x0000000081700000|100%| O|  |TAMS 0x0000000081700000| PB 0x0000000081700000| Untracked 
|  23|0x0000000081700000, 0x0000000081800000, 0x0000000081800000|100%| O|  |TAMS 0x0000000081800000| PB 0x0000000081800000| Untracked 
|  24|0x0000000081800000, 0x0000000081900000, 0x0000000081900000|100%| O|  |TAMS 0x0000000081900000| PB 0x0000000081900000| Untracked 
|  25|0x0000000081900000, 0x0000000081a00000, 0x0000000081a00000|100%| O|  |TAMS 0x0000000081a00000| PB 0x0000000081a00000| Untracked 
|  26|0x0000000081a00000, 0x0000000081b00000, 0x0000000081b00000|100%| O|  |TAMS 0x0000000081b00000| PB 0x0000000081b00000| Untracked 
|  27|0x0000000081b00000, 0x0000000081c00000, 0x0000000081c00000|100%| O|  |TAMS 0x0000000081c00000| PB 0x0000000081c00000| Untracked 
|  28|0x0000000081c00000, 0x0000000081d00000, 0x0000000081d00000|100%| O|  |TAMS 0x0000000081d00000| PB 0x0000000081d00000| Untracked 
|  29|0x0000000081d00000, 0x0000000081e00000, 0x0000000081e00000|100%| O|  |TAMS 0x0000000081e00000| PB 0x0000000081e00000| Untracked 
|  30|0x0000000081e00000, 0x0000000081f00000, 0x0000000081f00000|100%| O|  |TAMS 0x0000000081f00000| PB 0x0000000081f00000| Untracked 
|  31|0x0000000081f00000, 0x0000000082000000, 0x0000000082000000|100%| O|  |TAMS 0x0000000082000000| PB 0x0000000082000000| Untracked 
|  32|0x0000000082000000, 0x0000000082100000, 0x0000000082100000|100%| O|  |TAMS 0x0000000082100000| PB 0x0000000082100000| Updating 
|  33|0x0000000082100000, 0x0000000082200000, 0x0000000082200000|100%| O|  |TAMS 0x0000000082200000| PB 0x0000000082200000| Updating 
|  34|0x0000000082200000, 0x0000000082300000, 0x0000000082300000|100%|HS|  |TAMS 0x0000000082300000| PB 0x0000000082200000| Complete 
|  35|0x0000000082300000, 0x0000000082400000, 0x0000000082400000|100%|HC|  |TAMS 0x0000000082400000| PB 0x0000000082300000| Complete 
|  36|0x0000000082400000, 0x0000000082500000, 0x0000000082500000|100%|HC|  |TAMS 0x0000000082500000| PB 0x0000000082400000| Complete 
|  37|0x0000000082500000, 0x0000000082600000, 0x0000000082600000|100%| O|  |TAMS 0x0000000082600000| PB 0x0000000082600000| Updating 
|  38|0x0000000082600000, 0x0000000082700000, 0x0000000082700000|100%| O|  |TAMS 0x0000000082700000| PB 0x0000000082700000| Untracked 
|  39|0x0000000082700000, 0x0000000082800000, 0x0000000082800000|100%| O|  |TAMS 0x0000000082800000| PB 0x0000000082800000| Untracked 
|  40|0x0000000082800000, 0x0000000082900000, 0x0000000082900000|100%| O|  |TAMS 0x0000000082900000| PB 0x0000000082900000| Untracked 
|  41|0x0000000082900000, 0x0000000082a00000, 0x0000000082a00000|100%| O|  |TAMS 0x0000000082a00000| PB 0x0000000082a00000| Updating 
|  42|0x0000000082a00000, 0x0000000082b00000, 0x0000000082b00000|100%| O|  |TAMS 0x0000000082b00000| PB 0x0000000082b00000| Updating 
|  43|0x0000000082b00000, 0x0000000082c00000, 0x0000000082c00000|100%| O|  |TAMS 0x0000000082c00000| PB 0x0000000082c00000| Untracked 
|  44|0x0000000082c00000, 0x0000000082d00000, 0x0000000082d00000|100%| O|  |TAMS 0x0000000082d00000| PB 0x0000000082d00000| Untracked 
|  45|0x0000000082d00000, 0x0000000082e00000, 0x0000000082e00000|100%| O|  |TAMS 0x0000000082e00000| PB 0x0000000082e00000| Untracked 
|  46|0x0000000082e00000, 0x0000000082f00000, 0x0000000082f00000|100%| O|  |TAMS 0x0000000082f00000| PB 0x0000000082f00000| Untracked 
|  47|0x0000000082f00000, 0x0000000083000000, 0x0000000083000000|100%| O|  |TAMS 0x0000000082f00000| PB 0x0000000082f00000| Untracked 
|  48|0x0000000083000000, 0x0000000083100000, 0x0000000083100000|100%| O|  |TAMS 0x0000000083100000| PB 0x0000000083100000| Updating 
|  49|0x0000000083100000, 0x0000000083200000, 0x0000000083200000|100%| O|  |TAMS 0x0000000083200000| PB 0x0000000083200000| Updating 
|  50|0x0000000083200000, 0x0000000083300000, 0x0000000083300000|100%| O|  |TAMS 0x0000000083300000| PB 0x0000000083300000| Updating 
|  51|0x0000000083300000, 0x0000000083400000, 0x0000000083400000|100%| O|  |TAMS 0x0000000083400000| PB 0x0000000083400000| Untracked 
|  52|0x0000000083400000, 0x0000000083500000, 0x0000000083500000|100%| O|  |TAMS 0x0000000083500000| PB 0x0000000083500000| Untracked 
|  53|0x0000000083500000, 0x0000000083600000, 0x0000000083600000|100%| O|  |TAMS 0x0000000083600000| PB 0x0000000083600000| Updating 
|  54|0x0000000083600000, 0x0000000083700000, 0x0000000083700000|100%|HS|  |TAMS 0x0000000083700000| PB 0x0000000083600000| Complete 
|  55|0x0000000083700000, 0x0000000083800000, 0x0000000083800000|100%|HS|  |TAMS 0x0000000083800000| PB 0x0000000083700000| Complete 
|  56|0x0000000083800000, 0x0000000083900000, 0x0000000083900000|100%| O|  |TAMS 0x00000000838b6000| PB 0x00000000838b6000| Updating 
|  57|0x0000000083900000, 0x000000008393aa00, 0x0000000083a00000| 22%| O|  |TAMS 0x0000000083900000| PB 0x0000000083900000| Updating 
|  58|0x0000000083a00000, 0x0000000083b00000, 0x0000000083b00000|100%|HS|  |TAMS 0x0000000083a00000| PB 0x0000000083a00000| Complete 
|  59|0x0000000083b00000, 0x0000000083c00000, 0x0000000083c00000|100%|HS|  |TAMS 0x0000000083b00000| PB 0x0000000083b00000| Complete 
|  60|0x0000000083c00000, 0x0000000083d00000, 0x0000000083d00000|100%|HC|  |TAMS 0x0000000083c00000| PB 0x0000000083c00000| Complete 
|  61|0x0000000083d00000, 0x0000000083d00000, 0x0000000083e00000|  0%| F|  |TAMS 0x0000000083d00000| PB 0x0000000083d00000| Untracked 
|  62|0x0000000083e00000, 0x0000000083e00000, 0x0000000083f00000|  0%| F|  |TAMS 0x0000000083e00000| PB 0x0000000083e00000| Untracked 
|  63|0x0000000083f00000, 0x0000000083f00000, 0x0000000084000000|  0%| F|  |TAMS 0x0000000083f00000| PB 0x0000000083f00000| Untracked 
|  64|0x0000000084000000, 0x0000000084000000, 0x0000000084100000|  0%| F|  |TAMS 0x0000000084000000| PB 0x0000000084000000| Untracked 
|  65|0x0000000084100000, 0x0000000084100000, 0x0000000084200000|  0%| F|  |TAMS 0x0000000084100000| PB 0x0000000084100000| Untracked 
|  66|0x0000000084200000, 0x0000000084200000, 0x0000000084300000|  0%| F|  |TAMS 0x0000000084200000| PB 0x0000000084200000| Untracked 
|  67|0x0000000084300000, 0x0000000084400000, 0x0000000084400000|100%| S|CS|TAMS 0x0000000084300000| PB 0x0000000084300000| Complete 
|  68|0x0000000084400000, 0x0000000084500000, 0x0000000084500000|100%| S|CS|TAMS 0x0000000084400000| PB 0x0000000084400000| Complete 
|  69|0x0000000084500000, 0x0000000084600000, 0x0000000084600000|100%| S|CS|TAMS 0x0000000084500000| PB 0x0000000084500000| Complete 
|  70|0x0000000084600000, 0x0000000084700000, 0x0000000084700000|100%| S|CS|TAMS 0x0000000084600000| PB 0x0000000084600000| Complete 
|  71|0x0000000084700000, 0x0000000084700000, 0x0000000084800000|  0%| F|  |TAMS 0x0000000084700000| PB 0x0000000084700000| Untracked 
|  72|0x0000000084800000, 0x0000000084800000, 0x0000000084900000|  0%| F|  |TAMS 0x0000000084800000| PB 0x0000000084800000| Untracked 
|  73|0x0000000084900000, 0x0000000084900000, 0x0000000084a00000|  0%| F|  |TAMS 0x0000000084900000| PB 0x0000000084900000| Untracked 
|  74|0x0000000084a00000, 0x0000000084a00000, 0x0000000084b00000|  0%| F|  |TAMS 0x0000000084a00000| PB 0x0000000084a00000| Untracked 
|  75|0x0000000084b00000, 0x0000000084b00000, 0x0000000084c00000|  0%| F|  |TAMS 0x0000000084b00000| PB 0x0000000084b00000| Untracked 
|  76|0x0000000084c00000, 0x0000000084c00000, 0x0000000084d00000|  0%| F|  |TAMS 0x0000000084c00000| PB 0x0000000084c00000| Untracked 
|  77|0x0000000084d00000, 0x0000000084d00000, 0x0000000084e00000|  0%| F|  |TAMS 0x0000000084d00000| PB 0x0000000084d00000| Untracked 
|  78|0x0000000084e00000, 0x0000000084e00000, 0x0000000084f00000|  0%| F|  |TAMS 0x0000000084e00000| PB 0x0000000084e00000| Untracked 
|  79|0x0000000084f00000, 0x0000000084f00000, 0x0000000085000000|  0%| F|  |TAMS 0x0000000084f00000| PB 0x0000000084f00000| Untracked 
|  80|0x0000000085000000, 0x0000000085000000, 0x0000000085100000|  0%| F|  |TAMS 0x0000000085000000| PB 0x0000000085000000| Untracked 
|  81|0x0000000085100000, 0x0000000085100000, 0x0000000085200000|  0%| F|  |TAMS 0x0000000085100000| PB 0x0000000085100000| Untracked 
|  82|0x0000000085200000, 0x0000000085200000, 0x0000000085300000|  0%| F|  |TAMS 0x0000000085200000| PB 0x0000000085200000| Untracked 
|  83|0x0000000085300000, 0x0000000085300000, 0x0000000085400000|  0%| F|  |TAMS 0x0000000085300000| PB 0x0000000085300000| Untracked 
|  84|0x0000000085400000, 0x0000000085400000, 0x0000000085500000|  0%| F|  |TAMS 0x0000000085400000| PB 0x0000000085400000| Untracked 
|  85|0x0000000085500000, 0x0000000085500000, 0x0000000085600000|  0%| F|  |TAMS 0x0000000085500000| PB 0x0000000085500000| Untracked 
|  86|0x0000000085600000, 0x0000000085600000, 0x0000000085700000|  0%| F|  |TAMS 0x0000000085600000| PB 0x0000000085600000| Untracked 
|  87|0x0000000085700000, 0x0000000085700000, 0x0000000085800000|  0%| F|  |TAMS 0x0000000085700000| PB 0x0000000085700000| Untracked 
|  88|0x0000000085800000, 0x0000000085800000, 0x0000000085900000|  0%| F|  |TAMS 0x0000000085800000| PB 0x0000000085800000| Untracked 
|  89|0x0000000085900000, 0x0000000085900000, 0x0000000085a00000|  0%| F|  |TAMS 0x0000000085900000| PB 0x0000000085900000| Untracked 
|  90|0x0000000085a00000, 0x0000000085a00000, 0x0000000085b00000|  0%| F|  |TAMS 0x0000000085a00000| PB 0x0000000085a00000| Untracked 
| 107|0x0000000086b00000, 0x0000000086bfbf80, 0x0000000086c00000| 98%| E|  |TAMS 0x0000000086b00000| PB 0x0000000086b00000| Complete 
| 108|0x0000000086c00000, 0x0000000086d00000, 0x0000000086d00000|100%| E|CS|TAMS 0x0000000086c00000| PB 0x0000000086c00000| Complete 
| 125|0x0000000087d00000, 0x0000000087e00000, 0x0000000087e00000|100%| E|CS|TAMS 0x0000000087d00000| PB 0x0000000087d00000| Complete 

Card table byte_map: [0x0000023598f70000,0x0000023599370000] _byte_map_base: 0x0000023598b70000

Marking Bits: (CMBitMap*) 0x00000235ffca3df0
 Bits: [0x0000023599770000, 0x000002359b770000)

Polling page: 0x00000235ff780000

Metaspace:

Usage:
  Non-class:     56.36 MB used.
      Class:      9.09 MB used.
       Both:     65.46 MB used.

Virtual space:
  Non-class space:       64.00 MB reserved,      57.31 MB ( 90%) committed,  1 nodes.
      Class space:      412.00 MB reserved,       9.94 MB (  2%) committed,  1 nodes.
             Both:      476.00 MB reserved,      67.25 MB ( 14%) committed. 

Chunk freelists:
   Non-Class:  2.58 MB
       Class:  2.08 MB
        Both:  4.66 MB

MaxMetaspaceSize: 512.00 MB
CompressedClassSpaceSize: 412.00 MB
Initial GC threshold: 21.00 MB
Current GC threshold: 107.00 MB
CDS: on
MetaspaceReclaimPolicy: balanced
 - commit_granule_bytes: 65536.
 - commit_granule_words: 8192.
 - virtual_space_node_default_size: 8388608.
 - enlarge_chunks_in_place: 1.
 - new_chunks_are_fully_committed: 0.
 - uncommit_free_chunks: 1.
 - use_allocation_guard: 0.


Internal statistics:

num_allocs_failed_limit: 6.
num_arena_births: 3118.
num_arena_deaths: 0.
num_vsnodes_births: 2.
num_vsnodes_deaths: 0.
num_space_committed: 1076.
num_space_uncommitted: 0.
num_chunks_returned_to_freelist: 6.
num_chunks_taken_from_freelist: 6040.
num_chunk_merges: 6.
num_chunk_splits: 3992.
num_chunks_enlarged: 2585.
num_inconsistent_stats: 0.

CodeHeap 'non-profiled nmethods': size=120000Kb used=4599Kb max_used=4737Kb free=115400Kb
 bounds [0x0000023590ed0000, 0x0000023591380000, 0x0000023598400000]
CodeHeap 'profiled nmethods': size=120000Kb used=15152Kb max_used=15451Kb free=104847Kb
 bounds [0x0000023589400000, 0x000002358a320000, 0x0000023590930000]
CodeHeap 'non-nmethods': size=5760Kb used=2852Kb max_used=2925Kb free=2907Kb
 bounds [0x0000023590930000, 0x0000023590c20000, 0x0000023590ed0000]
 total_blobs=9133 nmethods=8219 adapters=824
 compilation: enabled
              stopped_count=0, restarted_count=0
 full_count=0

Compilation events (20 events):
Event: 683.234 Thread 0x000002359e1a26b0 9739       4       org.gradle.internal.service.DefaultServiceRegistry$SingletonService::get (5 bytes)
Event: 683.260 Thread 0x000002359e1b7280 9740       3       java.lang.reflect.ProxyGenerator::collectCompatibleTypes (93 bytes)
Event: 683.261 Thread 0x000002359e1b7280 nmethod 9740 0x000002358a312310 code [0x000002358a3124e0, 0x000002358a3129e0]
Event: 683.319 Thread 0x000002359e1b7280 9742       3       com.google.common.reflect.Types$JavaVersion$4::usedInGenericType (8 bytes)
Event: 683.320 Thread 0x000002359e1b7280 nmethod 9742 0x000002358a312c10 code [0x000002358a312de0, 0x000002358a313220]
Event: 683.320 Thread 0x000002359e1b7280 9743       3       com.google.common.reflect.Types$JavaVersion$3::usedInGenericType (8 bytes)
Event: 683.320 Thread 0x000002359e1b7280 nmethod 9743 0x000002358a313390 code [0x000002358a313540, 0x000002358a313918]
Event: 683.341 Thread 0x000002359e1b7280 9744       3       org.gradle.internal.instantiation.generator.ManagedObjectFactory::displayNameFor (73 bytes)
Event: 683.343 Thread 0x000002359e1b7280 nmethod 9744 0x000002358a313a90 code [0x000002358a313da0, 0x000002358a3151a0]
Event: 683.483 Thread 0x000002359e1b7280 9745   !   3       jdk.internal.loader.URLClassPath::getLoader (29 bytes)
Event: 683.484 Thread 0x000002359e1b7280 nmethod 9745 0x000002358a315810 code [0x000002358a315a00, 0x000002358a316228]
Event: 683.599 Thread 0x000002359e1a26b0 nmethod 9739 0x0000023591362410 code [0x0000023591362b20, 0x000002359136a218]
Event: 683.600 Thread 0x000002359e1a26b0 9741       4       java.lang.invoke.MemberName$Factory::resolveOrFail (79 bytes)
Event: 683.601 Thread 0x000002359e1b7280 9746       3       java.lang.String::<init> (99 bytes)
Event: 683.602 Thread 0x000002359e1b7280 nmethod 9746 0x000002358a316490 code [0x000002358a316680, 0x000002358a316ca0]
Event: 683.624 Thread 0x000002359e1a26b0 nmethod 9741 0x000002359136d890 code [0x000002359136dae0, 0x000002359136ea40]
Event: 683.630 Thread 0x000002359e1a26b0 9747 %     4       java.util.jar.Manifest$FastInputStream::readLine @ 86 (296 bytes)
Event: 683.640 Thread 0x000002359e1a26b0 nmethod 9747% 0x000002359136f790 code [0x000002359136f940, 0x0000023591370190]
Event: 683.741 Thread 0x000002359e1b7280 9748       3       java.util.concurrent.ConcurrentHashMap::values (25 bytes)
Event: 683.743 Thread 0x000002359e1b7280 nmethod 9748 0x000002358a316e90 code [0x000002358a317040, 0x000002358a3173e0]

GC Heap History (20 events):
Event: 393.509 GC heap before
{Heap before GC invocations=17 (full 0):
 garbage-first heap   total 79872K, used 71795K [0x0000000080000000, 0x0000000100000000)
  region size 1024K, 27 young (27648K), 2 survivors (2048K)
 Metaspace       used 58075K, committed 59840K, reserved 487424K
  class space    used 8136K, committed 8960K, reserved 421888K
}
Event: 393.644 GC heap after
{Heap after GC invocations=18 (full 0):
 garbage-first heap   total 79872K, used 48413K [0x0000000080000000, 0x0000000100000000)
  region size 1024K, 4 young (4096K), 4 survivors (4096K)
 Metaspace       used 58075K, committed 59840K, reserved 487424K
  class space    used 8136K, committed 8960K, reserved 421888K
}
Event: 421.434 GC heap before
{Heap before GC invocations=19 (full 0):
 garbage-first heap   total 83968K, used 69917K [0x0000000080000000, 0x0000000100000000)
  region size 1024K, 25 young (25600K), 4 survivors (4096K)
 Metaspace       used 59246K, committed 60992K, reserved 487424K
  class space    used 8322K, committed 9152K, reserved 421888K
}
Event: 421.567 GC heap after
{Heap after GC invocations=20 (full 0):
 garbage-first heap   total 83968K, used 49182K [0x0000000080000000, 0x0000000100000000)
  region size 1024K, 2 young (2048K), 2 survivors (2048K)
 Metaspace       used 59246K, committed 60992K, reserved 487424K
  class space    used 8322K, committed 9152K, reserved 421888K
}
Event: 492.713 GC heap before
{Heap before GC invocations=20 (full 0):
 garbage-first heap   total 83968K, used 75806K [0x0000000080000000, 0x0000000100000000)
  region size 1024K, 28 young (28672K), 2 survivors (2048K)
 Metaspace       used 59386K, committed 61248K, reserved 487424K
  class space    used 8325K, committed 9216K, reserved 421888K
}
Event: 492.801 GC heap after
{Heap after GC invocations=21 (full 0):
 garbage-first heap   total 83968K, used 49597K [0x0000000080000000, 0x0000000100000000)
  region size 1024K, 2 young (2048K), 2 survivors (2048K)
 Metaspace       used 59386K, committed 61248K, reserved 487424K
  class space    used 8325K, committed 9216K, reserved 421888K
}
Event: 534.544 GC heap before
{Heap before GC invocations=21 (full 0):
 garbage-first heap   total 83968K, used 75197K [0x0000000080000000, 0x0000000100000000)
  region size 1024K, 28 young (28672K), 2 survivors (2048K)
 Metaspace       used 59505K, committed 61312K, reserved 487424K
  class space    used 8327K, committed 9216K, reserved 421888K
}
Event: 534.635 GC heap after
{Heap after GC invocations=22 (full 0):
 garbage-first heap   total 83968K, used 50447K [0x0000000080000000, 0x0000000100000000)
  region size 1024K, 3 young (3072K), 3 survivors (3072K)
 Metaspace       used 59505K, committed 61312K, reserved 487424K
  class space    used 8327K, committed 9216K, reserved 421888K
}
Event: 579.685 GC heap before
{Heap before GC invocations=23 (full 0):
 garbage-first heap   total 87040K, used 73999K [0x0000000080000000, 0x0000000100000000)
  region size 1024K, 27 young (27648K), 3 survivors (3072K)
 Metaspace       used 60057K, committed 61888K, reserved 487424K
  class space    used 8395K, committed 9280K, reserved 421888K
}
Event: 579.781 GC heap after
{Heap after GC invocations=24 (full 0):
 garbage-first heap   total 87040K, used 51438K [0x0000000080000000, 0x0000000100000000)
  region size 1024K, 3 young (3072K), 3 survivors (3072K)
 Metaspace       used 60057K, committed 61888K, reserved 487424K
  class space    used 8395K, committed 9280K, reserved 421888K
}
Event: 601.341 GC heap before
{Heap before GC invocations=24 (full 0):
 garbage-first heap   total 87040K, used 77038K [0x0000000080000000, 0x0000000100000000)
  region size 1024K, 29 young (29696K), 3 survivors (3072K)
 Metaspace       used 61990K, committed 63744K, reserved 487424K
  class space    used 8688K, committed 9536K, reserved 421888K
}
Event: 601.472 GC heap after
{Heap after GC invocations=25 (full 0):
 garbage-first heap   total 87040K, used 53157K [0x0000000080000000, 0x0000000100000000)
  region size 1024K, 4 young (4096K), 4 survivors (4096K)
 Metaspace       used 61990K, committed 63744K, reserved 487424K
  class space    used 8688K, committed 9536K, reserved 421888K
}
Event: 607.638 GC heap before
{Heap before GC invocations=25 (full 0):
 garbage-first heap   total 87040K, used 75685K [0x0000000080000000, 0x0000000100000000)
  region size 1024K, 27 young (27648K), 4 survivors (4096K)
 Metaspace       used 63932K, committed 65728K, reserved 487424K
  class space    used 8933K, committed 9792K, reserved 421888K
}
Event: 607.661 GC heap after
{Heap after GC invocations=26 (full 0):
 garbage-first heap   total 87040K, used 55465K [0x0000000080000000, 0x0000000100000000)
  region size 1024K, 4 young (4096K), 4 survivors (4096K)
 Metaspace       used 63932K, committed 65728K, reserved 487424K
  class space    used 8933K, committed 9792K, reserved 421888K
}
Event: 642.086 GC heap before
{Heap before GC invocations=27 (full 0):
 garbage-first heap   total 96256K, used 74921K [0x0000000080000000, 0x0000000100000000)
  region size 1024K, 24 young (24576K), 4 survivors (4096K)
 Metaspace       used 63944K, committed 65728K, reserved 487424K
  class space    used 8933K, committed 9792K, reserved 421888K
}
Event: 642.213 GC heap after
{Heap after GC invocations=28 (full 0):
 garbage-first heap   total 96256K, used 55825K [0x0000000080000000, 0x0000000100000000)
  region size 1024K, 1 young (1024K), 1 survivors (1024K)
 Metaspace       used 63944K, committed 65728K, reserved 487424K
  class space    used 8933K, committed 9792K, reserved 421888K
}
Event: 680.096 GC heap before
{Heap before GC invocations=28 (full 0):
 garbage-first heap   total 96256K, used 89617K [0x0000000080000000, 0x0000000100000000)
  region size 1024K, 33 young (33792K), 1 survivors (1024K)
 Metaspace       used 64104K, committed 65984K, reserved 487424K
  class space    used 8943K, committed 9856K, reserved 421888K
}
Event: 680.180 GC heap after
{Heap after GC invocations=29 (full 0):
 garbage-first heap   total 96256K, used 58870K [0x0000000080000000, 0x0000000100000000)
  region size 1024K, 2 young (2048K), 2 survivors (2048K)
 Metaspace       used 64104K, committed 65984K, reserved 487424K
  class space    used 8943K, committed 9856K, reserved 421888K
}
Event: 683.548 GC heap before
{Heap before GC invocations=29 (full 0):
 garbage-first heap   total 96256K, used 80374K [0x0000000080000000, 0x0000000100000000)
  region size 1024K, 25 young (25600K), 2 survivors (2048K)
 Metaspace       used 66822K, committed 68672K, reserved 487424K
  class space    used 9282K, committed 10176K, reserved 421888K
}
Event: 683.580 GC heap after
{Heap after GC invocations=30 (full 0):
 garbage-first heap   total 96256K, used 62698K [0x0000000080000000, 0x0000000100000000)
  region size 1024K, 4 young (4096K), 4 survivors (4096K)
 Metaspace       used 66822K, committed 68672K, reserved 487424K
  class space    used 9282K, committed 10176K, reserved 421888K
}

Dll operation events (13 events):
Event: 0.519 Loaded shared library C:\Program Files\Java\jdk-20\bin\java.dll
Event: 1.239 Loaded shared library C:\Program Files\Java\jdk-20\bin\jsvml.dll
Event: 2.619 Loaded shared library C:\Program Files\Java\jdk-20\bin\net.dll
Event: 2.659 Loaded shared library C:\Program Files\Java\jdk-20\bin\nio.dll
Event: 2.742 Loaded shared library C:\Program Files\Java\jdk-20\bin\zip.dll
Event: 6.641 Loaded shared library C:\Program Files\Java\jdk-20\bin\jimage.dll
Event: 7.021 Loaded shared library C:\Program Files\Java\jdk-20\bin\verify.dll
Event: 7.444 Loaded shared library C:\Users\alkar\.gradle\native\e1d6ef7f7dcc3fd88c89a11ec53ec762bb8ba0a96d01ffa2cd45eb1d1d8dd5c5\windows-amd64\native-platform.dll
Event: 7.527 Loaded shared library C:\Users\alkar\.gradle\native\0d407fdbe67a94daf76414ababcb853783967236a71b16ec16e742cd7a986fd3\windows-amd64\native-platform-file-events.dll
Event: 17.372 Loaded shared library C:\Program Files\Java\jdk-20\bin\management.dll
Event: 17.656 Loaded shared library C:\Program Files\Java\jdk-20\bin\management_ext.dll
Event: 25.101 Loaded shared library C:\Program Files\Java\jdk-20\bin\extnet.dll
Event: 33.804 Loaded shared library C:\Program Files\Java\jdk-20\bin\sunmscapi.dll

Deoptimization events (20 events):
Event: 683.064 Thread 0x00000235a266da50 Uncommon trap: trap_request=0xffffffde fr.pc=0x000002359113e600 relative=0x00000000000003a0
Event: 683.064 Thread 0x00000235a266da50 Uncommon trap: reason=class_check action=maybe_recompile pc=0x000002359113e600 method=java.util.stream.AbstractPipeline.copyIntoWithCancel(Ljava/util/stream/Sink;Ljava/util/Spliterator;)Z @ 32 c2
Event: 683.064 Thread 0x00000235a266da50 DEOPT PACKING pc=0x000002359113e600 sp=0x000000cb870f68f0
Event: 683.064 Thread 0x00000235a266da50 DEOPT UNPACKING pc=0x0000023590999d22 sp=0x000000cb870f6798 mode 2
Event: 683.084 Thread 0x00000235a266da50 Uncommon trap: trap_request=0xffffff45 fr.pc=0x000002359101de6c relative=0x000000000000034c
Event: 683.084 Thread 0x00000235a266da50 Uncommon trap: reason=unstable_if action=reinterpret pc=0x000002359101de6c method=java.lang.AbstractStringBuilder.appendChars(Ljava/lang/String;II)V @ 4 c2
Event: 683.084 Thread 0x00000235a266da50 DEOPT PACKING pc=0x000002359101de6c sp=0x000000cb870f6ba0
Event: 683.084 Thread 0x00000235a266da50 DEOPT UNPACKING pc=0x0000023590999d22 sp=0x000000cb870f6ae0 mode 2
Event: 683.084 Thread 0x00000235a266da50 Uncommon trap: trap_request=0xffffff45 fr.pc=0x0000023590f7b488 relative=0x00000000000003e8
Event: 683.084 Thread 0x00000235a266da50 Uncommon trap: reason=unstable_if action=reinterpret pc=0x0000023590f7b488 method=java.lang.String.<init>(Ljava/lang/AbstractStringBuilder;Ljava/lang/Void;)V @ 19 c2
Event: 683.084 Thread 0x00000235a266da50 DEOPT PACKING pc=0x0000023590f7b488 sp=0x000000cb870f6cf0
Event: 683.084 Thread 0x00000235a266da50 DEOPT UNPACKING pc=0x0000023590999d22 sp=0x000000cb870f6cb8 mode 2
Event: 683.085 Thread 0x00000235a266da50 Uncommon trap: trap_request=0xffffff45 fr.pc=0x000002359101e644 relative=0x0000000000000144
Event: 683.085 Thread 0x00000235a266da50 Uncommon trap: reason=unstable_if action=reinterpret pc=0x000002359101e644 method=java.lang.AbstractStringBuilder.appendChars(Ljava/lang/String;II)V @ 4 c2
Event: 683.085 Thread 0x00000235a266da50 DEOPT PACKING pc=0x000002359101e644 sp=0x000000cb870f6b40
Event: 683.085 Thread 0x00000235a266da50 DEOPT UNPACKING pc=0x0000023590999d22 sp=0x000000cb870f6af0 mode 2
Event: 683.119 Thread 0x00000235a266da50 Uncommon trap: trap_request=0xffffff45 fr.pc=0x00000235911508a8 relative=0x0000000000000668
Event: 683.119 Thread 0x00000235a266da50 Uncommon trap: reason=unstable_if action=reinterpret pc=0x00000235911508a8 method=java.lang.invoke.LambdaForm$BasicType.basicType(C)Ljava/lang/invoke/LambdaForm$BasicType; @ 1 c2
Event: 683.119 Thread 0x00000235a266da50 DEOPT PACKING pc=0x00000235911508a8 sp=0x000000cb870f6c30
Event: 683.119 Thread 0x00000235a266da50 DEOPT UNPACKING pc=0x0000023590999d22 sp=0x000000cb870f6ae0 mode 2

Classes loaded (20 events):
Event: 683.073 Loading class java/text/MessageFormat
Event: 683.078 Loading class java/text/MessageFormat done
Event: 683.080 Loading class java/text/MessageFormat$Field
Event: 683.084 Loading class java/text/MessageFormat$Field done
Event: 683.086 Loading class sun/reflect/generics/repository/FieldRepository
Event: 683.095 Loading class sun/reflect/generics/repository/FieldRepository done
Event: 683.122 Loading class jdk/internal/reflect/MethodHandleBooleanFieldAccessorImpl
Event: 683.123 Loading class jdk/internal/reflect/MethodHandleBooleanFieldAccessorImpl done
Event: 683.468 Loading class javax/xml/stream/XMLStreamException
Event: 683.469 Loading class javax/xml/stream/XMLStreamException done
Event: 683.470 Loading class org/xml/sax/InputSource
Event: 683.470 Loading class org/xml/sax/InputSource done
Event: 683.638 Loading class javax/xml/parsers/DocumentBuilder
Event: 683.639 Loading class javax/xml/parsers/DocumentBuilder done
Event: 683.641 Loading class org/xml/sax/SAXNotRecognizedException
Event: 683.642 Loading class org/xml/sax/SAXNotRecognizedException done
Event: 683.642 Loading class org/xml/sax/SAXNotSupportedException
Event: 683.642 Loading class org/xml/sax/SAXNotSupportedException done
Event: 683.710 Loading class org/w3c/dom/DOMError
Event: 683.713 Loading class org/w3c/dom/DOMError done

Classes unloaded (0 events):
No events

Classes redefined (0 events):
No events

Internal exceptions (20 events):
Event: 389.066 Thread 0x00000235a266da50 Exception <a 'java/lang/ClassNotFoundException'{0x0000000083a48d68}: org/gradle/api/internal/artifacts/DefaultArtifactRepositoryContainerCustomizer> (0x0000000083a48d68) 
thrown [s\open\src\hotspot\share\classfile\systemDictionary.cpp, line 305]
Event: 389.072 Thread 0x00000235a266da50 Exception <a 'java/lang/ClassNotFoundException'{0x0000000083a6dbe8}: org/gradle/api/internal/artifacts/dsl/DefaultRepositoryHandlerCustomizer> (0x0000000083a6dbe8) 
thrown [s\open\src\hotspot\share\classfile\systemDictionary.cpp, line 305]
Event: 389.127 Thread 0x00000235a266da50 Exception <a 'java/lang/ClassNotFoundException'{0x0000000083aa03c8}: org/gradle/api/internal/artifacts/dsl/DefaultRepositoryHandler_DecoratedCustomizer> (0x0000000083aa03c8) 
thrown [s\open\src\hotspot\share\classfile\systemDictionary.cpp, line 305]
Event: 389.820 Thread 0x00000235a266da50 Exception <a 'java/lang/ClassNotFoundException'{0x0000000083937968}: org/gradle/api/internal/artifacts/dsl/dependencies/DefaultDependencyHandler_DecoratedBeanInfo> (0x0000000083937968) 
thrown [s\open\src\hotspot\share\classfile\systemDictionary.cpp, line 305]
Event: 389.832 Thread 0x00000235a266da50 Exception <a 'java/lang/ClassNotFoundException'{0x0000000083949fa0}: org/gradle/api/internal/artifacts/dsl/dependencies/DefaultDependencyHandlerBeanInfo> (0x0000000083949fa0) 
thrown [s\open\src\hotspot\share\classfile\systemDictionary.cpp, line 305]
Event: 389.841 Thread 0x00000235a266da50 Exception <a 'java/lang/ClassNotFoundException'{0x000000008395c598}: org/gradle/api/internal/artifacts/dsl/dependencies/DefaultDependencyHandlerCustomizer> (0x000000008395c598) 
thrown [s\open\src\hotspot\share\classfile\systemDictionary.cpp, line 305]
Event: 389.875 Thread 0x00000235a266da50 Exception <a 'java/lang/ClassNotFoundException'{0x0000000083997658}: org/gradle/api/internal/artifacts/dsl/dependencies/DefaultDependencyHandler_DecoratedCustomizer> (0x0000000083997658) 
thrown [s\open\src\hotspot\share\classfile\systemDictionary.cpp, line 305]
Event: 394.422 Thread 0x00000235a266da50 Exception <a 'java/lang/NoSuchMethodError'{0x0000000087da94d8}: 'java.lang.Object java.lang.invoke.DirectMethodHandle$Holder.newInvokeSpecial(java.lang.Object, java.lang.Object, int)'> (0x0000000087da94d8) 
thrown [s\open\src\hotspot\share\interpreter\linkResolver.cpp, line 773]
Event: 582.245 Thread 0x00000235a266da50 Implicit null exception at 0x0000023591039d60 to 0x0000023591039d90
Event: 582.304 Thread 0x00000235a266da50 Implicit null exception at 0x000002359127a6a0 to 0x000002359127aa28
Event: 582.900 Thread 0x00000235a3d6d1a0 Exception <a 'java/lang/NoSuchMethodError'{0x0000000084eec780}: 'java.lang.Object java.lang.invoke.Invokers$Holder.linkToTargetMethod(java.lang.Object, java.lang.Object, java.lang.Object, int, java.lang.Object, java.lang.Object)'> (0x0000000084eec780) 
thrown [s\open\src\hotspot\share\interpreter\linkResolver.cpp, line 773]
Event: 583.578 Thread 0x00000235a3d67750 Implicit null exception at 0x000002359112de4a to 0x000002359112dfe4
Event: 583.596 Thread 0x00000235a3d67750 Exception <a 'java/lang/NoSuchMethodError'{0x0000000084a3c5d0}: 'int java.lang.invoke.DirectMethodHandle$Holder.invokeSpecial(java.lang.Object, java.lang.Object, java.lang.Object, java.lang.Object, java.lang.Object)'> (0x0000000084a3c5d0) 
thrown [s\open\src\hotspot\share\interpreter\linkResolver.cpp, line 773]
Event: 601.061 Thread 0x00000235a3d67750 Exception <a 'java/lang/NoSuchMethodError'{0x00000000839f44b0}: method resolution failed> (0x00000000839f44b0) 
thrown [s\open\src\hotspot\share\prims\methodHandles.cpp, line 1260]
Event: 679.109 Thread 0x00000235a266da50 Exception <a 'java/lang/ClassNotFoundException'{0x0000000083e1c0f0}: build_ap08ar7ww9qcwdr9twkovkgpaBeanInfo> (0x0000000083e1c0f0) 
thrown [s\open\src\hotspot\share\classfile\systemDictionary.cpp, line 305]
Event: 679.117 Thread 0x00000235a266da50 Exception <a 'java/lang/ClassNotFoundException'{0x0000000083e22a68}: build_ap08ar7ww9qcwdr9twkovkgpaCustomizer> (0x0000000083e22a68) 
thrown [s\open\src\hotspot\share\classfile\systemDictionary.cpp, line 305]
Event: 683.110 Thread 0x00000235a266da50 Exception <a 'java/lang/NoSuchMethodError'{0x0000000084a24328}: 'void java.lang.invoke.Invokers$Holder.invokeExact_MT(java.lang.Object, java.lang.Object, java.lang.Object, java.lang.Object)'> (0x0000000084a24328) 
thrown [s\open\src\hotspot\share\interpreter\linkResolver.cpp, line 773]
Event: 683.126 Thread 0x00000235a266da50 Exception <a 'java/lang/NoSuchMethodError'{0x0000000084a2a518}: 'void java.lang.invoke.DirectMethodHandle$Holder.invokeSpecial(java.lang.Object, java.lang.Object, java.lang.Object, int)'> (0x0000000084a2a518) 
thrown [s\open\src\hotspot\share\interpreter\linkResolver.cpp, line 773]
Event: 683.128 Thread 0x00000235a266da50 Exception <a 'java/lang/NoSuchMethodError'{0x0000000084a2ec80}: 'void java.lang.invoke.DelegatingMethodHandle$Holder.reinvoke_L(java.lang.Object, java.lang.Object, int)'> (0x0000000084a2ec80) 
thrown [s\open\src\hotspot\share\interpreter\linkResolver.cpp, line 773]
Event: 683.132 Thread 0x00000235a266da50 Exception <a 'java/lang/NoSuchMethodError'{0x0000000084a36508}: 'void java.lang.invoke.Invokers$Holder.invokeExact_MT(java.lang.Object, java.lang.Object, int, java.lang.Object)'> (0x0000000084a36508) 
thrown [s\open\src\hotspot\share\interpreter\linkResolver.cpp, line 773]

VM Operations (20 events):
Event: 673.571 Executing VM operation: Cleanup done
Event: 674.580 Executing VM operation: Cleanup
Event: 674.581 Executing VM operation: Cleanup done
Event: 677.622 Executing VM operation: Cleanup
Event: 677.639 Executing VM operation: Cleanup done
Event: 678.649 Executing VM operation: Cleanup
Event: 678.649 Executing VM operation: Cleanup done
Event: 679.657 Executing VM operation: Cleanup
Event: 679.673 Executing VM operation: Cleanup done
Event: 680.095 Executing VM operation: G1CollectForAllocation
Event: 680.181 Executing VM operation: G1CollectForAllocation done
Event: 681.186 Executing VM operation: Cleanup
Event: 681.186 Executing VM operation: Cleanup done
Event: 682.194 Executing VM operation: Cleanup
Event: 682.195 Executing VM operation: Cleanup done
Event: 683.209 Executing VM operation: Cleanup
Event: 683.210 Executing VM operation: Cleanup done
Event: 683.548 Executing VM operation: G1TryInitiateConcMark
Event: 683.580 Executing VM operation: G1TryInitiateConcMark done
Event: 684.067 Executing VM operation: G1PauseRemark

Events (20 events):
Event: 684.142 Thread 0x000002359e177750 flushing nmethod 0x0000023591183e90
Event: 684.142 Thread 0x000002359e177750 flushing nmethod 0x0000023591163d90
Event: 684.142 Thread 0x000002359e177750 flushing nmethod 0x0000023591162a10
Event: 684.142 Thread 0x000002359e177750 flushing nmethod 0x000002359112dc90
Event: 684.142 Thread 0x000002359e177750 flushing nmethod 0x00000235910aeb90
Event: 684.143 Thread 0x000002359e177750 flushing nmethod 0x0000023591124590
Event: 684.143 Thread 0x000002359e177750 flushing nmethod 0x0000023591110110
Event: 684.143 Thread 0x000002359e177750 flushing nmethod 0x0000023591068810
Event: 684.143 Thread 0x000002359e177750 flushing nmethod 0x000002359104da90
Event: 684.143 Thread 0x000002359e177750 flushing nmethod 0x000002359105aa90
Event: 684.143 Thread 0x000002359e177750 flushing nmethod 0x0000023591023f90
Event: 684.143 Thread 0x000002359e177750 flushing nmethod 0x0000023591022d90
Event: 684.143 Thread 0x000002359e177750 flushing nmethod 0x0000023591039b90
Event: 684.143 Thread 0x000002359e177750 flushing nmethod 0x0000023591034090
Event: 684.143 Thread 0x000002359e177750 flushing nmethod 0x0000023591031490
Event: 684.143 Thread 0x000002359e177750 flushing nmethod 0x0000023590fc2e10
Event: 684.143 Thread 0x000002359e177750 flushing nmethod 0x0000023590f39410
Event: 684.143 Thread 0x000002359e177750 flushing nmethod 0x0000023590fb0810
Event: 684.143 Thread 0x000002359e177750 flushing nmethod 0x0000023590f98510
Event: 684.143 Thread 0x000002359e177750 flushing nmethod 0x0000023590f63510


Dynamic libraries:
0x00007ff6d98b0000 - 0x00007ff6d98c0000 	C:\Program Files\Java\jdk-20\bin\java.exe
0x00007ffeff600000 - 0x00007ffeff809000 	C:\WINDOWS\SYSTEM32\ntdll.dll
0x00007ffefe2b0000 - 0x00007ffefe36e000 	C:\WINDOWS\System32\KERNEL32.DLL
0x00007ffefd0e0000 - 0x00007ffefd463000 	C:\WINDOWS\System32\KERNELBASE.dll
0x00007ffefcfc0000 - 0x00007ffefd0d1000 	C:\WINDOWS\System32\ucrtbase.dll
0x00007ffec5150000 - 0x00007ffec5169000 	C:\Program Files\Java\jdk-20\bin\jli.dll
0x00007ffefd9b0000 - 0x00007ffefda5e000 	C:\WINDOWS\System32\ADVAPI32.dll
0x00007ffefded0000 - 0x00007ffefdf73000 	C:\WINDOWS\System32\msvcrt.dll
0x00007ffefe510000 - 0x00007ffefe5ae000 	C:\WINDOWS\System32\sechost.dll
0x00007ffeff020000 - 0x00007ffeff141000 	C:\WINDOWS\System32\RPCRT4.dll
0x00007ffeff410000 - 0x00007ffeff5bd000 	C:\WINDOWS\System32\USER32.dll
0x00007ffefcef0000 - 0x00007ffefcf16000 	C:\WINDOWS\System32\win32u.dll
0x00007ffeff380000 - 0x00007ffeff3a9000 	C:\WINDOWS\System32\GDI32.dll
0x00007ffefcdd0000 - 0x00007ffefceea000 	C:\WINDOWS\System32\gdi32full.dll
0x00007ffefcf20000 - 0x00007ffefcfbd000 	C:\WINDOWS\System32\msvcp_win.dll
0x00007ffec2880000 - 0x00007ffec289b000 	C:\Program Files\Java\jdk-20\bin\VCRUNTIME140.dll
0x00007ffee3d30000 - 0x00007ffee3fd5000 	C:\WINDOWS\WinSxS\amd64_microsoft.windows.common-controls_6595b64144ccf1df_6.0.22000.120_none_9d947278b86cc467\COMCTL32.dll
0x00007ffef5e00000 - 0x00007ffef5e0a000 	C:\WINDOWS\SYSTEM32\VERSION.dll
0x00007ffefe710000 - 0x00007ffefe741000 	C:\WINDOWS\System32\IMM32.DLL
0x00007ffed1910000 - 0x00007ffed191c000 	C:\Program Files\Java\jdk-20\bin\vcruntime140_1.dll
0x00007ffebc4a0000 - 0x00007ffebc52e000 	C:\Program Files\Java\jdk-20\bin\msvcp140.dll
0x00007ffe38360000 - 0x00007ffe38ff7000 	C:\Program Files\Java\jdk-20\bin\server\jvm.dll
0x00007ffee2ca0000 - 0x00007ffee2ca9000 	C:\WINDOWS\SYSTEM32\WSOCK32.dll
0x00007ffeff310000 - 0x00007ffeff37f000 	C:\WINDOWS\System32\WS2_32.dll
0x00007ffef60b0000 - 0x00007ffef60e3000 	C:\WINDOWS\SYSTEM32\WINMM.dll
0x00007ffefbbf0000 - 0x00007ffefbc08000 	C:\WINDOWS\SYSTEM32\kernel.appcore.dll
0x00007ffece050000 - 0x00007ffece05a000 	C:\Program Files\Java\jdk-20\bin\jimage.dll
0x00007ffef9fd0000 - 0x00007ffefa1f1000 	C:\WINDOWS\SYSTEM32\DBGHELP.DLL
0x00007ffee9880000 - 0x00007ffee98b1000 	C:\WINDOWS\SYSTEM32\dbgcore.DLL
0x00007ffefcbe0000 - 0x00007ffefcc5f000 	C:\WINDOWS\System32\bcryptPrimitives.dll
0x00007ffec1020000 - 0x00007ffec1046000 	C:\Program Files\Java\jdk-20\bin\java.dll
0x00007ffebb390000 - 0x00007ffebb467000 	C:\Program Files\Java\jdk-20\bin\jsvml.dll
0x00007ffefe850000 - 0x00007ffeff015000 	C:\WINDOWS\System32\SHELL32.dll
0x00007ffefab60000 - 0x00007ffefb3c4000 	C:\WINDOWS\SYSTEM32\windows.storage.dll
0x00007ffefd620000 - 0x00007ffefd996000 	C:\WINDOWS\System32\combase.dll
0x00007ffefa9f0000 - 0x00007ffefab57000 	C:\WINDOWS\SYSTEM32\wintypes.dll
0x00007ffefe140000 - 0x00007ffefe22a000 	C:\WINDOWS\System32\SHCORE.dll
0x00007ffeff3b0000 - 0x00007ffeff40d000 	C:\WINDOWS\System32\shlwapi.dll
0x00007ffefc9e0000 - 0x00007ffefca01000 	C:\WINDOWS\SYSTEM32\profapi.dll
0x00007ffec27e0000 - 0x00007ffec27f3000 	C:\Program Files\Java\jdk-20\bin\net.dll
0x00007ffef76c0000 - 0x00007ffef77d2000 	C:\WINDOWS\SYSTEM32\WINHTTP.dll
0x00007ffefc0c0000 - 0x00007ffefc127000 	C:\WINDOWS\system32\mswsock.dll
0x00007ffec1000000 - 0x00007ffec1016000 	C:\Program Files\Java\jdk-20\bin\nio.dll
0x00007ffec0fe0000 - 0x00007ffec0ff8000 	C:\Program Files\Java\jdk-20\bin\zip.dll
0x00007ffef8ff0000 - 0x00007ffef9000000 	C:\Program Files\Java\jdk-20\bin\verify.dll
0x00007ffebf7e0000 - 0x00007ffebf807000 	C:\Users\alkar\.gradle\native\e1d6ef7f7dcc3fd88c89a11ec53ec762bb8ba0a96d01ffa2cd45eb1d1d8dd5c5\windows-amd64\native-platform.dll
0x00007ffeb2030000 - 0x00007ffeb2174000 	C:\Users\alkar\.gradle\native\0d407fdbe67a94daf76414ababcb853783967236a71b16ec16e742cd7a986fd3\windows-amd64\native-platform-file-events.dll
0x00007ffec18e0000 - 0x00007ffec18ea000 	C:\Program Files\Java\jdk-20\bin\management.dll
0x00007ffec11c0000 - 0x00007ffec11cb000 	C:\Program Files\Java\jdk-20\bin\management_ext.dll
0x00007ffefdf80000 - 0x00007ffefdf88000 	C:\WINDOWS\System32\PSAPI.DLL
0x00007ffefc310000 - 0x00007ffefc328000 	C:\WINDOWS\SYSTEM32\CRYPTSP.dll
0x00007ffefbb50000 - 0x00007ffefbb85000 	C:\WINDOWS\system32\rsaenh.dll
0x00007ffefc1c0000 - 0x00007ffefc1e9000 	C:\WINDOWS\SYSTEM32\USERENV.dll
0x00007ffefc490000 - 0x00007ffefc4b7000 	C:\WINDOWS\SYSTEM32\bcrypt.dll
0x00007ffefc330000 - 0x00007ffefc33c000 	C:\WINDOWS\SYSTEM32\CRYPTBASE.dll
0x00007ffefb680000 - 0x00007ffefb6ad000 	C:\WINDOWS\SYSTEM32\IPHLPAPI.DLL
0x00007ffefe750000 - 0x00007ffefe759000 	C:\WINDOWS\System32\NSI.dll
0x00007ffef7160000 - 0x00007ffef7179000 	C:\WINDOWS\SYSTEM32\dhcpcsvc6.DLL
0x00007ffef74d0000 - 0x00007ffef74ee000 	C:\WINDOWS\SYSTEM32\dhcpcsvc.DLL
0x00007ffefb6b0000 - 0x00007ffefb798000 	C:\WINDOWS\SYSTEM32\DNSAPI.dll
0x00007ffec0030000 - 0x00007ffec0037000 	C:\Program Files\Java\jdk-20\bin\extnet.dll
0x00007ffec0f80000 - 0x00007ffec0f8e000 	C:\Program Files\Java\jdk-20\bin\sunmscapi.dll
0x00007ffefcc60000 - 0x00007ffefcdc2000 	C:\WINDOWS\System32\CRYPT32.dll
0x00007ffefc460000 - 0x00007ffefc48a000 	C:\WINDOWS\SYSTEM32\ncrypt.dll
0x00007ffefc420000 - 0x00007ffefc457000 	C:\WINDOWS\SYSTEM32\NTASN1.dll
0x00007ffedd010000 - 0x00007ffedd018000 	C:\WINDOWS\system32\wshunix.dll

dbghelp: loaded successfully - version: 4.0.5 - missing functions: none
symbol engine: initialized successfully - sym options: 0x614 - pdb path: .;C:\Program Files\Java\jdk-20\bin;C:\WINDOWS\SYSTEM32;C:\WINDOWS\WinSxS\amd64_microsoft.windows.common-controls_6595b64144ccf1df_6.0.22000.120_none_9d947278b86cc467;C:\Program Files\Java\jdk-20\bin\server;C:\Users\alkar\.gradle\native\e1d6ef7f7dcc3fd88c89a11ec53ec762bb8ba0a96d01ffa2cd45eb1d1d8dd5c5\windows-amd64;C:\Users\alkar\.gradle\native\0d407fdbe67a94daf76414ababcb853783967236a71b16ec16e742cd7a986fd3\windows-amd64

VM Arguments:
jvm_args: -XX:MaxMetaspaceSize=512m --add-opens=java.base/java.util=ALL-UNNAMED --add-opens=java.base/java.lang=ALL-UNNAMED --add-opens=java.base/java.lang.invoke=ALL-UNNAMED --add-opens=java.base/java.util=ALL-UNNAMED --add-opens=java.prefs/java.util.prefs=ALL-UNNAMED --add-opens=java.prefs/java.util.prefs=ALL-UNNAMED --add-opens=java.base/java.nio.charset=ALL-UNNAMED --add-opens=java.base/java.net=ALL-UNNAMED --add-opens=java.base/java.util.concurrent.atomic=ALL-UNNAMED -Xmx2048m -Dfile.encoding=UTF-8 -Duser.country=CA -Duser.language=en -Duser.variant 
java_command: org.gradle.launcher.daemon.bootstrap.GradleDaemon 7.5.1
java_class_path (initial): C:\Users\alkar\.gradle\wrapper\dists\gradle-7.5.1-all\1ehga6e77gqps5uk2kc5kf1vc\gradle-7.5.1\lib\gradle-launcher-7.5.1.jar
Launcher Type: SUN_STANDARD

[Global flags]
     intx CICompilerCount                          = 4                                         {product} {ergonomic}
   size_t CompressedClassSpaceSize                 = 432013312                                 {product} {ergonomic}
     uint ConcGCThreads                            = 2                                         {product} {ergonomic}
     uint G1ConcRefinementThreads                  = 8                                         {product} {ergonomic}
   size_t G1HeapRegionSize                         = 1048576                                   {product} {ergonomic}
    uintx GCDrainStackTargetSize                   = 64                                        {product} {ergonomic}
   size_t InitialHeapSize                          = 132120576                                 {product} {ergonomic}
   size_t MarkStackSize                            = 4194304                                   {product} {ergonomic}
   size_t MaxHeapSize                              = 2147483648                                {product} {command line}
   size_t MaxMetaspaceSize                         = 536870912                                 {product} {command line}
   size_t MaxNewSize                               = 1287651328                                {product} {ergonomic}
   size_t MinHeapDeltaBytes                        = 1048576                                   {product} {ergonomic}
   size_t MinHeapSize                              = 8388608                                   {product} {ergonomic}
    uintx NonNMethodCodeHeapSize                   = 5839372                                {pd product} {ergonomic}
    uintx NonProfiledCodeHeapSize                  = 122909434                              {pd product} {ergonomic}
    uintx ProfiledCodeHeapSize                     = 122909434                              {pd product} {ergonomic}
    uintx ReservedCodeCacheSize                    = 251658240                              {pd product} {ergonomic}
     bool SegmentedCodeCache                       = true                                      {product} {ergonomic}
   size_t SoftMaxHeapSize                          = 2147483648                             {manageable} {ergonomic}
     bool UseCompressedClassPointers               = true                           {product lp64_product} {ergonomic}
     bool UseCompressedOops                        = true                           {product lp64_product} {ergonomic}
     bool UseG1GC                                  = true                                      {product} {ergonomic}
     bool UseLargePagesIndividualAllocation        = false                                  {pd product} {ergonomic}

Logging:
Log output configuration:
 #0: stdout all=warning uptime,level,tags foldmultilines=false
 #1: stderr all=off uptime,level,tags foldmultilines=false

Environment Variables:
JAVA_HOME=C:\Program Files\Java\jdk-20
CLASSPATH=C:\Users\alkar\OneDrive\Documents\GitHub\WeatherApp\android\\gradle\wrapper\gradle-wrapper.jar
PATH=C:\Users\alkar\OneDrive\Documents\GitHub\WeatherApp\android\node_modules\.bin;C:\Users\alkar\OneDrive\Documents\GitHub\WeatherApp\node_modules\.bin;C:\Users\alkar\OneDrive\Documents\GitHub\node_modules\.bin;C:\Users\alkar\OneDrive\Documents\node_modules\.bin;C:\Users\alkar\OneDrive\node_modules\.bin;C:\Users\alkar\node_modules\.bin;C:\Users\node_modules\.bin;C:\node_modules\.bin;C:\Program Files\nodejs;C:\Users\alkar\OneDrive\Documents\GitHub\WeatherApp\node_modules\.bin;C:\Users\alkar\OneDrive\Documents\GitHub\WeatherApp\android\node_modules\.bin;C:\Users\alkar\OneDrive\Documents\GitHub\WeatherApp\node_modules\.bin;C:\Users\alkar\OneDrive\Documents\GitHub\node_modules\.bin;C:\Users\alkar\OneDrive\Documents\node_modules\.bin;C:\Users\alkar\OneDrive\node_modules\.bin;C:\Users\alkar\node_modules\.bin;C:\Users\node_modules\.bin;C:\node_modules\.bin;C:\Program Files\nodejs;C:\Users\alkar\OneDrive\Documents\GitHub\WeatherApp\node_modules\.bin;C:\Program Files\Common Files\Oracle\Java\javapath;C:\Program Files (x86)\Common Files\Oracle\Java\javapath;C:\Program Files\AdoptOpenJDK\jdk-11.0.10.9-hotspot\bin;C:\Windows\system32;C:\Windows;C:\Windows\System32\Wbem;C:\Windows\System32\WindowsPowerShell\v1.0\;C:\Windows\System32\OpenSSH\;C:\Program Files (x86)\NVIDIA Corporation\PhysX\Common;C:\Program Files\NVIDIA Corporation\NVIDIA NvDLISR;C:\Program Files\nodejs\;C:\WINDOWS\system32;C:\WINDOWS;C:\WINDOWS\System32\Wbem;C:\WINDOWS\System32\WindowsPowerShell\v1.0\;C:\WINDOWS\System32\OpenSSH\;C:\Program Files\dotnet\;C:\Program Files\PuTTY\;C:\Program Files\Git\cmd;C:\Program Files\MongoDB\Server\6.0\bin;C:\Program Files\Java\jdk-20\bin;C:\Users\alkar\AppData\Local\Microsoft\WindowsApps;C:\Users\alkar\AppData\Local\Programs\Microsoft VS Code\bin;C:\Users\alkar\AppData\Roaming\npm;C:\Users\alkar\AppData\Local\GitHubDesktop\bin;C:\Program Files\heroku\bin;C:\Program Files\MongoDB\Server\6.0\bin\;C:\Users\alkar\Downloads\mongosh-1.6.0-win32-x64\mongosh-1.6.0-win32-x64\bin;
USERNAME=alkar
OS=Windows_NT
PROCESSOR_IDENTIFIER=Intel64 Family 6 Model 165 Stepping 2, GenuineIntel
TMP=C:\Users\alkar\AppData\Local\Temp
TEMP=C:\Users\alkar\AppData\Local\Temp




---------------  S Y S T E M  ---------------

OS:
 Windows 11 , 64 bit Build 22000 (10.0.22000.1761)
OS uptime: 1 days 6:13 hours
Hyper-V role detected

CPU: total 8 (initial active 8) (4 cores per cpu, 2 threads per core) family 6 model 165 stepping 2 microcode 0xf4, cx8, cmov, fxsr, ht, mmx, 3dnowpref, sse, sse2, sse3, ssse3, sse4.1, sse4.2, popcnt, lzcnt, tsc, tscinvbit, avx, avx2, aes, erms, clmul, bmi1, bmi2, adx, fma, vzeroupper, clflush, clflushopt, hv, rdtscp, f16c

Memory: 4k page, system-wide physical 7953M (72M free)
TotalPageFile size 32529M (AvailPageFile size 14M)
current process WorkingSet (physical memory assigned to process): 193M, peak: 195M
current process commit charge ("private bytes"): 340M, peak: 356M

vm_info: Java HotSpot(TM) 64-Bit Server VM (20.0.1+9-29) for windows-amd64 JRE (20.0.1+9-29), built on 2023-03-07T13:56:11Z by "mach5one" with MS VC++ 17.1 (VS2022)

END.
